CRITICAL - 2022-01-23 18:55:42 --> Undefined variable: masuk1
#0 /home/hades/Documents/mutiara/apotek-widyaa/app/Views/stok/edit.php(20): CodeIgniter\Debug\Exceptions->errorHandler()
#1 /home/hades/Documents/mutiara/apotek-widyaa/vendor/codeigniter4/framework/system/View/View.php(214): include('/home/hades/Doc...')
#2 /home/hades/Documents/mutiara/apotek-widyaa/vendor/codeigniter4/framework/system/View/View.php(217): CodeIgniter\View\View->CodeIgniter\View\{closure}()
#3 /home/hades/Documents/mutiara/apotek-widyaa/vendor/codeigniter4/framework/system/Common.php(1092): CodeIgniter\View\View->render()
#4 /home/hades/Documents/mutiara/apotek-widyaa/app/Controllers/Stok.php(107): view()
#5 /home/hades/Documents/mutiara/apotek-widyaa/vendor/codeigniter4/framework/system/CodeIgniter.php(802): App\Controllers\Stok->edit()
#6 /home/hades/Documents/mutiara/apotek-widyaa/vendor/codeigniter4/framework/system/CodeIgniter.php(399): CodeIgniter\CodeIgniter->runController()
#7 /home/hades/Documents/mutiara/apotek-widyaa/vendor/codeigniter4/framework/system/CodeIgniter.php(317): CodeIgniter\CodeIgniter->handleRequest()
#8 /home/hades/Documents/mutiara/apotek-widyaa/public/index.php(37): CodeIgniter\CodeIgniter->run()
#9 /home/hades/Documents/mutiara/apotek-widyaa/vendor/codeigniter4/framework/system/Commands/Server/rewrite.php(43): require_once('/home/hades/Doc...')
#10 {main}
CRITICAL - 2022-01-23 19:08:36 --> Undefined variable: masuk1
#0 /home/hades/Documents/mutiara/apotek-widyaa/app/Views/stok/edit.php(20): CodeIgniter\Debug\Exceptions->errorHandler()
#1 /home/hades/Documents/mutiara/apotek-widyaa/vendor/codeigniter4/framework/system/View/View.php(214): include('/home/hades/Doc...')
#2 /home/hades/Documents/mutiara/apotek-widyaa/vendor/codeigniter4/framework/system/View/View.php(217): CodeIgniter\View\View->CodeIgniter\View\{closure}()
#3 /home/hades/Documents/mutiara/apotek-widyaa/vendor/codeigniter4/framework/system/Common.php(1092): CodeIgniter\View\View->render()
#4 /home/hades/Documents/mutiara/apotek-widyaa/app/Controllers/Stok.php(107): view()
#5 /home/hades/Documents/mutiara/apotek-widyaa/vendor/codeigniter4/framework/system/CodeIgniter.php(802): App\Controllers\Stok->edit()
#6 /home/hades/Documents/mutiara/apotek-widyaa/vendor/codeigniter4/framework/system/CodeIgniter.php(399): CodeIgniter\CodeIgniter->runController()
#7 /home/hades/Documents/mutiara/apotek-widyaa/vendor/codeigniter4/framework/system/CodeIgniter.php(317): CodeIgniter\CodeIgniter->handleRequest()
#8 /home/hades/Documents/mutiara/apotek-widyaa/public/index.php(37): CodeIgniter\CodeIgniter->run()
#9 /home/hades/Documents/mutiara/apotek-widyaa/vendor/codeigniter4/framework/system/Commands/Server/rewrite.php(43): require_once('/home/hades/Doc...')
#10 {main}
CRITICAL - 2022-01-23 19:08:45 --> Undefined variable: masuk1
#0 /home/hades/Documents/mutiara/apotek-widyaa/app/Views/stok/edit.php(20): CodeIgniter\Debug\Exceptions->errorHandler()
#1 /home/hades/Documents/mutiara/apotek-widyaa/vendor/codeigniter4/framework/system/View/View.php(214): include('/home/hades/Doc...')
#2 /home/hades/Documents/mutiara/apotek-widyaa/vendor/codeigniter4/framework/system/View/View.php(217): CodeIgniter\View\View->CodeIgniter\View\{closure}()
#3 /home/hades/Documents/mutiara/apotek-widyaa/vendor/codeigniter4/framework/system/Common.php(1092): CodeIgniter\View\View->render()
#4 /home/hades/Documents/mutiara/apotek-widyaa/app/Controllers/Stok.php(107): view()
#5 /home/hades/Documents/mutiara/apotek-widyaa/vendor/codeigniter4/framework/system/CodeIgniter.php(802): App\Controllers\Stok->edit()
#6 /home/hades/Documents/mutiara/apotek-widyaa/vendor/codeigniter4/framework/system/CodeIgniter.php(399): CodeIgniter\CodeIgniter->runController()
#7 /home/hades/Documents/mutiara/apotek-widyaa/vendor/codeigniter4/framework/system/CodeIgniter.php(317): CodeIgniter\CodeIgniter->handleRequest()
#8 /home/hades/Documents/mutiara/apotek-widyaa/public/index.php(37): CodeIgniter\CodeIgniter->run()
#9 /home/hades/Documents/mutiara/apotek-widyaa/vendor/codeigniter4/framework/system/Commands/Server/rewrite.php(43): require_once('/home/hades/Doc...')
#10 {main}
CRITICAL - 2022-01-23 19:08:51 --> Undefined variable: masuk1
#0 /home/hades/Documents/mutiara/apotek-widyaa/app/Views/stok/edit.php(20): CodeIgniter\Debug\Exceptions->errorHandler()
#1 /home/hades/Documents/mutiara/apotek-widyaa/vendor/codeigniter4/framework/system/View/View.php(214): include('/home/hades/Doc...')
#2 /home/hades/Documents/mutiara/apotek-widyaa/vendor/codeigniter4/framework/system/View/View.php(217): CodeIgniter\View\View->CodeIgniter\View\{closure}()
#3 /home/hades/Documents/mutiara/apotek-widyaa/vendor/codeigniter4/framework/system/Common.php(1092): CodeIgniter\View\View->render()
#4 /home/hades/Documents/mutiara/apotek-widyaa/app/Controllers/Stok.php(107): view()
#5 /home/hades/Documents/mutiara/apotek-widyaa/vendor/codeigniter4/framework/system/CodeIgniter.php(802): App\Controllers\Stok->edit()
#6 /home/hades/Documents/mutiara/apotek-widyaa/vendor/codeigniter4/framework/system/CodeIgniter.php(399): CodeIgniter\CodeIgniter->runController()
#7 /home/hades/Documents/mutiara/apotek-widyaa/vendor/codeigniter4/framework/system/CodeIgniter.php(317): CodeIgniter\CodeIgniter->handleRequest()
#8 /home/hades/Documents/mutiara/apotek-widyaa/public/index.php(37): CodeIgniter\CodeIgniter->run()
#9 /home/hades/Documents/mutiara/apotek-widyaa/vendor/codeigniter4/framework/system/Commands/Server/rewrite.php(43): require_once('/home/hades/Doc...')
#10 {main}
CRITICAL - 2022-01-23 19:08:59 --> Undefined variable: masuk1
#0 /home/hades/Documents/mutiara/apotek-widyaa/app/Views/stok/edit.php(20): CodeIgniter\Debug\Exceptions->errorHandler()
#1 /home/hades/Documents/mutiara/apotek-widyaa/vendor/codeigniter4/framework/system/View/View.php(214): include('/home/hades/Doc...')
#2 /home/hades/Documents/mutiara/apotek-widyaa/vendor/codeigniter4/framework/system/View/View.php(217): CodeIgniter\View\View->CodeIgniter\View\{closure}()
#3 /home/hades/Documents/mutiara/apotek-widyaa/vendor/codeigniter4/framework/system/Common.php(1092): CodeIgniter\View\View->render()
#4 /home/hades/Documents/mutiara/apotek-widyaa/app/Controllers/Stok.php(107): view()
#5 /home/hades/Documents/mutiara/apotek-widyaa/vendor/codeigniter4/framework/system/CodeIgniter.php(802): App\Controllers\Stok->edit()
#6 /home/hades/Documents/mutiara/apotek-widyaa/vendor/codeigniter4/framework/system/CodeIgniter.php(399): CodeIgniter\CodeIgniter->runController()
#7 /home/hades/Documents/mutiara/apotek-widyaa/vendor/codeigniter4/framework/system/CodeIgniter.php(317): CodeIgniter\CodeIgniter->handleRequest()
#8 /home/hades/Documents/mutiara/apotek-widyaa/public/index.php(37): CodeIgniter\CodeIgniter->run()
#9 /home/hades/Documents/mutiara/apotek-widyaa/vendor/codeigniter4/framework/system/Commands/Server/rewrite.php(43): require_once('/home/hades/Doc...')
#10 {main}
CRITICAL - 2022-01-23 19:14:40 --> Undefined variable: distributor
#0 /home/hades/Documents/mutiara/apotek-widyaa/app/Views/stok/edit.php(33): CodeIgniter\Debug\Exceptions->errorHandler()
#1 /home/hades/Documents/mutiara/apotek-widyaa/vendor/codeigniter4/framework/system/View/View.php(214): include('/home/hades/Doc...')
#2 /home/hades/Documents/mutiara/apotek-widyaa/vendor/codeigniter4/framework/system/View/View.php(217): CodeIgniter\View\View->CodeIgniter\View\{closure}()
#3 /home/hades/Documents/mutiara/apotek-widyaa/vendor/codeigniter4/framework/system/Common.php(1092): CodeIgniter\View\View->render()
#4 /home/hades/Documents/mutiara/apotek-widyaa/app/Controllers/Stok.php(104): view()
#5 /home/hades/Documents/mutiara/apotek-widyaa/vendor/codeigniter4/framework/system/CodeIgniter.php(802): App\Controllers\Stok->edit()
#6 /home/hades/Documents/mutiara/apotek-widyaa/vendor/codeigniter4/framework/system/CodeIgniter.php(399): CodeIgniter\CodeIgniter->runController()
#7 /home/hades/Documents/mutiara/apotek-widyaa/vendor/codeigniter4/framework/system/CodeIgniter.php(317): CodeIgniter\CodeIgniter->handleRequest()
#8 /home/hades/Documents/mutiara/apotek-widyaa/public/index.php(37): CodeIgniter\CodeIgniter->run()
#9 /home/hades/Documents/mutiara/apotek-widyaa/vendor/codeigniter4/framework/system/Commands/Server/rewrite.php(43): require_once('/home/hades/Doc...')
#10 {main}
