CRITICAL - 2021-12-15 01:16:21 --> syntax error, unexpected 'else' (T_ELSE), expecting end of file
#0 /home/hades/Documents/mutiara/Apotek-widya/vendor/codeigniter4/framework/system/View/View.php(217): CodeIgniter\View\View->CodeIgniter\View\{closure}()
#1 /home/hades/Documents/mutiara/Apotek-widya/vendor/codeigniter4/framework/system/View/View.php(432): CodeIgniter\View\View->render()
#2 /home/hades/Documents/mutiara/Apotek-widya/app/Views/templates/index.php(33): CodeIgniter\View\View->include()
#3 /home/hades/Documents/mutiara/Apotek-widya/vendor/codeigniter4/framework/system/View/View.php(214): include('/home/hades/Doc...')
#4 /home/hades/Documents/mutiara/Apotek-widya/vendor/codeigniter4/framework/system/View/View.php(217): CodeIgniter\View\View->CodeIgniter\View\{closure}()
#5 /home/hades/Documents/mutiara/Apotek-widya/vendor/codeigniter4/framework/system/View/View.php(230): CodeIgniter\View\View->render()
#6 /home/hades/Documents/mutiara/Apotek-widya/vendor/codeigniter4/framework/system/Common.php(1092): CodeIgniter\View\View->render()
#7 /home/hades/Documents/mutiara/Apotek-widya/app/Controllers/User.php(10): view()
#8 /home/hades/Documents/mutiara/Apotek-widya/vendor/codeigniter4/framework/system/CodeIgniter.php(802): App\Controllers\User->index()
#9 /home/hades/Documents/mutiara/Apotek-widya/vendor/codeigniter4/framework/system/CodeIgniter.php(399): CodeIgniter\CodeIgniter->runController()
#10 /home/hades/Documents/mutiara/Apotek-widya/vendor/codeigniter4/framework/system/CodeIgniter.php(317): CodeIgniter\CodeIgniter->handleRequest()
#11 /home/hades/Documents/mutiara/Apotek-widya/public/index.php(37): CodeIgniter\CodeIgniter->run()
#12 /home/hades/Documents/mutiara/Apotek-widya/vendor/codeigniter4/framework/system/Commands/Server/rewrite.php(43): require_once('/home/hades/Doc...')
#13 {main}
CRITICAL - 2021-12-15 01:32:43 --> syntax error, unexpected 'elseif' (T_ELSEIF), expecting end of file
#0 /home/hades/Documents/mutiara/Apotek-widya/vendor/codeigniter4/framework/system/View/View.php(217): CodeIgniter\View\View->CodeIgniter\View\{closure}()
#1 /home/hades/Documents/mutiara/Apotek-widya/vendor/codeigniter4/framework/system/View/View.php(432): CodeIgniter\View\View->render()
#2 /home/hades/Documents/mutiara/Apotek-widya/app/Views/templates/index.php(33): CodeIgniter\View\View->include()
#3 /home/hades/Documents/mutiara/Apotek-widya/vendor/codeigniter4/framework/system/View/View.php(214): include('/home/hades/Doc...')
#4 /home/hades/Documents/mutiara/Apotek-widya/vendor/codeigniter4/framework/system/View/View.php(217): CodeIgniter\View\View->CodeIgniter\View\{closure}()
#5 /home/hades/Documents/mutiara/Apotek-widya/vendor/codeigniter4/framework/system/View/View.php(230): CodeIgniter\View\View->render()
#6 /home/hades/Documents/mutiara/Apotek-widya/vendor/codeigniter4/framework/system/Common.php(1092): CodeIgniter\View\View->render()
#7 /home/hades/Documents/mutiara/Apotek-widya/app/Controllers/User.php(10): view()
#8 /home/hades/Documents/mutiara/Apotek-widya/vendor/codeigniter4/framework/system/CodeIgniter.php(802): App\Controllers\User->index()
#9 /home/hades/Documents/mutiara/Apotek-widya/vendor/codeigniter4/framework/system/CodeIgniter.php(399): CodeIgniter\CodeIgniter->runController()
#10 /home/hades/Documents/mutiara/Apotek-widya/vendor/codeigniter4/framework/system/CodeIgniter.php(317): CodeIgniter\CodeIgniter->handleRequest()
#11 /home/hades/Documents/mutiara/Apotek-widya/public/index.php(37): CodeIgniter\CodeIgniter->run()
#12 /home/hades/Documents/mutiara/Apotek-widya/vendor/codeigniter4/framework/system/Commands/Server/rewrite.php(43): require_once('/home/hades/Doc...')
#13 {main}
ERROR - 2021-12-15 05:33:14 --> Duplicate entry '0' for key 'PRIMARY'
CRITICAL - 2021-12-15 05:33:14 --> Duplicate entry '0' for key 'PRIMARY'
#0 /Users/rizsyadabiyandrariadi/Desktop/apotek-widyaa/vendor/codeigniter4/framework/system/Database/MySQLi/Connection.php(280): mysqli->query('INSERT INTO `au...')
#1 /Users/rizsyadabiyandrariadi/Desktop/apotek-widyaa/vendor/codeigniter4/framework/system/Database/BaseConnection.php(663): CodeIgniter\Database\MySQLi\Connection->execute('INSERT INTO `au...')
#2 /Users/rizsyadabiyandrariadi/Desktop/apotek-widyaa/vendor/codeigniter4/framework/system/Database/BaseConnection.php(591): CodeIgniter\Database\BaseConnection->simpleQuery('INSERT INTO `au...')
#3 /Users/rizsyadabiyandrariadi/Desktop/apotek-widyaa/vendor/codeigniter4/framework/system/Database/BaseBuilder.php(1733): CodeIgniter\Database\BaseConnection->query('INSERT INTO `au...', Array, false)
#4 /Users/rizsyadabiyandrariadi/Desktop/apotek-widyaa/vendor/codeigniter4/framework/system/Model.php(239): CodeIgniter\Database\BaseBuilder->insert()
#5 /Users/rizsyadabiyandrariadi/Desktop/apotek-widyaa/vendor/codeigniter4/framework/system/BaseModel.php(738): CodeIgniter\Model->doInsert(Array)
#6 /Users/rizsyadabiyandrariadi/Desktop/apotek-widyaa/vendor/codeigniter4/framework/system/Model.php(620): CodeIgniter\BaseModel->insert(Array, true)
#7 /Users/rizsyadabiyandrariadi/Desktop/apotek-widyaa/vendor/myth/auth/src/Authentication/AuthenticationBase.php(219): CodeIgniter\Model->insert(Array)
#8 /Users/rizsyadabiyandrariadi/Desktop/apotek-widyaa/vendor/myth/auth/src/Authentication/AuthenticationBase.php(88): Myth\Auth\Authentication\AuthenticationBase->recordLoginAttempt('user@user.com', '::1', 6, true)
#9 /Users/rizsyadabiyandrariadi/Desktop/apotek-widyaa/vendor/myth/auth/src/Authentication/LocalAuthenticator.php(60): Myth\Auth\Authentication\AuthenticationBase->login(Object(Myth\Auth\Entities\User), false)
#10 /Users/rizsyadabiyandrariadi/Desktop/apotek-widyaa/vendor/myth/auth/src/Controllers/AuthController.php(88): Myth\Auth\Authentication\LocalAuthenticator->attempt(Array, false)
#11 /Users/rizsyadabiyandrariadi/Desktop/apotek-widyaa/vendor/codeigniter4/framework/system/CodeIgniter.php(802): Myth\Auth\Controllers\AuthController->attemptLogin()
#12 /Users/rizsyadabiyandrariadi/Desktop/apotek-widyaa/vendor/codeigniter4/framework/system/CodeIgniter.php(399): CodeIgniter\CodeIgniter->runController(Object(Myth\Auth\Controllers\AuthController))
#13 /Users/rizsyadabiyandrariadi/Desktop/apotek-widyaa/vendor/codeigniter4/framework/system/CodeIgniter.php(317): CodeIgniter\CodeIgniter->handleRequest(NULL, Object(Config\Cache), false)
#14 /Users/rizsyadabiyandrariadi/Desktop/apotek-widyaa/public/index.php(37): CodeIgniter\CodeIgniter->run()
#15 /Users/rizsyadabiyandrariadi/Desktop/apotek-widyaa/vendor/codeigniter4/framework/system/Commands/Server/rewrite.php(43): require_once('/Users/rizsyada...')
#16 {main}
ERROR - 2021-12-15 05:35:07 --> Duplicate entry '0' for key 'PRIMARY'
CRITICAL - 2021-12-15 05:35:07 --> Duplicate entry '0' for key 'PRIMARY'
#0 /Users/rizsyadabiyandrariadi/Desktop/apotek-widyaa/vendor/codeigniter4/framework/system/Database/MySQLi/Connection.php(280): mysqli->query('INSERT INTO `au...')
#1 /Users/rizsyadabiyandrariadi/Desktop/apotek-widyaa/vendor/codeigniter4/framework/system/Database/BaseConnection.php(663): CodeIgniter\Database\MySQLi\Connection->execute('INSERT INTO `au...')
#2 /Users/rizsyadabiyandrariadi/Desktop/apotek-widyaa/vendor/codeigniter4/framework/system/Database/BaseConnection.php(591): CodeIgniter\Database\BaseConnection->simpleQuery('INSERT INTO `au...')
#3 /Users/rizsyadabiyandrariadi/Desktop/apotek-widyaa/vendor/codeigniter4/framework/system/Database/BaseBuilder.php(1733): CodeIgniter\Database\BaseConnection->query('INSERT INTO `au...', Array, false)
#4 /Users/rizsyadabiyandrariadi/Desktop/apotek-widyaa/vendor/codeigniter4/framework/system/Model.php(239): CodeIgniter\Database\BaseBuilder->insert()
#5 /Users/rizsyadabiyandrariadi/Desktop/apotek-widyaa/vendor/codeigniter4/framework/system/BaseModel.php(738): CodeIgniter\Model->doInsert(Array)
#6 /Users/rizsyadabiyandrariadi/Desktop/apotek-widyaa/vendor/codeigniter4/framework/system/Model.php(620): CodeIgniter\BaseModel->insert(Array, true)
#7 /Users/rizsyadabiyandrariadi/Desktop/apotek-widyaa/vendor/myth/auth/src/Authentication/AuthenticationBase.php(219): CodeIgniter\Model->insert(Array)
#8 /Users/rizsyadabiyandrariadi/Desktop/apotek-widyaa/vendor/myth/auth/src/Authentication/LocalAuthenticator.php(26): Myth\Auth\Authentication\AuthenticationBase->recordLoginAttempt('ara@admin.com ', '::1', NULL, false)
#9 /Users/rizsyadabiyandrariadi/Desktop/apotek-widyaa/vendor/myth/auth/src/Controllers/AuthController.php(88): Myth\Auth\Authentication\LocalAuthenticator->attempt(Array, false)
#10 /Users/rizsyadabiyandrariadi/Desktop/apotek-widyaa/vendor/codeigniter4/framework/system/CodeIgniter.php(802): Myth\Auth\Controllers\AuthController->attemptLogin()
#11 /Users/rizsyadabiyandrariadi/Desktop/apotek-widyaa/vendor/codeigniter4/framework/system/CodeIgniter.php(399): CodeIgniter\CodeIgniter->runController(Object(Myth\Auth\Controllers\AuthController))
#12 /Users/rizsyadabiyandrariadi/Desktop/apotek-widyaa/vendor/codeigniter4/framework/system/CodeIgniter.php(317): CodeIgniter\CodeIgniter->handleRequest(NULL, Object(Config\Cache), false)
#13 /Users/rizsyadabiyandrariadi/Desktop/apotek-widyaa/public/index.php(37): CodeIgniter\CodeIgniter->run()
#14 /Users/rizsyadabiyandrariadi/Desktop/apotek-widyaa/vendor/codeigniter4/framework/system/Commands/Server/rewrite.php(43): require_once('/Users/rizsyada...')
#15 {main}
CRITICAL - 2021-12-15 05:57:08 --> Undefined index: title
#0 /Users/rizsyadabiyandrariadi/Desktop/apotek-widyaa/app/Views/satuan/index.php(7): CodeIgniter\Debug\Exceptions->errorHandler(8, 'Undefined index...', '/Users/rizsyada...', 7, Array)
#1 /Users/rizsyadabiyandrariadi/Desktop/apotek-widyaa/vendor/codeigniter4/framework/system/View/View.php(214): include('/Users/rizsyada...')
#2 /Users/rizsyadabiyandrariadi/Desktop/apotek-widyaa/vendor/codeigniter4/framework/system/View/View.php(217): CodeIgniter\View\View->CodeIgniter\View\{closure}()
#3 /Users/rizsyadabiyandrariadi/Desktop/apotek-widyaa/vendor/codeigniter4/framework/system/Common.php(1092): CodeIgniter\View\View->render('satuan/index', Array, true)
#4 /Users/rizsyadabiyandrariadi/Desktop/apotek-widyaa/app/Controllers/Satuan.php(30): view('satuan/index', Array)
#5 /Users/rizsyadabiyandrariadi/Desktop/apotek-widyaa/vendor/codeigniter4/framework/system/CodeIgniter.php(802): App\Controllers\Satuan->index()
#6 /Users/rizsyadabiyandrariadi/Desktop/apotek-widyaa/vendor/codeigniter4/framework/system/CodeIgniter.php(399): CodeIgniter\CodeIgniter->runController(Object(App\Controllers\Satuan))
#7 /Users/rizsyadabiyandrariadi/Desktop/apotek-widyaa/vendor/codeigniter4/framework/system/CodeIgniter.php(317): CodeIgniter\CodeIgniter->handleRequest(NULL, Object(Config\Cache), false)
#8 /Users/rizsyadabiyandrariadi/Desktop/apotek-widyaa/public/index.php(37): CodeIgniter\CodeIgniter->run()
#9 /Users/rizsyadabiyandrariadi/Desktop/apotek-widyaa/vendor/codeigniter4/framework/system/Commands/Server/rewrite.php(43): require_once('/Users/rizsyada...')
#10 {main}
CRITICAL - 2021-12-15 06:47:23 --> Undefined property: stdClass::$id
#0 /Users/rizsyadabiyandrariadi/Desktop/apotek-widyaa/app/Views/obat/detail.php(15): CodeIgniter\Debug\Exceptions->errorHandler(8, 'Undefined prope...', '/Users/rizsyada...', 15, Array)
#1 /Users/rizsyadabiyandrariadi/Desktop/apotek-widyaa/vendor/codeigniter4/framework/system/View/View.php(214): include('/Users/rizsyada...')
#2 /Users/rizsyadabiyandrariadi/Desktop/apotek-widyaa/vendor/codeigniter4/framework/system/View/View.php(217): CodeIgniter\View\View->CodeIgniter\View\{closure}()
#3 /Users/rizsyadabiyandrariadi/Desktop/apotek-widyaa/vendor/codeigniter4/framework/system/Common.php(1092): CodeIgniter\View\View->render('obat/detail', Array, true)
#4 /Users/rizsyadabiyandrariadi/Desktop/apotek-widyaa/app/Controllers/Obat.php(40): view('obat/detail', Array)
#5 /Users/rizsyadabiyandrariadi/Desktop/apotek-widyaa/vendor/codeigniter4/framework/system/CodeIgniter.php(802): App\Controllers\Obat->detail('1')
#6 /Users/rizsyadabiyandrariadi/Desktop/apotek-widyaa/vendor/codeigniter4/framework/system/CodeIgniter.php(399): CodeIgniter\CodeIgniter->runController(Object(App\Controllers\Obat))
#7 /Users/rizsyadabiyandrariadi/Desktop/apotek-widyaa/vendor/codeigniter4/framework/system/CodeIgniter.php(317): CodeIgniter\CodeIgniter->handleRequest(NULL, Object(Config\Cache), false)
#8 /Users/rizsyadabiyandrariadi/Desktop/apotek-widyaa/public/index.php(37): CodeIgniter\CodeIgniter->run()
#9 /Users/rizsyadabiyandrariadi/Desktop/apotek-widyaa/vendor/codeigniter4/framework/system/Commands/Server/rewrite.php(43): require_once('/Users/rizsyada...')
#10 {main}
CRITICAL - 2021-12-15 06:49:13 --> Trying to get property 'id_obat' of non-object
#0 /Users/rizsyadabiyandrariadi/Desktop/apotek-widyaa/app/Views/obat/index.php(40): CodeIgniter\Debug\Exceptions->errorHandler(8, 'Trying to get p...', '/Users/rizsyada...', 40, Array)
#1 /Users/rizsyadabiyandrariadi/Desktop/apotek-widyaa/vendor/codeigniter4/framework/system/View/View.php(214): include('/Users/rizsyada...')
#2 /Users/rizsyadabiyandrariadi/Desktop/apotek-widyaa/vendor/codeigniter4/framework/system/View/View.php(217): CodeIgniter\View\View->CodeIgniter\View\{closure}()
#3 /Users/rizsyadabiyandrariadi/Desktop/apotek-widyaa/vendor/codeigniter4/framework/system/Common.php(1092): CodeIgniter\View\View->render('obat/index', Array, true)
#4 /Users/rizsyadabiyandrariadi/Desktop/apotek-widyaa/app/Controllers/Obat.php(26): view('obat/index', Array)
#5 /Users/rizsyadabiyandrariadi/Desktop/apotek-widyaa/vendor/codeigniter4/framework/system/CodeIgniter.php(802): App\Controllers\Obat->index()
#6 /Users/rizsyadabiyandrariadi/Desktop/apotek-widyaa/vendor/codeigniter4/framework/system/CodeIgniter.php(399): CodeIgniter\CodeIgniter->runController(Object(App\Controllers\Obat))
#7 /Users/rizsyadabiyandrariadi/Desktop/apotek-widyaa/vendor/codeigniter4/framework/system/CodeIgniter.php(317): CodeIgniter\CodeIgniter->handleRequest(NULL, Object(Config\Cache), false)
#8 /Users/rizsyadabiyandrariadi/Desktop/apotek-widyaa/public/index.php(37): CodeIgniter\CodeIgniter->run()
#9 /Users/rizsyadabiyandrariadi/Desktop/apotek-widyaa/vendor/codeigniter4/framework/system/Commands/Server/rewrite.php(43): require_once('/Users/rizsyada...')
#10 {main}
CRITICAL - 2021-12-15 07:23:59 --> Too few arguments to function App\Controllers\Obat::multiDelete(), 0 passed in /Users/rizsyadabiyandrariadi/Desktop/apotek-widyaa/vendor/codeigniter4/framework/system/CodeIgniter.php on line 802 and exactly 1 expected
#0 /Users/rizsyadabiyandrariadi/Desktop/apotek-widyaa/vendor/codeigniter4/framework/system/CodeIgniter.php(802): App\Controllers\Obat->multiDelete()
#1 /Users/rizsyadabiyandrariadi/Desktop/apotek-widyaa/vendor/codeigniter4/framework/system/CodeIgniter.php(399): CodeIgniter\CodeIgniter->runController(Object(App\Controllers\Obat))
#2 /Users/rizsyadabiyandrariadi/Desktop/apotek-widyaa/vendor/codeigniter4/framework/system/CodeIgniter.php(317): CodeIgniter\CodeIgniter->handleRequest(NULL, Object(Config\Cache), false)
#3 /Users/rizsyadabiyandrariadi/Desktop/apotek-widyaa/public/index.php(37): CodeIgniter\CodeIgniter->run()
#4 /Users/rizsyadabiyandrariadi/Desktop/apotek-widyaa/vendor/codeigniter4/framework/system/Commands/Server/rewrite.php(43): require_once('/Users/rizsyada...')
#5 {main}
CRITICAL - 2021-12-15 07:25:28 --> Too few arguments to function App\Controllers\Obat::multiDelete(), 0 passed in /Users/rizsyadabiyandrariadi/Desktop/apotek-widyaa/vendor/codeigniter4/framework/system/CodeIgniter.php on line 802 and exactly 1 expected
#0 /Users/rizsyadabiyandrariadi/Desktop/apotek-widyaa/vendor/codeigniter4/framework/system/CodeIgniter.php(802): App\Controllers\Obat->multiDelete()
#1 /Users/rizsyadabiyandrariadi/Desktop/apotek-widyaa/vendor/codeigniter4/framework/system/CodeIgniter.php(399): CodeIgniter\CodeIgniter->runController(Object(App\Controllers\Obat))
#2 /Users/rizsyadabiyandrariadi/Desktop/apotek-widyaa/vendor/codeigniter4/framework/system/CodeIgniter.php(317): CodeIgniter\CodeIgniter->handleRequest(NULL, Object(Config\Cache), false)
#3 /Users/rizsyadabiyandrariadi/Desktop/apotek-widyaa/public/index.php(37): CodeIgniter\CodeIgniter->run()
#4 /Users/rizsyadabiyandrariadi/Desktop/apotek-widyaa/vendor/codeigniter4/framework/system/Commands/Server/rewrite.php(43): require_once('/Users/rizsyada...')
#5 {main}
CRITICAL - 2021-12-15 07:26:03 --> Undefined property: App\Controllers\Obat::$input
#0 /Users/rizsyadabiyandrariadi/Desktop/apotek-widyaa/app/Controllers/Obat.php(137): CodeIgniter\Debug\Exceptions->errorHandler(8, 'Undefined prope...', '/Users/rizsyada...', 137, Array)
#1 /Users/rizsyadabiyandrariadi/Desktop/apotek-widyaa/vendor/codeigniter4/framework/system/CodeIgniter.php(802): App\Controllers\Obat->multiDelete()
#2 /Users/rizsyadabiyandrariadi/Desktop/apotek-widyaa/vendor/codeigniter4/framework/system/CodeIgniter.php(399): CodeIgniter\CodeIgniter->runController(Object(App\Controllers\Obat))
#3 /Users/rizsyadabiyandrariadi/Desktop/apotek-widyaa/vendor/codeigniter4/framework/system/CodeIgniter.php(317): CodeIgniter\CodeIgniter->handleRequest(NULL, Object(Config\Cache), false)
#4 /Users/rizsyadabiyandrariadi/Desktop/apotek-widyaa/public/index.php(37): CodeIgniter\CodeIgniter->run()
#5 /Users/rizsyadabiyandrariadi/Desktop/apotek-widyaa/vendor/codeigniter4/framework/system/Commands/Server/rewrite.php(43): require_once('/Users/rizsyada...')
#6 {main}
CRITICAL - 2021-12-15 07:26:33 --> Undefined property: App\Controllers\Obat::$input
#0 /Users/rizsyadabiyandrariadi/Desktop/apotek-widyaa/app/Controllers/Obat.php(137): CodeIgniter\Debug\Exceptions->errorHandler(8, 'Undefined prope...', '/Users/rizsyada...', 137, Array)
#1 /Users/rizsyadabiyandrariadi/Desktop/apotek-widyaa/vendor/codeigniter4/framework/system/CodeIgniter.php(802): App\Controllers\Obat->multiDelete()
#2 /Users/rizsyadabiyandrariadi/Desktop/apotek-widyaa/vendor/codeigniter4/framework/system/CodeIgniter.php(399): CodeIgniter\CodeIgniter->runController(Object(App\Controllers\Obat))
#3 /Users/rizsyadabiyandrariadi/Desktop/apotek-widyaa/vendor/codeigniter4/framework/system/CodeIgniter.php(317): CodeIgniter\CodeIgniter->handleRequest(NULL, Object(Config\Cache), false)
#4 /Users/rizsyadabiyandrariadi/Desktop/apotek-widyaa/public/index.php(37): CodeIgniter\CodeIgniter->run()
#5 /Users/rizsyadabiyandrariadi/Desktop/apotek-widyaa/vendor/codeigniter4/framework/system/Commands/Server/rewrite.php(43): require_once('/Users/rizsyada...')
#6 {main}
CRITICAL - 2021-12-15 07:27:40 --> Call to undefined method CodeIgniter\HTTP\IncomingRequest::post()
#0 /Users/rizsyadabiyandrariadi/Desktop/apotek-widyaa/vendor/codeigniter4/framework/system/CodeIgniter.php(802): App\Controllers\Obat->multiDelete()
#1 /Users/rizsyadabiyandrariadi/Desktop/apotek-widyaa/vendor/codeigniter4/framework/system/CodeIgniter.php(399): CodeIgniter\CodeIgniter->runController(Object(App\Controllers\Obat))
#2 /Users/rizsyadabiyandrariadi/Desktop/apotek-widyaa/vendor/codeigniter4/framework/system/CodeIgniter.php(317): CodeIgniter\CodeIgniter->handleRequest(NULL, Object(Config\Cache), false)
#3 /Users/rizsyadabiyandrariadi/Desktop/apotek-widyaa/public/index.php(37): CodeIgniter\CodeIgniter->run()
#4 /Users/rizsyadabiyandrariadi/Desktop/apotek-widyaa/vendor/codeigniter4/framework/system/Commands/Server/rewrite.php(43): require_once('/Users/rizsyada...')
#5 {main}
ERROR - 2021-12-15 07:31:07 --> Unknown column 'id' in 'where clause'
CRITICAL - 2021-12-15 07:31:07 --> Unknown column 'id' in 'where clause'
#0 /Users/rizsyadabiyandrariadi/Desktop/apotek-widyaa/vendor/codeigniter4/framework/system/Database/MySQLi/Connection.php(280): mysqli->query('DELETE FROM `tb...')
#1 /Users/rizsyadabiyandrariadi/Desktop/apotek-widyaa/vendor/codeigniter4/framework/system/Database/BaseConnection.php(663): CodeIgniter\Database\MySQLi\Connection->execute('DELETE FROM `tb...')
#2 /Users/rizsyadabiyandrariadi/Desktop/apotek-widyaa/vendor/codeigniter4/framework/system/Database/BaseConnection.php(591): CodeIgniter\Database\BaseConnection->simpleQuery('DELETE FROM `tb...')
#3 /Users/rizsyadabiyandrariadi/Desktop/apotek-widyaa/vendor/codeigniter4/framework/system/Database/BaseBuilder.php(2175): CodeIgniter\Database\BaseConnection->query('DELETE FROM `tb...', Array, false)
#4 /Users/rizsyadabiyandrariadi/Desktop/apotek-widyaa/app/Controllers/Obat.php(140): CodeIgniter\Database\BaseBuilder->delete('tb_obat')
#5 /Users/rizsyadabiyandrariadi/Desktop/apotek-widyaa/vendor/codeigniter4/framework/system/CodeIgniter.php(802): App\Controllers\Obat->multiDelete()
#6 /Users/rizsyadabiyandrariadi/Desktop/apotek-widyaa/vendor/codeigniter4/framework/system/CodeIgniter.php(399): CodeIgniter\CodeIgniter->runController(Object(App\Controllers\Obat))
#7 /Users/rizsyadabiyandrariadi/Desktop/apotek-widyaa/vendor/codeigniter4/framework/system/CodeIgniter.php(317): CodeIgniter\CodeIgniter->handleRequest(NULL, Object(Config\Cache), false)
#8 /Users/rizsyadabiyandrariadi/Desktop/apotek-widyaa/public/index.php(37): CodeIgniter\CodeIgniter->run()
#9 /Users/rizsyadabiyandrariadi/Desktop/apotek-widyaa/vendor/codeigniter4/framework/system/Commands/Server/rewrite.php(43): require_once('/Users/rizsyada...')
#10 {main}
ERROR - 2021-12-15 07:31:29 --> Unknown column 'tb_obat' in 'where clause'
CRITICAL - 2021-12-15 07:31:29 --> Unknown column 'tb_obat' in 'where clause'
#0 /Users/rizsyadabiyandrariadi/Desktop/apotek-widyaa/vendor/codeigniter4/framework/system/Database/MySQLi/Connection.php(280): mysqli->query('DELETE FROM `tb...')
#1 /Users/rizsyadabiyandrariadi/Desktop/apotek-widyaa/vendor/codeigniter4/framework/system/Database/BaseConnection.php(663): CodeIgniter\Database\MySQLi\Connection->execute('DELETE FROM `tb...')
#2 /Users/rizsyadabiyandrariadi/Desktop/apotek-widyaa/vendor/codeigniter4/framework/system/Database/BaseConnection.php(591): CodeIgniter\Database\BaseConnection->simpleQuery('DELETE FROM `tb...')
#3 /Users/rizsyadabiyandrariadi/Desktop/apotek-widyaa/vendor/codeigniter4/framework/system/Database/BaseBuilder.php(2175): CodeIgniter\Database\BaseConnection->query('DELETE FROM `tb...', Array, false)
#4 /Users/rizsyadabiyandrariadi/Desktop/apotek-widyaa/app/Controllers/Obat.php(140): CodeIgniter\Database\BaseBuilder->delete('tb_obat')
#5 /Users/rizsyadabiyandrariadi/Desktop/apotek-widyaa/vendor/codeigniter4/framework/system/CodeIgniter.php(802): App\Controllers\Obat->multiDelete()
#6 /Users/rizsyadabiyandrariadi/Desktop/apotek-widyaa/vendor/codeigniter4/framework/system/CodeIgniter.php(399): CodeIgniter\CodeIgniter->runController(Object(App\Controllers\Obat))
#7 /Users/rizsyadabiyandrariadi/Desktop/apotek-widyaa/vendor/codeigniter4/framework/system/CodeIgniter.php(317): CodeIgniter\CodeIgniter->handleRequest(NULL, Object(Config\Cache), false)
#8 /Users/rizsyadabiyandrariadi/Desktop/apotek-widyaa/public/index.php(37): CodeIgniter\CodeIgniter->run()
#9 /Users/rizsyadabiyandrariadi/Desktop/apotek-widyaa/vendor/codeigniter4/framework/system/Commands/Server/rewrite.php(43): require_once('/Users/rizsyada...')
#10 {main}
ERROR - 2021-12-15 07:38:42 --> Cannot delete or update a parent row: a foreign key constraint fails (`apotek`.`tb_obat_masuk`, CONSTRAINT `tb_obat_masuk_ibfk_1` FOREIGN KEY (`id_obat`) REFERENCES `tb_obat` (`id_obat`))
CRITICAL - 2021-12-15 07:38:42 --> Cannot delete or update a parent row: a foreign key constraint fails (`apotek`.`tb_obat_masuk`, CONSTRAINT `tb_obat_masuk_ibfk_1` FOREIGN KEY (`id_obat`) REFERENCES `tb_obat` (`id_obat`))
#0 /Users/rizsyadabiyandrariadi/Desktop/apotek-widyaa/vendor/codeigniter4/framework/system/Database/MySQLi/Connection.php(280): mysqli->query('DELETE FROM `tb...')
#1 /Users/rizsyadabiyandrariadi/Desktop/apotek-widyaa/vendor/codeigniter4/framework/system/Database/BaseConnection.php(663): CodeIgniter\Database\MySQLi\Connection->execute('DELETE FROM `tb...')
#2 /Users/rizsyadabiyandrariadi/Desktop/apotek-widyaa/vendor/codeigniter4/framework/system/Database/BaseConnection.php(591): CodeIgniter\Database\BaseConnection->simpleQuery('DELETE FROM `tb...')
#3 /Users/rizsyadabiyandrariadi/Desktop/apotek-widyaa/vendor/codeigniter4/framework/system/Database/BaseBuilder.php(2175): CodeIgniter\Database\BaseConnection->query('DELETE FROM `tb...', Array, false)
#4 /Users/rizsyadabiyandrariadi/Desktop/apotek-widyaa/vendor/codeigniter4/framework/system/Model.php(359): CodeIgniter\Database\BaseBuilder->delete()
#5 /Users/rizsyadabiyandrariadi/Desktop/apotek-widyaa/vendor/codeigniter4/framework/system/BaseModel.php(963): CodeIgniter\Model->doDelete(NULL, false)
#6 /Users/rizsyadabiyandrariadi/Desktop/apotek-widyaa/app/Controllers/Obat.php(140): CodeIgniter\BaseModel->delete()
#7 /Users/rizsyadabiyandrariadi/Desktop/apotek-widyaa/vendor/codeigniter4/framework/system/CodeIgniter.php(802): App\Controllers\Obat->multiDelete()
#8 /Users/rizsyadabiyandrariadi/Desktop/apotek-widyaa/vendor/codeigniter4/framework/system/CodeIgniter.php(399): CodeIgniter\CodeIgniter->runController(Object(App\Controllers\Obat))
#9 /Users/rizsyadabiyandrariadi/Desktop/apotek-widyaa/vendor/codeigniter4/framework/system/CodeIgniter.php(317): CodeIgniter\CodeIgniter->handleRequest(NULL, Object(Config\Cache), false)
#10 /Users/rizsyadabiyandrariadi/Desktop/apotek-widyaa/public/index.php(37): CodeIgniter\CodeIgniter->run()
#11 /Users/rizsyadabiyandrariadi/Desktop/apotek-widyaa/vendor/codeigniter4/framework/system/Commands/Server/rewrite.php(43): require_once('/Users/rizsyada...')
#12 {main}
ERROR - 2021-12-15 07:42:06 --> Cannot delete or update a parent row: a foreign key constraint fails (`apotek`.`tb_obat_masuk`, CONSTRAINT `tb_obat_masuk_ibfk_1` FOREIGN KEY (`id_obat`) REFERENCES `tb_obat` (`id_obat`))
CRITICAL - 2021-12-15 07:42:06 --> Cannot delete or update a parent row: a foreign key constraint fails (`apotek`.`tb_obat_masuk`, CONSTRAINT `tb_obat_masuk_ibfk_1` FOREIGN KEY (`id_obat`) REFERENCES `tb_obat` (`id_obat`))
#0 /Users/rizsyadabiyandrariadi/Desktop/apotek-widyaa/vendor/codeigniter4/framework/system/Database/MySQLi/Connection.php(280): mysqli->query('DELETE FROM `tb...')
#1 /Users/rizsyadabiyandrariadi/Desktop/apotek-widyaa/vendor/codeigniter4/framework/system/Database/BaseConnection.php(663): CodeIgniter\Database\MySQLi\Connection->execute('DELETE FROM `tb...')
#2 /Users/rizsyadabiyandrariadi/Desktop/apotek-widyaa/vendor/codeigniter4/framework/system/Database/BaseConnection.php(591): CodeIgniter\Database\BaseConnection->simpleQuery('DELETE FROM `tb...')
#3 /Users/rizsyadabiyandrariadi/Desktop/apotek-widyaa/vendor/codeigniter4/framework/system/Database/BaseBuilder.php(2175): CodeIgniter\Database\BaseConnection->query('DELETE FROM `tb...', Array, false)
#4 /Users/rizsyadabiyandrariadi/Desktop/apotek-widyaa/vendor/codeigniter4/framework/system/Model.php(359): CodeIgniter\Database\BaseBuilder->delete()
#5 /Users/rizsyadabiyandrariadi/Desktop/apotek-widyaa/vendor/codeigniter4/framework/system/BaseModel.php(963): CodeIgniter\Model->doDelete(Array, false)
#6 /Users/rizsyadabiyandrariadi/Desktop/apotek-widyaa/app/Controllers/Obat.php(129): CodeIgniter\BaseModel->delete(Array)
#7 /Users/rizsyadabiyandrariadi/Desktop/apotek-widyaa/vendor/codeigniter4/framework/system/CodeIgniter.php(802): App\Controllers\Obat->delete('32')
#8 /Users/rizsyadabiyandrariadi/Desktop/apotek-widyaa/vendor/codeigniter4/framework/system/CodeIgniter.php(399): CodeIgniter\CodeIgniter->runController(Object(App\Controllers\Obat))
#9 /Users/rizsyadabiyandrariadi/Desktop/apotek-widyaa/vendor/codeigniter4/framework/system/CodeIgniter.php(317): CodeIgniter\CodeIgniter->handleRequest(NULL, Object(Config\Cache), false)
#10 /Users/rizsyadabiyandrariadi/Desktop/apotek-widyaa/public/index.php(37): CodeIgniter\CodeIgniter->run()
#11 /Users/rizsyadabiyandrariadi/Desktop/apotek-widyaa/vendor/codeigniter4/framework/system/Commands/Server/rewrite.php(43): require_once('/Users/rizsyada...')
#12 {main}
ERROR - 2021-12-15 08:05:44 --> Cannot delete or update a parent row: a foreign key constraint fails (`apotek`.`tb_obat_masuk`, CONSTRAINT `tb_obat_masuk_ibfk_1` FOREIGN KEY (`id_obat`) REFERENCES `tb_obat` (`id_obat`))
CRITICAL - 2021-12-15 08:05:44 --> Cannot delete or update a parent row: a foreign key constraint fails (`apotek`.`tb_obat_masuk`, CONSTRAINT `tb_obat_masuk_ibfk_1` FOREIGN KEY (`id_obat`) REFERENCES `tb_obat` (`id_obat`))
#0 /Users/rizsyadabiyandrariadi/Desktop/apotek-widyaa/vendor/codeigniter4/framework/system/Database/MySQLi/Connection.php(280): mysqli->query('DELETE FROM `tb...')
#1 /Users/rizsyadabiyandrariadi/Desktop/apotek-widyaa/vendor/codeigniter4/framework/system/Database/BaseConnection.php(663): CodeIgniter\Database\MySQLi\Connection->execute('DELETE FROM `tb...')
#2 /Users/rizsyadabiyandrariadi/Desktop/apotek-widyaa/vendor/codeigniter4/framework/system/Database/BaseConnection.php(591): CodeIgniter\Database\BaseConnection->simpleQuery('DELETE FROM `tb...')
#3 /Users/rizsyadabiyandrariadi/Desktop/apotek-widyaa/vendor/codeigniter4/framework/system/Database/BaseBuilder.php(2175): CodeIgniter\Database\BaseConnection->query('DELETE FROM `tb...', Array, false)
#4 /Users/rizsyadabiyandrariadi/Desktop/apotek-widyaa/vendor/codeigniter4/framework/system/Model.php(359): CodeIgniter\Database\BaseBuilder->delete()
#5 /Users/rizsyadabiyandrariadi/Desktop/apotek-widyaa/vendor/codeigniter4/framework/system/BaseModel.php(963): CodeIgniter\Model->doDelete(Array, false)
#6 /Users/rizsyadabiyandrariadi/Desktop/apotek-widyaa/app/Controllers/Obat.php(129): CodeIgniter\BaseModel->delete(Array)
#7 /Users/rizsyadabiyandrariadi/Desktop/apotek-widyaa/vendor/codeigniter4/framework/system/CodeIgniter.php(802): App\Controllers\Obat->delete('32')
#8 /Users/rizsyadabiyandrariadi/Desktop/apotek-widyaa/vendor/codeigniter4/framework/system/CodeIgniter.php(399): CodeIgniter\CodeIgniter->runController(Object(App\Controllers\Obat))
#9 /Users/rizsyadabiyandrariadi/Desktop/apotek-widyaa/vendor/codeigniter4/framework/system/CodeIgniter.php(317): CodeIgniter\CodeIgniter->handleRequest(NULL, Object(Config\Cache), false)
#10 /Users/rizsyadabiyandrariadi/Desktop/apotek-widyaa/public/index.php(37): CodeIgniter\CodeIgniter->run()
#11 /Users/rizsyadabiyandrariadi/Desktop/apotek-widyaa/vendor/codeigniter4/framework/system/Commands/Server/rewrite.php(43): require_once('/Users/rizsyada...')
#12 {main}
ERROR - 2021-12-15 08:10:53 --> Cannot delete or update a parent row: a foreign key constraint fails (`apotek`.`tb_obat_masuk`, CONSTRAINT `tb_obat_masuk_ibfk_1` FOREIGN KEY (`id_obat`) REFERENCES `tb_obat` (`id_obat`))
CRITICAL - 2021-12-15 08:10:53 --> Cannot delete or update a parent row: a foreign key constraint fails (`apotek`.`tb_obat_masuk`, CONSTRAINT `tb_obat_masuk_ibfk_1` FOREIGN KEY (`id_obat`) REFERENCES `tb_obat` (`id_obat`))
#0 /Users/rizsyadabiyandrariadi/Desktop/apotek-widyaa/vendor/codeigniter4/framework/system/Database/MySQLi/Connection.php(280): mysqli->query('DELETE FROM `tb...')
#1 /Users/rizsyadabiyandrariadi/Desktop/apotek-widyaa/vendor/codeigniter4/framework/system/Database/BaseConnection.php(663): CodeIgniter\Database\MySQLi\Connection->execute('DELETE FROM `tb...')
#2 /Users/rizsyadabiyandrariadi/Desktop/apotek-widyaa/vendor/codeigniter4/framework/system/Database/BaseConnection.php(591): CodeIgniter\Database\BaseConnection->simpleQuery('DELETE FROM `tb...')
#3 /Users/rizsyadabiyandrariadi/Desktop/apotek-widyaa/vendor/codeigniter4/framework/system/Database/BaseBuilder.php(2175): CodeIgniter\Database\BaseConnection->query('DELETE FROM `tb...', Array, false)
#4 /Users/rizsyadabiyandrariadi/Desktop/apotek-widyaa/vendor/codeigniter4/framework/system/Model.php(359): CodeIgniter\Database\BaseBuilder->delete()
#5 /Users/rizsyadabiyandrariadi/Desktop/apotek-widyaa/vendor/codeigniter4/framework/system/BaseModel.php(963): CodeIgniter\Model->doDelete(NULL, false)
#6 /Users/rizsyadabiyandrariadi/Desktop/apotek-widyaa/app/Controllers/Obat.php(140): CodeIgniter\BaseModel->delete()
#7 /Users/rizsyadabiyandrariadi/Desktop/apotek-widyaa/vendor/codeigniter4/framework/system/CodeIgniter.php(802): App\Controllers\Obat->multiDelete()
#8 /Users/rizsyadabiyandrariadi/Desktop/apotek-widyaa/vendor/codeigniter4/framework/system/CodeIgniter.php(399): CodeIgniter\CodeIgniter->runController(Object(App\Controllers\Obat))
#9 /Users/rizsyadabiyandrariadi/Desktop/apotek-widyaa/vendor/codeigniter4/framework/system/CodeIgniter.php(317): CodeIgniter\CodeIgniter->handleRequest(NULL, Object(Config\Cache), false)
#10 /Users/rizsyadabiyandrariadi/Desktop/apotek-widyaa/public/index.php(37): CodeIgniter\CodeIgniter->run()
#11 /Users/rizsyadabiyandrariadi/Desktop/apotek-widyaa/vendor/codeigniter4/framework/system/Commands/Server/rewrite.php(43): require_once('/Users/rizsyada...')
#12 {main}
ERROR - 2021-12-15 09:31:26 --> Error connecting to the database: Access denied for user ''@'localhost' (using password: NO)
CRITICAL - 2021-12-15 09:31:26 --> Unable to connect to the database.
Main connection [MySQLi]: Access denied for user ''@'localhost' (using password: NO)
#0 /home/hades/Documents/mutiara/apotek-widyaa/vendor/codeigniter4/framework/system/Database/BaseConnection.php(570): CodeIgniter\Database\BaseConnection->initialize()
#1 /home/hades/Documents/mutiara/apotek-widyaa/vendor/codeigniter4/framework/system/Database/BaseBuilder.php(1428): CodeIgniter\Database\BaseConnection->query()
#2 /home/hades/Documents/mutiara/apotek-widyaa/vendor/codeigniter4/framework/system/Model.php(210): CodeIgniter\Database\BaseBuilder->get()
#3 /home/hades/Documents/mutiara/apotek-widyaa/vendor/codeigniter4/framework/system/BaseModel.php(622): CodeIgniter\Model->doFirst()
#4 /home/hades/Documents/mutiara/apotek-widyaa/vendor/myth/auth/src/Authentication/LocalAuthenticator.php(156): CodeIgniter\BaseModel->first()
#5 /home/hades/Documents/mutiara/apotek-widyaa/vendor/myth/auth/src/Authentication/LocalAuthenticator.php(20): Myth\Auth\Authentication\LocalAuthenticator->validate()
#6 /home/hades/Documents/mutiara/apotek-widyaa/vendor/myth/auth/src/Controllers/AuthController.php(88): Myth\Auth\Authentication\LocalAuthenticator->attempt()
#7 /home/hades/Documents/mutiara/apotek-widyaa/vendor/codeigniter4/framework/system/CodeIgniter.php(802): Myth\Auth\Controllers\AuthController->attemptLogin()
#8 /home/hades/Documents/mutiara/apotek-widyaa/vendor/codeigniter4/framework/system/CodeIgniter.php(399): CodeIgniter\CodeIgniter->runController()
#9 /home/hades/Documents/mutiara/apotek-widyaa/vendor/codeigniter4/framework/system/CodeIgniter.php(317): CodeIgniter\CodeIgniter->handleRequest()
#10 /home/hades/Documents/mutiara/apotek-widyaa/public/index.php(37): CodeIgniter\CodeIgniter->run()
#11 /home/hades/Documents/mutiara/apotek-widyaa/vendor/codeigniter4/framework/system/Commands/Server/rewrite.php(43): require_once('/home/hades/Doc...')
#12 {main}
ERROR - 2021-12-15 09:31:40 --> Error connecting to the database: Access denied for user ''@'localhost' (using password: NO)
CRITICAL - 2021-12-15 09:31:40 --> Unable to connect to the database.
Main connection [MySQLi]: Access denied for user ''@'localhost' (using password: NO)
#0 /home/hades/Documents/mutiara/apotek-widyaa/vendor/codeigniter4/framework/system/Database/BaseConnection.php(570): CodeIgniter\Database\BaseConnection->initialize()
#1 /home/hades/Documents/mutiara/apotek-widyaa/vendor/codeigniter4/framework/system/Database/BaseBuilder.php(1428): CodeIgniter\Database\BaseConnection->query()
#2 /home/hades/Documents/mutiara/apotek-widyaa/vendor/codeigniter4/framework/system/Model.php(210): CodeIgniter\Database\BaseBuilder->get()
#3 /home/hades/Documents/mutiara/apotek-widyaa/vendor/codeigniter4/framework/system/BaseModel.php(622): CodeIgniter\Model->doFirst()
#4 /home/hades/Documents/mutiara/apotek-widyaa/vendor/myth/auth/src/Authentication/LocalAuthenticator.php(156): CodeIgniter\BaseModel->first()
#5 /home/hades/Documents/mutiara/apotek-widyaa/vendor/myth/auth/src/Authentication/LocalAuthenticator.php(20): Myth\Auth\Authentication\LocalAuthenticator->validate()
#6 /home/hades/Documents/mutiara/apotek-widyaa/vendor/myth/auth/src/Controllers/AuthController.php(88): Myth\Auth\Authentication\LocalAuthenticator->attempt()
#7 /home/hades/Documents/mutiara/apotek-widyaa/vendor/codeigniter4/framework/system/CodeIgniter.php(802): Myth\Auth\Controllers\AuthController->attemptLogin()
#8 /home/hades/Documents/mutiara/apotek-widyaa/vendor/codeigniter4/framework/system/CodeIgniter.php(399): CodeIgniter\CodeIgniter->runController()
#9 /home/hades/Documents/mutiara/apotek-widyaa/vendor/codeigniter4/framework/system/CodeIgniter.php(317): CodeIgniter\CodeIgniter->handleRequest()
#10 /home/hades/Documents/mutiara/apotek-widyaa/public/index.php(37): CodeIgniter\CodeIgniter->run()
#11 /home/hades/Documents/mutiara/apotek-widyaa/vendor/codeigniter4/framework/system/Commands/Server/rewrite.php(43): require_once('/home/hades/Doc...')
#12 {main}
ERROR - 2021-12-15 09:33:49 --> Error connecting to the database: Access denied for user ''@'localhost' (using password: NO)
CRITICAL - 2021-12-15 09:33:49 --> Unable to connect to the database.
Main connection [MySQLi]: Access denied for user ''@'localhost' (using password: NO)
#0 /home/hades/Documents/mutiara/apotek-widyaa/vendor/codeigniter4/framework/system/Database/BaseConnection.php(570): CodeIgniter\Database\BaseConnection->initialize()
#1 /home/hades/Documents/mutiara/apotek-widyaa/vendor/codeigniter4/framework/system/Database/BaseBuilder.php(1428): CodeIgniter\Database\BaseConnection->query()
#2 /home/hades/Documents/mutiara/apotek-widyaa/vendor/codeigniter4/framework/system/Model.php(210): CodeIgniter\Database\BaseBuilder->get()
#3 /home/hades/Documents/mutiara/apotek-widyaa/vendor/codeigniter4/framework/system/BaseModel.php(622): CodeIgniter\Model->doFirst()
#4 /home/hades/Documents/mutiara/apotek-widyaa/vendor/myth/auth/src/Authentication/LocalAuthenticator.php(156): CodeIgniter\BaseModel->first()
#5 /home/hades/Documents/mutiara/apotek-widyaa/vendor/myth/auth/src/Authentication/LocalAuthenticator.php(20): Myth\Auth\Authentication\LocalAuthenticator->validate()
#6 /home/hades/Documents/mutiara/apotek-widyaa/vendor/myth/auth/src/Controllers/AuthController.php(88): Myth\Auth\Authentication\LocalAuthenticator->attempt()
#7 /home/hades/Documents/mutiara/apotek-widyaa/vendor/codeigniter4/framework/system/CodeIgniter.php(802): Myth\Auth\Controllers\AuthController->attemptLogin()
#8 /home/hades/Documents/mutiara/apotek-widyaa/vendor/codeigniter4/framework/system/CodeIgniter.php(399): CodeIgniter\CodeIgniter->runController()
#9 /home/hades/Documents/mutiara/apotek-widyaa/vendor/codeigniter4/framework/system/CodeIgniter.php(317): CodeIgniter\CodeIgniter->handleRequest()
#10 /home/hades/Documents/mutiara/apotek-widyaa/public/index.php(37): CodeIgniter\CodeIgniter->run()
#11 /home/hades/Documents/mutiara/apotek-widyaa/vendor/codeigniter4/framework/system/Commands/Server/rewrite.php(43): require_once('/home/hades/Doc...')
#12 {main}
ERROR - 2021-12-15 09:34:01 --> Error connecting to the database: Access denied for user ''@'localhost' (using password: NO)
CRITICAL - 2021-12-15 09:34:01 --> Unable to connect to the database.
Main connection [MySQLi]: Access denied for user ''@'localhost' (using password: NO)
#0 /home/hades/Documents/mutiara/apotek-widyaa/vendor/codeigniter4/framework/system/Database/BaseConnection.php(570): CodeIgniter\Database\BaseConnection->initialize()
#1 /home/hades/Documents/mutiara/apotek-widyaa/vendor/codeigniter4/framework/system/Database/BaseBuilder.php(1428): CodeIgniter\Database\BaseConnection->query()
#2 /home/hades/Documents/mutiara/apotek-widyaa/vendor/codeigniter4/framework/system/Model.php(210): CodeIgniter\Database\BaseBuilder->get()
#3 /home/hades/Documents/mutiara/apotek-widyaa/vendor/codeigniter4/framework/system/BaseModel.php(622): CodeIgniter\Model->doFirst()
#4 /home/hades/Documents/mutiara/apotek-widyaa/vendor/myth/auth/src/Authentication/LocalAuthenticator.php(156): CodeIgniter\BaseModel->first()
#5 /home/hades/Documents/mutiara/apotek-widyaa/vendor/myth/auth/src/Authentication/LocalAuthenticator.php(20): Myth\Auth\Authentication\LocalAuthenticator->validate()
#6 /home/hades/Documents/mutiara/apotek-widyaa/vendor/myth/auth/src/Controllers/AuthController.php(88): Myth\Auth\Authentication\LocalAuthenticator->attempt()
#7 /home/hades/Documents/mutiara/apotek-widyaa/vendor/codeigniter4/framework/system/CodeIgniter.php(802): Myth\Auth\Controllers\AuthController->attemptLogin()
#8 /home/hades/Documents/mutiara/apotek-widyaa/vendor/codeigniter4/framework/system/CodeIgniter.php(399): CodeIgniter\CodeIgniter->runController()
#9 /home/hades/Documents/mutiara/apotek-widyaa/vendor/codeigniter4/framework/system/CodeIgniter.php(317): CodeIgniter\CodeIgniter->handleRequest()
#10 /home/hades/Documents/mutiara/apotek-widyaa/public/index.php(37): CodeIgniter\CodeIgniter->run()
#11 /home/hades/Documents/mutiara/apotek-widyaa/vendor/codeigniter4/framework/system/Commands/Server/rewrite.php(43): require_once('/home/hades/Doc...')
#12 {main}
ERROR - 2021-12-15 09:37:27 --> Cannot delete or update a parent row: a foreign key constraint fails (`apotek`.`tb_obat_keluar`, CONSTRAINT `tb_obat_keluar_ibfk_1` FOREIGN KEY (`id_obat`) REFERENCES `tb_obat` (`id_obat`))
CRITICAL - 2021-12-15 09:37:27 --> Cannot delete or update a parent row: a foreign key constraint fails (`apotek`.`tb_obat_keluar`, CONSTRAINT `tb_obat_keluar_ibfk_1` FOREIGN KEY (`id_obat`) REFERENCES `tb_obat` (`id_obat`))
#0 /home/hades/Documents/mutiara/apotek-widyaa/vendor/codeigniter4/framework/system/Database/MySQLi/Connection.php(280): mysqli->query()
#1 /home/hades/Documents/mutiara/apotek-widyaa/vendor/codeigniter4/framework/system/Database/BaseConnection.php(663): CodeIgniter\Database\MySQLi\Connection->execute()
#2 /home/hades/Documents/mutiara/apotek-widyaa/vendor/codeigniter4/framework/system/Database/BaseConnection.php(591): CodeIgniter\Database\BaseConnection->simpleQuery()
#3 /home/hades/Documents/mutiara/apotek-widyaa/vendor/codeigniter4/framework/system/Database/BaseBuilder.php(2175): CodeIgniter\Database\BaseConnection->query()
#4 /home/hades/Documents/mutiara/apotek-widyaa/vendor/codeigniter4/framework/system/Model.php(359): CodeIgniter\Database\BaseBuilder->delete()
#5 /home/hades/Documents/mutiara/apotek-widyaa/vendor/codeigniter4/framework/system/BaseModel.php(963): CodeIgniter\Model->doDelete()
#6 /home/hades/Documents/mutiara/apotek-widyaa/app/Controllers/Obat.php(140): CodeIgniter\BaseModel->delete()
#7 /home/hades/Documents/mutiara/apotek-widyaa/vendor/codeigniter4/framework/system/CodeIgniter.php(802): App\Controllers\Obat->multiDelete()
#8 /home/hades/Documents/mutiara/apotek-widyaa/vendor/codeigniter4/framework/system/CodeIgniter.php(399): CodeIgniter\CodeIgniter->runController()
#9 /home/hades/Documents/mutiara/apotek-widyaa/vendor/codeigniter4/framework/system/CodeIgniter.php(317): CodeIgniter\CodeIgniter->handleRequest()
#10 /home/hades/Documents/mutiara/apotek-widyaa/public/index.php(37): CodeIgniter\CodeIgniter->run()
#11 /home/hades/Documents/mutiara/apotek-widyaa/vendor/codeigniter4/framework/system/Commands/Server/rewrite.php(43): require_once('/home/hades/Doc...')
#12 {main}
ERROR - 2021-12-15 09:39:53 --> Cannot delete or update a parent row: a foreign key constraint fails (`apotek`.`tb_obat_keluar`, CONSTRAINT `tb_obat_keluar_ibfk_1` FOREIGN KEY (`id_obat`) REFERENCES `tb_obat` (`id_obat`))
CRITICAL - 2021-12-15 09:39:53 --> Cannot delete or update a parent row: a foreign key constraint fails (`apotek`.`tb_obat_keluar`, CONSTRAINT `tb_obat_keluar_ibfk_1` FOREIGN KEY (`id_obat`) REFERENCES `tb_obat` (`id_obat`))
#0 /home/hades/Documents/mutiara/apotek-widyaa/vendor/codeigniter4/framework/system/Database/MySQLi/Connection.php(280): mysqli->query()
#1 /home/hades/Documents/mutiara/apotek-widyaa/vendor/codeigniter4/framework/system/Database/BaseConnection.php(663): CodeIgniter\Database\MySQLi\Connection->execute()
#2 /home/hades/Documents/mutiara/apotek-widyaa/vendor/codeigniter4/framework/system/Database/BaseConnection.php(591): CodeIgniter\Database\BaseConnection->simpleQuery()
#3 /home/hades/Documents/mutiara/apotek-widyaa/vendor/codeigniter4/framework/system/Database/BaseBuilder.php(2175): CodeIgniter\Database\BaseConnection->query()
#4 /home/hades/Documents/mutiara/apotek-widyaa/vendor/codeigniter4/framework/system/Model.php(359): CodeIgniter\Database\BaseBuilder->delete()
#5 /home/hades/Documents/mutiara/apotek-widyaa/vendor/codeigniter4/framework/system/BaseModel.php(963): CodeIgniter\Model->doDelete()
#6 /home/hades/Documents/mutiara/apotek-widyaa/app/Controllers/Obat.php(140): CodeIgniter\BaseModel->delete()
#7 /home/hades/Documents/mutiara/apotek-widyaa/vendor/codeigniter4/framework/system/CodeIgniter.php(802): App\Controllers\Obat->multiDelete()
#8 /home/hades/Documents/mutiara/apotek-widyaa/vendor/codeigniter4/framework/system/CodeIgniter.php(399): CodeIgniter\CodeIgniter->runController()
#9 /home/hades/Documents/mutiara/apotek-widyaa/vendor/codeigniter4/framework/system/CodeIgniter.php(317): CodeIgniter\CodeIgniter->handleRequest()
#10 /home/hades/Documents/mutiara/apotek-widyaa/public/index.php(37): CodeIgniter\CodeIgniter->run()
#11 /home/hades/Documents/mutiara/apotek-widyaa/vendor/codeigniter4/framework/system/Commands/Server/rewrite.php(43): require_once('/home/hades/Doc...')
#12 {main}
CRITICAL - 2021-12-15 09:41:57 --> Undefined variable: config
#0 /home/hades/Documents/mutiara/apotek-widyaa/app/Views/auth/login.php(24): CodeIgniter\Debug\Exceptions->errorHandler()
#1 /home/hades/Documents/mutiara/apotek-widyaa/vendor/codeigniter4/framework/system/View/View.php(214): include('/home/hades/Doc...')
#2 /home/hades/Documents/mutiara/apotek-widyaa/vendor/codeigniter4/framework/system/View/View.php(217): CodeIgniter\View\View->CodeIgniter\View\{closure}()
#3 /home/hades/Documents/mutiara/apotek-widyaa/vendor/codeigniter4/framework/system/Common.php(1092): CodeIgniter\View\View->render()
#4 /home/hades/Documents/mutiara/apotek-widyaa/app/Controllers/Home.php(23): view()
#5 /home/hades/Documents/mutiara/apotek-widyaa/vendor/codeigniter4/framework/system/CodeIgniter.php(802): App\Controllers\Home->index()
#6 /home/hades/Documents/mutiara/apotek-widyaa/vendor/codeigniter4/framework/system/CodeIgniter.php(399): CodeIgniter\CodeIgniter->runController()
#7 /home/hades/Documents/mutiara/apotek-widyaa/vendor/codeigniter4/framework/system/CodeIgniter.php(317): CodeIgniter\CodeIgniter->handleRequest()
#8 /home/hades/Documents/mutiara/apotek-widyaa/public/index.php(37): CodeIgniter\CodeIgniter->run()
#9 /home/hades/Documents/mutiara/apotek-widyaa/vendor/codeigniter4/framework/system/Commands/Server/rewrite.php(43): require_once('/home/hades/Doc...')
#10 {main}
CRITICAL - 2021-12-15 09:44:11 --> Undefined variable: config
#0 /home/hades/Documents/mutiara/apotek-widyaa/app/Views/auth/login.php(24): CodeIgniter\Debug\Exceptions->errorHandler()
#1 /home/hades/Documents/mutiara/apotek-widyaa/vendor/codeigniter4/framework/system/View/View.php(214): include('/home/hades/Doc...')
#2 /home/hades/Documents/mutiara/apotek-widyaa/vendor/codeigniter4/framework/system/View/View.php(217): CodeIgniter\View\View->CodeIgniter\View\{closure}()
#3 /home/hades/Documents/mutiara/apotek-widyaa/vendor/codeigniter4/framework/system/Common.php(1092): CodeIgniter\View\View->render()
#4 /home/hades/Documents/mutiara/apotek-widyaa/app/Controllers/Home.php(23): view()
#5 /home/hades/Documents/mutiara/apotek-widyaa/vendor/codeigniter4/framework/system/CodeIgniter.php(802): App\Controllers\Home->index()
#6 /home/hades/Documents/mutiara/apotek-widyaa/vendor/codeigniter4/framework/system/CodeIgniter.php(399): CodeIgniter\CodeIgniter->runController()
#7 /home/hades/Documents/mutiara/apotek-widyaa/vendor/codeigniter4/framework/system/CodeIgniter.php(317): CodeIgniter\CodeIgniter->handleRequest()
#8 /home/hades/Documents/mutiara/apotek-widyaa/public/index.php(37): CodeIgniter\CodeIgniter->run()
#9 /home/hades/Documents/mutiara/apotek-widyaa/vendor/codeigniter4/framework/system/Commands/Server/rewrite.php(43): require_once('/home/hades/Doc...')
#10 {main}
CRITICAL - 2021-12-15 09:49:10 --> Undefined variable: config
#0 /home/hades/Documents/mutiara/apotek-widyaa/app/Views/auth/login.php(24): CodeIgniter\Debug\Exceptions->errorHandler()
#1 /home/hades/Documents/mutiara/apotek-widyaa/vendor/codeigniter4/framework/system/View/View.php(214): include('/home/hades/Doc...')
#2 /home/hades/Documents/mutiara/apotek-widyaa/vendor/codeigniter4/framework/system/View/View.php(217): CodeIgniter\View\View->CodeIgniter\View\{closure}()
#3 /home/hades/Documents/mutiara/apotek-widyaa/vendor/codeigniter4/framework/system/Common.php(1092): CodeIgniter\View\View->render()
#4 /home/hades/Documents/mutiara/apotek-widyaa/app/Controllers/Home.php(23): view()
#5 /home/hades/Documents/mutiara/apotek-widyaa/vendor/codeigniter4/framework/system/CodeIgniter.php(802): App\Controllers\Home->index()
#6 /home/hades/Documents/mutiara/apotek-widyaa/vendor/codeigniter4/framework/system/CodeIgniter.php(399): CodeIgniter\CodeIgniter->runController()
#7 /home/hades/Documents/mutiara/apotek-widyaa/vendor/codeigniter4/framework/system/CodeIgniter.php(317): CodeIgniter\CodeIgniter->handleRequest()
#8 /home/hades/Documents/mutiara/apotek-widyaa/public/index.php(37): CodeIgniter\CodeIgniter->run()
#9 /home/hades/Documents/mutiara/apotek-widyaa/vendor/codeigniter4/framework/system/Commands/Server/rewrite.php(43): require_once('/home/hades/Doc...')
#10 {main}
CRITICAL - 2021-12-15 09:49:20 --> Undefined variable: config
#0 /home/hades/Documents/mutiara/apotek-widyaa/app/Views/auth/login.php(24): CodeIgniter\Debug\Exceptions->errorHandler()
#1 /home/hades/Documents/mutiara/apotek-widyaa/vendor/codeigniter4/framework/system/View/View.php(214): include('/home/hades/Doc...')
#2 /home/hades/Documents/mutiara/apotek-widyaa/vendor/codeigniter4/framework/system/View/View.php(217): CodeIgniter\View\View->CodeIgniter\View\{closure}()
#3 /home/hades/Documents/mutiara/apotek-widyaa/vendor/codeigniter4/framework/system/Common.php(1092): CodeIgniter\View\View->render()
#4 /home/hades/Documents/mutiara/apotek-widyaa/app/Controllers/Home.php(23): view()
#5 /home/hades/Documents/mutiara/apotek-widyaa/vendor/codeigniter4/framework/system/CodeIgniter.php(802): App\Controllers\Home->index()
#6 /home/hades/Documents/mutiara/apotek-widyaa/vendor/codeigniter4/framework/system/CodeIgniter.php(399): CodeIgniter\CodeIgniter->runController()
#7 /home/hades/Documents/mutiara/apotek-widyaa/vendor/codeigniter4/framework/system/CodeIgniter.php(317): CodeIgniter\CodeIgniter->handleRequest()
#8 /home/hades/Documents/mutiara/apotek-widyaa/public/index.php(37): CodeIgniter\CodeIgniter->run()
#9 /home/hades/Documents/mutiara/apotek-widyaa/vendor/codeigniter4/framework/system/Commands/Server/rewrite.php(43): require_once('/home/hades/Doc...')
#10 {main}
CRITICAL - 2021-12-15 09:51:08 --> Undefined variable: config
#0 /home/hades/Documents/mutiara/apotek-widyaa/app/Views/auth/login.php(24): CodeIgniter\Debug\Exceptions->errorHandler()
#1 /home/hades/Documents/mutiara/apotek-widyaa/vendor/codeigniter4/framework/system/View/View.php(214): include('/home/hades/Doc...')
#2 /home/hades/Documents/mutiara/apotek-widyaa/vendor/codeigniter4/framework/system/View/View.php(217): CodeIgniter\View\View->CodeIgniter\View\{closure}()
#3 /home/hades/Documents/mutiara/apotek-widyaa/vendor/codeigniter4/framework/system/Common.php(1092): CodeIgniter\View\View->render()
#4 /home/hades/Documents/mutiara/apotek-widyaa/app/Controllers/Home.php(16): view()
#5 /home/hades/Documents/mutiara/apotek-widyaa/vendor/codeigniter4/framework/system/CodeIgniter.php(802): App\Controllers\Home->index()
#6 /home/hades/Documents/mutiara/apotek-widyaa/vendor/codeigniter4/framework/system/CodeIgniter.php(399): CodeIgniter\CodeIgniter->runController()
#7 /home/hades/Documents/mutiara/apotek-widyaa/vendor/codeigniter4/framework/system/CodeIgniter.php(317): CodeIgniter\CodeIgniter->handleRequest()
#8 /home/hades/Documents/mutiara/apotek-widyaa/public/index.php(37): CodeIgniter\CodeIgniter->run()
#9 /home/hades/Documents/mutiara/apotek-widyaa/vendor/codeigniter4/framework/system/Commands/Server/rewrite.php(43): require_once('/home/hades/Doc...')
#10 {main}
CRITICAL - 2021-12-15 09:51:22 --> Class 'App\Controllers\jenisModel' not found
#0 /home/hades/Documents/mutiara/apotek-widyaa/vendor/codeigniter4/framework/system/CodeIgniter.php(802): App\Controllers\Home->home()
#1 /home/hades/Documents/mutiara/apotek-widyaa/vendor/codeigniter4/framework/system/CodeIgniter.php(399): CodeIgniter\CodeIgniter->runController()
#2 /home/hades/Documents/mutiara/apotek-widyaa/vendor/codeigniter4/framework/system/CodeIgniter.php(317): CodeIgniter\CodeIgniter->handleRequest()
#3 /home/hades/Documents/mutiara/apotek-widyaa/public/index.php(37): CodeIgniter\CodeIgniter->run()
#4 /home/hades/Documents/mutiara/apotek-widyaa/vendor/codeigniter4/framework/system/Commands/Server/rewrite.php(43): require_once('/home/hades/Doc...')
#5 {main}
CRITICAL - 2021-12-15 09:55:06 --> Call to undefined method App\Models\obatModel::getRow
#0 /home/hades/Documents/mutiara/apotek-widyaa/app/Controllers/Home.php(39): CodeIgniter\Model->__call()
#1 /home/hades/Documents/mutiara/apotek-widyaa/vendor/codeigniter4/framework/system/CodeIgniter.php(802): App\Controllers\Home->home()
#2 /home/hades/Documents/mutiara/apotek-widyaa/vendor/codeigniter4/framework/system/CodeIgniter.php(399): CodeIgniter\CodeIgniter->runController()
#3 /home/hades/Documents/mutiara/apotek-widyaa/vendor/codeigniter4/framework/system/CodeIgniter.php(317): CodeIgniter\CodeIgniter->handleRequest()
#4 /home/hades/Documents/mutiara/apotek-widyaa/public/index.php(37): CodeIgniter\CodeIgniter->run()
#5 /home/hades/Documents/mutiara/apotek-widyaa/vendor/codeigniter4/framework/system/Commands/Server/rewrite.php(43): require_once('/home/hades/Doc...')
#6 {main}
CRITICAL - 2021-12-15 09:55:49 --> Cannot declare class App\Models\masukModel, because the name is already in use
#0 [internal function]: CodeIgniter\Debug\Exceptions->shutdownHandler()
#1 {main}
CRITICAL - 2021-12-15 09:57:08 --> Cannot declare class App\Models\masukModel, because the name is already in use
#0 [internal function]: CodeIgniter\Debug\Exceptions->shutdownHandler()
#1 {main}
CRITICAL - 2021-12-15 09:58:02 --> Undefined variable: obat
#0 /home/hades/Documents/mutiara/apotek-widyaa/app/Views/home/index.php(25): CodeIgniter\Debug\Exceptions->errorHandler()
#1 /home/hades/Documents/mutiara/apotek-widyaa/vendor/codeigniter4/framework/system/View/View.php(214): include('/home/hades/Doc...')
#2 /home/hades/Documents/mutiara/apotek-widyaa/vendor/codeigniter4/framework/system/View/View.php(217): CodeIgniter\View\View->CodeIgniter\View\{closure}()
#3 /home/hades/Documents/mutiara/apotek-widyaa/vendor/codeigniter4/framework/system/Common.php(1092): CodeIgniter\View\View->render()
#4 /home/hades/Documents/mutiara/apotek-widyaa/app/Controllers/Home.php(47): view()
#5 /home/hades/Documents/mutiara/apotek-widyaa/vendor/codeigniter4/framework/system/CodeIgniter.php(802): App\Controllers\Home->home()
#6 /home/hades/Documents/mutiara/apotek-widyaa/vendor/codeigniter4/framework/system/CodeIgniter.php(399): CodeIgniter\CodeIgniter->runController()
#7 /home/hades/Documents/mutiara/apotek-widyaa/vendor/codeigniter4/framework/system/CodeIgniter.php(317): CodeIgniter\CodeIgniter->handleRequest()
#8 /home/hades/Documents/mutiara/apotek-widyaa/public/index.php(37): CodeIgniter\CodeIgniter->run()
#9 /home/hades/Documents/mutiara/apotek-widyaa/vendor/codeigniter4/framework/system/Commands/Server/rewrite.php(43): require_once('/home/hades/Doc...')
#10 {main}
CRITICAL - 2021-12-15 09:58:25 --> Undefined variable: obat
#0 /home/hades/Documents/mutiara/apotek-widyaa/app/Controllers/Home.php(38): CodeIgniter\Debug\Exceptions->errorHandler()
#1 /home/hades/Documents/mutiara/apotek-widyaa/vendor/codeigniter4/framework/system/CodeIgniter.php(802): App\Controllers\Home->home()
#2 /home/hades/Documents/mutiara/apotek-widyaa/vendor/codeigniter4/framework/system/CodeIgniter.php(399): CodeIgniter\CodeIgniter->runController()
#3 /home/hades/Documents/mutiara/apotek-widyaa/vendor/codeigniter4/framework/system/CodeIgniter.php(317): CodeIgniter\CodeIgniter->handleRequest()
#4 /home/hades/Documents/mutiara/apotek-widyaa/public/index.php(37): CodeIgniter\CodeIgniter->run()
#5 /home/hades/Documents/mutiara/apotek-widyaa/vendor/codeigniter4/framework/system/Commands/Server/rewrite.php(43): require_once('/home/hades/Doc...')
#6 {main}
CRITICAL - 2021-12-15 09:58:30 --> Undefined variable: obat
#0 /home/hades/Documents/mutiara/apotek-widyaa/app/Controllers/Home.php(38): CodeIgniter\Debug\Exceptions->errorHandler()
#1 /home/hades/Documents/mutiara/apotek-widyaa/vendor/codeigniter4/framework/system/CodeIgniter.php(802): App\Controllers\Home->home()
#2 /home/hades/Documents/mutiara/apotek-widyaa/vendor/codeigniter4/framework/system/CodeIgniter.php(399): CodeIgniter\CodeIgniter->runController()
#3 /home/hades/Documents/mutiara/apotek-widyaa/vendor/codeigniter4/framework/system/CodeIgniter.php(317): CodeIgniter\CodeIgniter->handleRequest()
#4 /home/hades/Documents/mutiara/apotek-widyaa/public/index.php(37): CodeIgniter\CodeIgniter->run()
#5 /home/hades/Documents/mutiara/apotek-widyaa/vendor/codeigniter4/framework/system/Commands/Server/rewrite.php(43): require_once('/home/hades/Doc...')
#6 {main}
CRITICAL - 2021-12-15 09:59:39 --> Undefined variable: obat
#0 /home/hades/Documents/mutiara/apotek-widyaa/app/Controllers/Home.php(38): CodeIgniter\Debug\Exceptions->errorHandler()
#1 /home/hades/Documents/mutiara/apotek-widyaa/vendor/codeigniter4/framework/system/CodeIgniter.php(802): App\Controllers\Home->home()
#2 /home/hades/Documents/mutiara/apotek-widyaa/vendor/codeigniter4/framework/system/CodeIgniter.php(399): CodeIgniter\CodeIgniter->runController()
#3 /home/hades/Documents/mutiara/apotek-widyaa/vendor/codeigniter4/framework/system/CodeIgniter.php(317): CodeIgniter\CodeIgniter->handleRequest()
#4 /home/hades/Documents/mutiara/apotek-widyaa/public/index.php(37): CodeIgniter\CodeIgniter->run()
#5 /home/hades/Documents/mutiara/apotek-widyaa/vendor/codeigniter4/framework/system/Commands/Server/rewrite.php(43): require_once('/home/hades/Doc...')
#6 {main}
CRITICAL - 2021-12-15 09:59:55 --> Undefined variable: obat
#0 /home/hades/Documents/mutiara/apotek-widyaa/app/Controllers/Home.php(38): CodeIgniter\Debug\Exceptions->errorHandler()
#1 /home/hades/Documents/mutiara/apotek-widyaa/vendor/codeigniter4/framework/system/CodeIgniter.php(802): App\Controllers\Home->home()
#2 /home/hades/Documents/mutiara/apotek-widyaa/vendor/codeigniter4/framework/system/CodeIgniter.php(399): CodeIgniter\CodeIgniter->runController()
#3 /home/hades/Documents/mutiara/apotek-widyaa/vendor/codeigniter4/framework/system/CodeIgniter.php(317): CodeIgniter\CodeIgniter->handleRequest()
#4 /home/hades/Documents/mutiara/apotek-widyaa/public/index.php(37): CodeIgniter\CodeIgniter->run()
#5 /home/hades/Documents/mutiara/apotek-widyaa/vendor/codeigniter4/framework/system/Commands/Server/rewrite.php(43): require_once('/home/hades/Doc...')
#6 {main}
ERROR - 2021-12-15 10:00:47 --> You have an error in your SQL syntax; check the manual that corresponds to your MySQL server version for the right syntax to use near 'as `totalobat`) AS `nama_obat as totalobat`
FROM `tb_obat`' at line 1
CRITICAL - 2021-12-15 10:00:47 --> You have an error in your SQL syntax; check the manual that corresponds to your MySQL server version for the right syntax to use near 'as `totalobat`) AS `nama_obat as totalobat`
FROM `tb_obat`' at line 1
#0 /home/hades/Documents/mutiara/apotek-widyaa/vendor/codeigniter4/framework/system/Database/MySQLi/Connection.php(280): mysqli->query()
#1 /home/hades/Documents/mutiara/apotek-widyaa/vendor/codeigniter4/framework/system/Database/BaseConnection.php(663): CodeIgniter\Database\MySQLi\Connection->execute()
#2 /home/hades/Documents/mutiara/apotek-widyaa/vendor/codeigniter4/framework/system/Database/BaseConnection.php(591): CodeIgniter\Database\BaseConnection->simpleQuery()
#3 /home/hades/Documents/mutiara/apotek-widyaa/vendor/codeigniter4/framework/system/Database/BaseBuilder.php(1428): CodeIgniter\Database\BaseConnection->query()
#4 /home/hades/Documents/mutiara/apotek-widyaa/vendor/codeigniter4/framework/system/Model.php(183): CodeIgniter\Database\BaseBuilder->get()
#5 /home/hades/Documents/mutiara/apotek-widyaa/vendor/codeigniter4/framework/system/BaseModel.php(584): CodeIgniter\Model->doFindAll()
#6 /home/hades/Documents/mutiara/apotek-widyaa/app/Controllers/Home.php(40): CodeIgniter\BaseModel->findAll()
#7 /home/hades/Documents/mutiara/apotek-widyaa/vendor/codeigniter4/framework/system/CodeIgniter.php(802): App\Controllers\Home->home()
#8 /home/hades/Documents/mutiara/apotek-widyaa/vendor/codeigniter4/framework/system/CodeIgniter.php(399): CodeIgniter\CodeIgniter->runController()
#9 /home/hades/Documents/mutiara/apotek-widyaa/vendor/codeigniter4/framework/system/CodeIgniter.php(317): CodeIgniter\CodeIgniter->handleRequest()
#10 /home/hades/Documents/mutiara/apotek-widyaa/public/index.php(37): CodeIgniter\CodeIgniter->run()
#11 /home/hades/Documents/mutiara/apotek-widyaa/vendor/codeigniter4/framework/system/Commands/Server/rewrite.php(43): require_once('/home/hades/Doc...')
#12 {main}
CRITICAL - 2021-12-15 10:01:37 --> Undefined index: totalobat
#0 /home/hades/Documents/mutiara/apotek-widyaa/app/Views/home/index.php(25): CodeIgniter\Debug\Exceptions->errorHandler()
#1 /home/hades/Documents/mutiara/apotek-widyaa/vendor/codeigniter4/framework/system/View/View.php(214): include('/home/hades/Doc...')
#2 /home/hades/Documents/mutiara/apotek-widyaa/vendor/codeigniter4/framework/system/View/View.php(217): CodeIgniter\View\View->CodeIgniter\View\{closure}()
#3 /home/hades/Documents/mutiara/apotek-widyaa/vendor/codeigniter4/framework/system/Common.php(1092): CodeIgniter\View\View->render()
#4 /home/hades/Documents/mutiara/apotek-widyaa/app/Controllers/Home.php(47): view()
#5 /home/hades/Documents/mutiara/apotek-widyaa/vendor/codeigniter4/framework/system/CodeIgniter.php(802): App\Controllers\Home->home()
#6 /home/hades/Documents/mutiara/apotek-widyaa/vendor/codeigniter4/framework/system/CodeIgniter.php(399): CodeIgniter\CodeIgniter->runController()
#7 /home/hades/Documents/mutiara/apotek-widyaa/vendor/codeigniter4/framework/system/CodeIgniter.php(317): CodeIgniter\CodeIgniter->handleRequest()
#8 /home/hades/Documents/mutiara/apotek-widyaa/public/index.php(37): CodeIgniter\CodeIgniter->run()
#9 /home/hades/Documents/mutiara/apotek-widyaa/vendor/codeigniter4/framework/system/Commands/Server/rewrite.php(43): require_once('/home/hades/Doc...')
#10 {main}
CRITICAL - 2021-12-15 10:02:04 --> Array to string conversion
#0 /home/hades/Documents/mutiara/apotek-widyaa/app/Views/home/index.php(25): CodeIgniter\Debug\Exceptions->errorHandler()
#1 /home/hades/Documents/mutiara/apotek-widyaa/vendor/codeigniter4/framework/system/View/View.php(214): include('/home/hades/Doc...')
#2 /home/hades/Documents/mutiara/apotek-widyaa/vendor/codeigniter4/framework/system/View/View.php(217): CodeIgniter\View\View->CodeIgniter\View\{closure}()
#3 /home/hades/Documents/mutiara/apotek-widyaa/vendor/codeigniter4/framework/system/Common.php(1092): CodeIgniter\View\View->render()
#4 /home/hades/Documents/mutiara/apotek-widyaa/app/Controllers/Home.php(47): view()
#5 /home/hades/Documents/mutiara/apotek-widyaa/vendor/codeigniter4/framework/system/CodeIgniter.php(802): App\Controllers\Home->home()
#6 /home/hades/Documents/mutiara/apotek-widyaa/vendor/codeigniter4/framework/system/CodeIgniter.php(399): CodeIgniter\CodeIgniter->runController()
#7 /home/hades/Documents/mutiara/apotek-widyaa/vendor/codeigniter4/framework/system/CodeIgniter.php(317): CodeIgniter\CodeIgniter->handleRequest()
#8 /home/hades/Documents/mutiara/apotek-widyaa/public/index.php(37): CodeIgniter\CodeIgniter->run()
#9 /home/hades/Documents/mutiara/apotek-widyaa/vendor/codeigniter4/framework/system/Commands/Server/rewrite.php(43): require_once('/home/hades/Doc...')
#10 {main}
CRITICAL - 2021-12-15 10:04:19 --> Undefined index: nama_obat
#0 /home/hades/Documents/mutiara/apotek-widyaa/app/Views/home/index.php(25): CodeIgniter\Debug\Exceptions->errorHandler()
#1 /home/hades/Documents/mutiara/apotek-widyaa/vendor/codeigniter4/framework/system/View/View.php(214): include('/home/hades/Doc...')
#2 /home/hades/Documents/mutiara/apotek-widyaa/vendor/codeigniter4/framework/system/View/View.php(217): CodeIgniter\View\View->CodeIgniter\View\{closure}()
#3 /home/hades/Documents/mutiara/apotek-widyaa/vendor/codeigniter4/framework/system/Common.php(1092): CodeIgniter\View\View->render()
#4 /home/hades/Documents/mutiara/apotek-widyaa/app/Controllers/Home.php(47): view()
#5 /home/hades/Documents/mutiara/apotek-widyaa/vendor/codeigniter4/framework/system/CodeIgniter.php(802): App\Controllers\Home->home()
#6 /home/hades/Documents/mutiara/apotek-widyaa/vendor/codeigniter4/framework/system/CodeIgniter.php(399): CodeIgniter\CodeIgniter->runController()
#7 /home/hades/Documents/mutiara/apotek-widyaa/vendor/codeigniter4/framework/system/CodeIgniter.php(317): CodeIgniter\CodeIgniter->handleRequest()
#8 /home/hades/Documents/mutiara/apotek-widyaa/public/index.php(37): CodeIgniter\CodeIgniter->run()
#9 /home/hades/Documents/mutiara/apotek-widyaa/vendor/codeigniter4/framework/system/Commands/Server/rewrite.php(43): require_once('/home/hades/Doc...')
#10 {main}
CRITICAL - 2021-12-15 10:05:05 --> Cannot use object of type CodeIgniter\Database\MySQLi\Result as array
#0 /home/hades/Documents/mutiara/apotek-widyaa/vendor/codeigniter4/framework/system/View/View.php(214): include()
#1 /home/hades/Documents/mutiara/apotek-widyaa/vendor/codeigniter4/framework/system/View/View.php(217): CodeIgniter\View\View->CodeIgniter\View\{closure}()
#2 /home/hades/Documents/mutiara/apotek-widyaa/vendor/codeigniter4/framework/system/Common.php(1092): CodeIgniter\View\View->render()
#3 /home/hades/Documents/mutiara/apotek-widyaa/app/Controllers/Home.php(47): view()
#4 /home/hades/Documents/mutiara/apotek-widyaa/vendor/codeigniter4/framework/system/CodeIgniter.php(802): App\Controllers\Home->home()
#5 /home/hades/Documents/mutiara/apotek-widyaa/vendor/codeigniter4/framework/system/CodeIgniter.php(399): CodeIgniter\CodeIgniter->runController()
#6 /home/hades/Documents/mutiara/apotek-widyaa/vendor/codeigniter4/framework/system/CodeIgniter.php(317): CodeIgniter\CodeIgniter->handleRequest()
#7 /home/hades/Documents/mutiara/apotek-widyaa/public/index.php(37): CodeIgniter\CodeIgniter->run()
#8 /home/hades/Documents/mutiara/apotek-widyaa/vendor/codeigniter4/framework/system/Commands/Server/rewrite.php(43): require_once('/home/hades/Doc...')
#9 {main}
CRITICAL - 2021-12-15 23:58:21 --> Cannot use object of type CodeIgniter\Database\MySQLi\Result as array
#0 /home/hades/Documents/mutiara/apotek-widyaa/vendor/codeigniter4/framework/system/View/View.php(214): include()
#1 /home/hades/Documents/mutiara/apotek-widyaa/vendor/codeigniter4/framework/system/View/View.php(217): CodeIgniter\View\View->CodeIgniter\View\{closure}()
#2 /home/hades/Documents/mutiara/apotek-widyaa/vendor/codeigniter4/framework/system/Common.php(1092): CodeIgniter\View\View->render()
#3 /home/hades/Documents/mutiara/apotek-widyaa/app/Controllers/Home.php(47): view()
#4 /home/hades/Documents/mutiara/apotek-widyaa/vendor/codeigniter4/framework/system/CodeIgniter.php(802): App\Controllers\Home->home()
#5 /home/hades/Documents/mutiara/apotek-widyaa/vendor/codeigniter4/framework/system/CodeIgniter.php(399): CodeIgniter\CodeIgniter->runController()
#6 /home/hades/Documents/mutiara/apotek-widyaa/vendor/codeigniter4/framework/system/CodeIgniter.php(317): CodeIgniter\CodeIgniter->handleRequest()
#7 /home/hades/Documents/mutiara/apotek-widyaa/public/index.php(37): CodeIgniter\CodeIgniter->run()
#8 /home/hades/Documents/mutiara/apotek-widyaa/vendor/codeigniter4/framework/system/Commands/Server/rewrite.php(43): require_once('/home/hades/Doc...')
#9 {main}
CRITICAL - 2021-12-15 23:58:30 --> Undefined variable: config
#0 /home/hades/Documents/mutiara/apotek-widyaa/app/Views/auth/login.php(24): CodeIgniter\Debug\Exceptions->errorHandler()
#1 /home/hades/Documents/mutiara/apotek-widyaa/vendor/codeigniter4/framework/system/View/View.php(214): include('/home/hades/Doc...')
#2 /home/hades/Documents/mutiara/apotek-widyaa/vendor/codeigniter4/framework/system/View/View.php(217): CodeIgniter\View\View->CodeIgniter\View\{closure}()
#3 /home/hades/Documents/mutiara/apotek-widyaa/vendor/codeigniter4/framework/system/Common.php(1092): CodeIgniter\View\View->render()
#4 /home/hades/Documents/mutiara/apotek-widyaa/app/Controllers/Home.php(17): view()
#5 /home/hades/Documents/mutiara/apotek-widyaa/vendor/codeigniter4/framework/system/CodeIgniter.php(802): App\Controllers\Home->index()
#6 /home/hades/Documents/mutiara/apotek-widyaa/vendor/codeigniter4/framework/system/CodeIgniter.php(399): CodeIgniter\CodeIgniter->runController()
#7 /home/hades/Documents/mutiara/apotek-widyaa/vendor/codeigniter4/framework/system/CodeIgniter.php(317): CodeIgniter\CodeIgniter->handleRequest()
#8 /home/hades/Documents/mutiara/apotek-widyaa/public/index.php(37): CodeIgniter\CodeIgniter->run()
#9 /home/hades/Documents/mutiara/apotek-widyaa/vendor/codeigniter4/framework/system/Commands/Server/rewrite.php(43): require_once('/home/hades/Doc...')
#10 {main}
ERROR - 2021-12-15 23:58:57 --> Cannot delete or update a parent row: a foreign key constraint fails (`apotek`.`tb_obat_keluar`, CONSTRAINT `tb_obat_keluar_ibfk_1` FOREIGN KEY (`id_obat`) REFERENCES `tb_obat` (`id_obat`))
CRITICAL - 2021-12-15 23:58:57 --> Cannot delete or update a parent row: a foreign key constraint fails (`apotek`.`tb_obat_keluar`, CONSTRAINT `tb_obat_keluar_ibfk_1` FOREIGN KEY (`id_obat`) REFERENCES `tb_obat` (`id_obat`))
#0 /home/hades/Documents/mutiara/apotek-widyaa/vendor/codeigniter4/framework/system/Database/MySQLi/Connection.php(280): mysqli->query()
#1 /home/hades/Documents/mutiara/apotek-widyaa/vendor/codeigniter4/framework/system/Database/BaseConnection.php(663): CodeIgniter\Database\MySQLi\Connection->execute()
#2 /home/hades/Documents/mutiara/apotek-widyaa/vendor/codeigniter4/framework/system/Database/BaseConnection.php(591): CodeIgniter\Database\BaseConnection->simpleQuery()
#3 /home/hades/Documents/mutiara/apotek-widyaa/vendor/codeigniter4/framework/system/Database/BaseBuilder.php(2175): CodeIgniter\Database\BaseConnection->query()
#4 /home/hades/Documents/mutiara/apotek-widyaa/vendor/codeigniter4/framework/system/Model.php(359): CodeIgniter\Database\BaseBuilder->delete()
#5 /home/hades/Documents/mutiara/apotek-widyaa/vendor/codeigniter4/framework/system/BaseModel.php(963): CodeIgniter\Model->doDelete()
#6 /home/hades/Documents/mutiara/apotek-widyaa/app/Controllers/Obat.php(140): CodeIgniter\BaseModel->delete()
#7 /home/hades/Documents/mutiara/apotek-widyaa/vendor/codeigniter4/framework/system/CodeIgniter.php(802): App\Controllers\Obat->multiDelete()
#8 /home/hades/Documents/mutiara/apotek-widyaa/vendor/codeigniter4/framework/system/CodeIgniter.php(399): CodeIgniter\CodeIgniter->runController()
#9 /home/hades/Documents/mutiara/apotek-widyaa/vendor/codeigniter4/framework/system/CodeIgniter.php(317): CodeIgniter\CodeIgniter->handleRequest()
#10 /home/hades/Documents/mutiara/apotek-widyaa/public/index.php(37): CodeIgniter\CodeIgniter->run()
#11 /home/hades/Documents/mutiara/apotek-widyaa/vendor/codeigniter4/framework/system/Commands/Server/rewrite.php(43): require_once('/home/hades/Doc...')
#12 {main}
