CRITICAL - 2021-12-29 04:16:37 --> Undefined variable: obat
#0 /home/hades/Documents/mutiara/apotek-widyaa/app/Views/obat/stokhabis.php(30): CodeIgniter\Debug\Exceptions->errorHandler()
#1 /home/hades/Documents/mutiara/apotek-widyaa/vendor/codeigniter4/framework/system/View/View.php(214): include('/home/hades/Doc...')
#2 /home/hades/Documents/mutiara/apotek-widyaa/vendor/codeigniter4/framework/system/View/View.php(217): CodeIgniter\View\View->CodeIgniter\View\{closure}()
#3 /home/hades/Documents/mutiara/apotek-widyaa/vendor/codeigniter4/framework/system/Common.php(1092): CodeIgniter\View\View->render()
#4 /home/hades/Documents/mutiara/apotek-widyaa/app/Controllers/Obat.php(180): view()
#5 /home/hades/Documents/mutiara/apotek-widyaa/vendor/codeigniter4/framework/system/CodeIgniter.php(802): App\Controllers\Obat->stokHabis()
#6 /home/hades/Documents/mutiara/apotek-widyaa/vendor/codeigniter4/framework/system/CodeIgniter.php(399): CodeIgniter\CodeIgniter->runController()
#7 /home/hades/Documents/mutiara/apotek-widyaa/vendor/codeigniter4/framework/system/CodeIgniter.php(317): CodeIgniter\CodeIgniter->handleRequest()
#8 /home/hades/Documents/mutiara/apotek-widyaa/public/index.php(37): CodeIgniter\CodeIgniter->run()
#9 /home/hades/Documents/mutiara/apotek-widyaa/vendor/codeigniter4/framework/system/Commands/Server/rewrite.php(43): require_once('/home/hades/Doc...')
#10 {main}
CRITICAL - 2021-12-29 04:17:27 --> Undefined variable: obat
#0 /home/hades/Documents/mutiara/apotek-widyaa/app/Views/obat/stokhabis.php(30): CodeIgniter\Debug\Exceptions->errorHandler()
#1 /home/hades/Documents/mutiara/apotek-widyaa/vendor/codeigniter4/framework/system/View/View.php(214): include('/home/hades/Doc...')
#2 /home/hades/Documents/mutiara/apotek-widyaa/vendor/codeigniter4/framework/system/View/View.php(217): CodeIgniter\View\View->CodeIgniter\View\{closure}()
#3 /home/hades/Documents/mutiara/apotek-widyaa/vendor/codeigniter4/framework/system/Common.php(1092): CodeIgniter\View\View->render()
#4 /home/hades/Documents/mutiara/apotek-widyaa/app/Controllers/Obat.php(180): view()
#5 /home/hades/Documents/mutiara/apotek-widyaa/vendor/codeigniter4/framework/system/CodeIgniter.php(802): App\Controllers\Obat->stokHabis()
#6 /home/hades/Documents/mutiara/apotek-widyaa/vendor/codeigniter4/framework/system/CodeIgniter.php(399): CodeIgniter\CodeIgniter->runController()
#7 /home/hades/Documents/mutiara/apotek-widyaa/vendor/codeigniter4/framework/system/CodeIgniter.php(317): CodeIgniter\CodeIgniter->handleRequest()
#8 /home/hades/Documents/mutiara/apotek-widyaa/public/index.php(37): CodeIgniter\CodeIgniter->run()
#9 /home/hades/Documents/mutiara/apotek-widyaa/vendor/codeigniter4/framework/system/Commands/Server/rewrite.php(43): require_once('/home/hades/Doc...')
#10 {main}
CRITICAL - 2021-12-29 04:19:14 --> Undefined variable: stok
#0 /home/hades/Documents/mutiara/apotek-widyaa/app/Views/obat/stokhabis.php(30): CodeIgniter\Debug\Exceptions->errorHandler()
#1 /home/hades/Documents/mutiara/apotek-widyaa/vendor/codeigniter4/framework/system/View/View.php(214): include('/home/hades/Doc...')
#2 /home/hades/Documents/mutiara/apotek-widyaa/vendor/codeigniter4/framework/system/View/View.php(217): CodeIgniter\View\View->CodeIgniter\View\{closure}()
#3 /home/hades/Documents/mutiara/apotek-widyaa/vendor/codeigniter4/framework/system/Common.php(1092): CodeIgniter\View\View->render()
#4 /home/hades/Documents/mutiara/apotek-widyaa/app/Controllers/Obat.php(180): view()
#5 /home/hades/Documents/mutiara/apotek-widyaa/vendor/codeigniter4/framework/system/CodeIgniter.php(802): App\Controllers\Obat->stokHabis()
#6 /home/hades/Documents/mutiara/apotek-widyaa/vendor/codeigniter4/framework/system/CodeIgniter.php(399): CodeIgniter\CodeIgniter->runController()
#7 /home/hades/Documents/mutiara/apotek-widyaa/vendor/codeigniter4/framework/system/CodeIgniter.php(317): CodeIgniter\CodeIgniter->handleRequest()
#8 /home/hades/Documents/mutiara/apotek-widyaa/public/index.php(37): CodeIgniter\CodeIgniter->run()
#9 /home/hades/Documents/mutiara/apotek-widyaa/vendor/codeigniter4/framework/system/Commands/Server/rewrite.php(43): require_once('/home/hades/Doc...')
#10 {main}
CRITICAL - 2021-12-29 04:22:55 --> Call to undefined method CodeIgniter\Database\MySQLi\Result::getResults()
#0 /home/hades/Documents/mutiara/apotek-widyaa/vendor/codeigniter4/framework/system/CodeIgniter.php(802): App\Controllers\Stok->index()
#1 /home/hades/Documents/mutiara/apotek-widyaa/vendor/codeigniter4/framework/system/CodeIgniter.php(399): CodeIgniter\CodeIgniter->runController()
#2 /home/hades/Documents/mutiara/apotek-widyaa/vendor/codeigniter4/framework/system/CodeIgniter.php(317): CodeIgniter\CodeIgniter->handleRequest()
#3 /home/hades/Documents/mutiara/apotek-widyaa/public/index.php(37): CodeIgniter\CodeIgniter->run()
#4 /home/hades/Documents/mutiara/apotek-widyaa/vendor/codeigniter4/framework/system/Commands/Server/rewrite.php(43): require_once('/home/hades/Doc...')
#5 {main}
ERROR - 2021-12-29 04:26:38 --> Unknown column 'tb_obat_masuk.batch' in 'field list'
CRITICAL - 2021-12-29 04:26:38 --> Unknown column 'tb_obat_masuk.batch' in 'field list'
#0 /home/hades/Documents/mutiara/apotek-widyaa/vendor/codeigniter4/framework/system/Database/MySQLi/Connection.php(280): mysqli->query()
#1 /home/hades/Documents/mutiara/apotek-widyaa/vendor/codeigniter4/framework/system/Database/BaseConnection.php(663): CodeIgniter\Database\MySQLi\Connection->execute()
#2 /home/hades/Documents/mutiara/apotek-widyaa/vendor/codeigniter4/framework/system/Database/BaseConnection.php(591): CodeIgniter\Database\BaseConnection->simpleQuery()
#3 /home/hades/Documents/mutiara/apotek-widyaa/vendor/codeigniter4/framework/system/Database/BaseBuilder.php(1428): CodeIgniter\Database\BaseConnection->query()
#4 /home/hades/Documents/mutiara/apotek-widyaa/app/Controllers/Stok.php(41): CodeIgniter\Database\BaseBuilder->get()
#5 /home/hades/Documents/mutiara/apotek-widyaa/vendor/codeigniter4/framework/system/CodeIgniter.php(802): App\Controllers\Stok->index()
#6 /home/hades/Documents/mutiara/apotek-widyaa/vendor/codeigniter4/framework/system/CodeIgniter.php(399): CodeIgniter\CodeIgniter->runController()
#7 /home/hades/Documents/mutiara/apotek-widyaa/vendor/codeigniter4/framework/system/CodeIgniter.php(317): CodeIgniter\CodeIgniter->handleRequest()
#8 /home/hades/Documents/mutiara/apotek-widyaa/public/index.php(37): CodeIgniter\CodeIgniter->run()
#9 /home/hades/Documents/mutiara/apotek-widyaa/vendor/codeigniter4/framework/system/Commands/Server/rewrite.php(43): require_once('/home/hades/Doc...')
#10 {main}
ERROR - 2021-12-29 04:28:41 --> Unknown column 'tb_obat_masuk.batch' in 'field list'
CRITICAL - 2021-12-29 04:28:41 --> Unknown column 'tb_obat_masuk.batch' in 'field list'
#0 /home/hades/Documents/mutiara/apotek-widyaa/vendor/codeigniter4/framework/system/Database/MySQLi/Connection.php(280): mysqli->query()
#1 /home/hades/Documents/mutiara/apotek-widyaa/vendor/codeigniter4/framework/system/Database/BaseConnection.php(663): CodeIgniter\Database\MySQLi\Connection->execute()
#2 /home/hades/Documents/mutiara/apotek-widyaa/vendor/codeigniter4/framework/system/Database/BaseConnection.php(591): CodeIgniter\Database\BaseConnection->simpleQuery()
#3 /home/hades/Documents/mutiara/apotek-widyaa/vendor/codeigniter4/framework/system/Database/BaseBuilder.php(1428): CodeIgniter\Database\BaseConnection->query()
#4 /home/hades/Documents/mutiara/apotek-widyaa/app/Controllers/Stok.php(41): CodeIgniter\Database\BaseBuilder->get()
#5 /home/hades/Documents/mutiara/apotek-widyaa/vendor/codeigniter4/framework/system/CodeIgniter.php(802): App\Controllers\Stok->index()
#6 /home/hades/Documents/mutiara/apotek-widyaa/vendor/codeigniter4/framework/system/CodeIgniter.php(399): CodeIgniter\CodeIgniter->runController()
#7 /home/hades/Documents/mutiara/apotek-widyaa/vendor/codeigniter4/framework/system/CodeIgniter.php(317): CodeIgniter\CodeIgniter->handleRequest()
#8 /home/hades/Documents/mutiara/apotek-widyaa/public/index.php(37): CodeIgniter\CodeIgniter->run()
#9 /home/hades/Documents/mutiara/apotek-widyaa/vendor/codeigniter4/framework/system/Commands/Server/rewrite.php(43): require_once('/home/hades/Doc...')
#10 {main}
CRITICAL - 2021-12-29 04:33:23 --> Array to string conversion
#0 /home/hades/Documents/mutiara/apotek-widyaa/app/Controllers/Stok.php(43): CodeIgniter\Debug\Exceptions->errorHandler()
#1 /home/hades/Documents/mutiara/apotek-widyaa/vendor/codeigniter4/framework/system/CodeIgniter.php(802): App\Controllers\Stok->index()
#2 /home/hades/Documents/mutiara/apotek-widyaa/vendor/codeigniter4/framework/system/CodeIgniter.php(399): CodeIgniter\CodeIgniter->runController()
#3 /home/hades/Documents/mutiara/apotek-widyaa/vendor/codeigniter4/framework/system/CodeIgniter.php(317): CodeIgniter\CodeIgniter->handleRequest()
#4 /home/hades/Documents/mutiara/apotek-widyaa/public/index.php(37): CodeIgniter\CodeIgniter->run()
#5 /home/hades/Documents/mutiara/apotek-widyaa/vendor/codeigniter4/framework/system/Commands/Server/rewrite.php(43): require_once('/home/hades/Doc...')
#6 {main}
CRITICAL - 2021-12-29 04:33:54 --> Array to string conversion
#0 /home/hades/Documents/mutiara/apotek-widyaa/app/Controllers/Stok.php(43): CodeIgniter\Debug\Exceptions->errorHandler()
#1 /home/hades/Documents/mutiara/apotek-widyaa/vendor/codeigniter4/framework/system/CodeIgniter.php(802): App\Controllers\Stok->index()
#2 /home/hades/Documents/mutiara/apotek-widyaa/vendor/codeigniter4/framework/system/CodeIgniter.php(399): CodeIgniter\CodeIgniter->runController()
#3 /home/hades/Documents/mutiara/apotek-widyaa/vendor/codeigniter4/framework/system/CodeIgniter.php(317): CodeIgniter\CodeIgniter->handleRequest()
#4 /home/hades/Documents/mutiara/apotek-widyaa/public/index.php(37): CodeIgniter\CodeIgniter->run()
#5 /home/hades/Documents/mutiara/apotek-widyaa/vendor/codeigniter4/framework/system/Commands/Server/rewrite.php(43): require_once('/home/hades/Doc...')
#6 {main}
CRITICAL - 2021-12-29 04:34:19 --> Object of class CodeIgniter\Database\MySQLi\Result could not be converted to string
#0 /home/hades/Documents/mutiara/apotek-widyaa/vendor/codeigniter4/framework/system/CodeIgniter.php(802): App\Controllers\Stok->index()
#1 /home/hades/Documents/mutiara/apotek-widyaa/vendor/codeigniter4/framework/system/CodeIgniter.php(399): CodeIgniter\CodeIgniter->runController()
#2 /home/hades/Documents/mutiara/apotek-widyaa/vendor/codeigniter4/framework/system/CodeIgniter.php(317): CodeIgniter\CodeIgniter->handleRequest()
#3 /home/hades/Documents/mutiara/apotek-widyaa/public/index.php(37): CodeIgniter\CodeIgniter->run()
#4 /home/hades/Documents/mutiara/apotek-widyaa/vendor/codeigniter4/framework/system/Commands/Server/rewrite.php(43): require_once('/home/hades/Doc...')
#5 {main}
CRITICAL - 2021-12-29 04:34:45 --> Array to string conversion
#0 /home/hades/Documents/mutiara/apotek-widyaa/app/Controllers/Stok.php(43): CodeIgniter\Debug\Exceptions->errorHandler()
#1 /home/hades/Documents/mutiara/apotek-widyaa/vendor/codeigniter4/framework/system/CodeIgniter.php(802): App\Controllers\Stok->index()
#2 /home/hades/Documents/mutiara/apotek-widyaa/vendor/codeigniter4/framework/system/CodeIgniter.php(399): CodeIgniter\CodeIgniter->runController()
#3 /home/hades/Documents/mutiara/apotek-widyaa/vendor/codeigniter4/framework/system/CodeIgniter.php(317): CodeIgniter\CodeIgniter->handleRequest()
#4 /home/hades/Documents/mutiara/apotek-widyaa/public/index.php(37): CodeIgniter\CodeIgniter->run()
#5 /home/hades/Documents/mutiara/apotek-widyaa/vendor/codeigniter4/framework/system/Commands/Server/rewrite.php(43): require_once('/home/hades/Doc...')
#6 {main}
CRITICAL - 2021-12-29 04:36:09 --> Undefined property: stdClass::$id_obat
#0 /home/hades/Documents/mutiara/apotek-widyaa/app/Views/obat/stokhabis.php(41): CodeIgniter\Debug\Exceptions->errorHandler()
#1 /home/hades/Documents/mutiara/apotek-widyaa/vendor/codeigniter4/framework/system/View/View.php(214): include('/home/hades/Doc...')
#2 /home/hades/Documents/mutiara/apotek-widyaa/vendor/codeigniter4/framework/system/View/View.php(217): CodeIgniter\View\View->CodeIgniter\View\{closure}()
#3 /home/hades/Documents/mutiara/apotek-widyaa/vendor/codeigniter4/framework/system/Common.php(1092): CodeIgniter\View\View->render()
#4 /home/hades/Documents/mutiara/apotek-widyaa/app/Controllers/Stok.php(40): view()
#5 /home/hades/Documents/mutiara/apotek-widyaa/vendor/codeigniter4/framework/system/CodeIgniter.php(802): App\Controllers\Stok->index()
#6 /home/hades/Documents/mutiara/apotek-widyaa/vendor/codeigniter4/framework/system/CodeIgniter.php(399): CodeIgniter\CodeIgniter->runController()
#7 /home/hades/Documents/mutiara/apotek-widyaa/vendor/codeigniter4/framework/system/CodeIgniter.php(317): CodeIgniter\CodeIgniter->handleRequest()
#8 /home/hades/Documents/mutiara/apotek-widyaa/public/index.php(37): CodeIgniter\CodeIgniter->run()
#9 /home/hades/Documents/mutiara/apotek-widyaa/vendor/codeigniter4/framework/system/Commands/Server/rewrite.php(43): require_once('/home/hades/Doc...')
#10 {main}
CRITICAL - 2021-12-29 04:51:56 --> Undefined property: stdClass::$batch
#0 /home/hades/Documents/mutiara/apotek-widyaa/app/Views/obat/stokhabis.php(33): CodeIgniter\Debug\Exceptions->errorHandler()
#1 /home/hades/Documents/mutiara/apotek-widyaa/vendor/codeigniter4/framework/system/View/View.php(214): include('/home/hades/Doc...')
#2 /home/hades/Documents/mutiara/apotek-widyaa/vendor/codeigniter4/framework/system/View/View.php(217): CodeIgniter\View\View->CodeIgniter\View\{closure}()
#3 /home/hades/Documents/mutiara/apotek-widyaa/vendor/codeigniter4/framework/system/Common.php(1092): CodeIgniter\View\View->render()
#4 /home/hades/Documents/mutiara/apotek-widyaa/app/Controllers/Stok.php(40): view()
#5 /home/hades/Documents/mutiara/apotek-widyaa/vendor/codeigniter4/framework/system/CodeIgniter.php(802): App\Controllers\Stok->index()
#6 /home/hades/Documents/mutiara/apotek-widyaa/vendor/codeigniter4/framework/system/CodeIgniter.php(399): CodeIgniter\CodeIgniter->runController()
#7 /home/hades/Documents/mutiara/apotek-widyaa/vendor/codeigniter4/framework/system/CodeIgniter.php(317): CodeIgniter\CodeIgniter->handleRequest()
#8 /home/hades/Documents/mutiara/apotek-widyaa/public/index.php(37): CodeIgniter\CodeIgniter->run()
#9 /home/hades/Documents/mutiara/apotek-widyaa/vendor/codeigniter4/framework/system/Commands/Server/rewrite.php(43): require_once('/home/hades/Doc...')
#10 {main}
CRITICAL - 2021-12-29 04:52:27 --> Undefined property: stdClass::$batch
#0 /home/hades/Documents/mutiara/apotek-widyaa/app/Views/obat/stokhabis.php(33): CodeIgniter\Debug\Exceptions->errorHandler()
#1 /home/hades/Documents/mutiara/apotek-widyaa/vendor/codeigniter4/framework/system/View/View.php(214): include('/home/hades/Doc...')
#2 /home/hades/Documents/mutiara/apotek-widyaa/vendor/codeigniter4/framework/system/View/View.php(217): CodeIgniter\View\View->CodeIgniter\View\{closure}()
#3 /home/hades/Documents/mutiara/apotek-widyaa/vendor/codeigniter4/framework/system/Common.php(1092): CodeIgniter\View\View->render()
#4 /home/hades/Documents/mutiara/apotek-widyaa/app/Controllers/Stok.php(40): view()
#5 /home/hades/Documents/mutiara/apotek-widyaa/vendor/codeigniter4/framework/system/CodeIgniter.php(802): App\Controllers\Stok->index()
#6 /home/hades/Documents/mutiara/apotek-widyaa/vendor/codeigniter4/framework/system/CodeIgniter.php(399): CodeIgniter\CodeIgniter->runController()
#7 /home/hades/Documents/mutiara/apotek-widyaa/vendor/codeigniter4/framework/system/CodeIgniter.php(317): CodeIgniter\CodeIgniter->handleRequest()
#8 /home/hades/Documents/mutiara/apotek-widyaa/public/index.php(37): CodeIgniter\CodeIgniter->run()
#9 /home/hades/Documents/mutiara/apotek-widyaa/vendor/codeigniter4/framework/system/Commands/Server/rewrite.php(43): require_once('/home/hades/Doc...')
#10 {main}
CRITICAL - 2021-12-29 04:57:39 --> Undefined property: stdClass::$batch
#0 /home/hades/Documents/mutiara/apotek-widyaa/app/Views/obat/stokhabis.php(76): CodeIgniter\Debug\Exceptions->errorHandler()
#1 /home/hades/Documents/mutiara/apotek-widyaa/vendor/codeigniter4/framework/system/View/View.php(214): include('/home/hades/Doc...')
#2 /home/hades/Documents/mutiara/apotek-widyaa/vendor/codeigniter4/framework/system/View/View.php(217): CodeIgniter\View\View->CodeIgniter\View\{closure}()
#3 /home/hades/Documents/mutiara/apotek-widyaa/vendor/codeigniter4/framework/system/Common.php(1092): CodeIgniter\View\View->render()
#4 /home/hades/Documents/mutiara/apotek-widyaa/app/Controllers/Stok.php(38): view()
#5 /home/hades/Documents/mutiara/apotek-widyaa/vendor/codeigniter4/framework/system/CodeIgniter.php(802): App\Controllers\Stok->index()
#6 /home/hades/Documents/mutiara/apotek-widyaa/vendor/codeigniter4/framework/system/CodeIgniter.php(399): CodeIgniter\CodeIgniter->runController()
#7 /home/hades/Documents/mutiara/apotek-widyaa/vendor/codeigniter4/framework/system/CodeIgniter.php(317): CodeIgniter\CodeIgniter->handleRequest()
#8 /home/hades/Documents/mutiara/apotek-widyaa/public/index.php(37): CodeIgniter\CodeIgniter->run()
#9 /home/hades/Documents/mutiara/apotek-widyaa/vendor/codeigniter4/framework/system/Commands/Server/rewrite.php(43): require_once('/home/hades/Doc...')
#10 {main}
CRITICAL - 2021-12-29 05:03:58 --> Undefined variable: stok
#0 /home/hades/Documents/mutiara/apotek-widyaa/app/Views/obat/kadaluarsa.php(28): CodeIgniter\Debug\Exceptions->errorHandler()
#1 /home/hades/Documents/mutiara/apotek-widyaa/vendor/codeigniter4/framework/system/View/View.php(214): include('/home/hades/Doc...')
#2 /home/hades/Documents/mutiara/apotek-widyaa/vendor/codeigniter4/framework/system/View/View.php(217): CodeIgniter\View\View->CodeIgniter\View\{closure}()
#3 /home/hades/Documents/mutiara/apotek-widyaa/vendor/codeigniter4/framework/system/Common.php(1092): CodeIgniter\View\View->render()
#4 /home/hades/Documents/mutiara/apotek-widyaa/app/Controllers/Stok.php(53): view()
#5 /home/hades/Documents/mutiara/apotek-widyaa/vendor/codeigniter4/framework/system/CodeIgniter.php(802): App\Controllers\Stok->kadaluarsa()
#6 /home/hades/Documents/mutiara/apotek-widyaa/vendor/codeigniter4/framework/system/CodeIgniter.php(399): CodeIgniter\CodeIgniter->runController()
#7 /home/hades/Documents/mutiara/apotek-widyaa/vendor/codeigniter4/framework/system/CodeIgniter.php(317): CodeIgniter\CodeIgniter->handleRequest()
#8 /home/hades/Documents/mutiara/apotek-widyaa/public/index.php(37): CodeIgniter\CodeIgniter->run()
#9 /home/hades/Documents/mutiara/apotek-widyaa/vendor/codeigniter4/framework/system/Commands/Server/rewrite.php(43): require_once('/home/hades/Doc...')
#10 {main}
ERROR - 2021-12-29 05:10:29 --> Not unique table/alias: 'tb_obat_masuk'
CRITICAL - 2021-12-29 05:10:29 --> Not unique table/alias: 'tb_obat_masuk'
#0 /home/hades/Documents/mutiara/apotek-widyaa/vendor/codeigniter4/framework/system/Database/MySQLi/Connection.php(280): mysqli->query()
#1 /home/hades/Documents/mutiara/apotek-widyaa/vendor/codeigniter4/framework/system/Database/BaseConnection.php(663): CodeIgniter\Database\MySQLi\Connection->execute()
#2 /home/hades/Documents/mutiara/apotek-widyaa/vendor/codeigniter4/framework/system/Database/BaseConnection.php(591): CodeIgniter\Database\BaseConnection->simpleQuery()
#3 /home/hades/Documents/mutiara/apotek-widyaa/vendor/codeigniter4/framework/system/Database/BaseBuilder.php(1428): CodeIgniter\Database\BaseConnection->query()
#4 /home/hades/Documents/mutiara/apotek-widyaa/app/Controllers/Stok.php(57): CodeIgniter\Database\BaseBuilder->get()
#5 /home/hades/Documents/mutiara/apotek-widyaa/vendor/codeigniter4/framework/system/CodeIgniter.php(802): App\Controllers\Stok->kadaluarsa()
#6 /home/hades/Documents/mutiara/apotek-widyaa/vendor/codeigniter4/framework/system/CodeIgniter.php(399): CodeIgniter\CodeIgniter->runController()
#7 /home/hades/Documents/mutiara/apotek-widyaa/vendor/codeigniter4/framework/system/CodeIgniter.php(317): CodeIgniter\CodeIgniter->handleRequest()
#8 /home/hades/Documents/mutiara/apotek-widyaa/public/index.php(37): CodeIgniter\CodeIgniter->run()
#9 /home/hades/Documents/mutiara/apotek-widyaa/vendor/codeigniter4/framework/system/Commands/Server/rewrite.php(43): require_once('/home/hades/Doc...')
#10 {main}
CRITICAL - 2021-12-29 05:11:45 --> Undefined variable: stok
#0 /home/hades/Documents/mutiara/apotek-widyaa/app/Views/obat/stokhabis.php(28): CodeIgniter\Debug\Exceptions->errorHandler()
#1 /home/hades/Documents/mutiara/apotek-widyaa/vendor/codeigniter4/framework/system/View/View.php(214): include('/home/hades/Doc...')
#2 /home/hades/Documents/mutiara/apotek-widyaa/vendor/codeigniter4/framework/system/View/View.php(217): CodeIgniter\View\View->CodeIgniter\View\{closure}()
#3 /home/hades/Documents/mutiara/apotek-widyaa/vendor/codeigniter4/framework/system/Common.php(1092): CodeIgniter\View\View->render()
#4 /home/hades/Documents/mutiara/apotek-widyaa/app/Controllers/Stok.php(60): view()
#5 /home/hades/Documents/mutiara/apotek-widyaa/vendor/codeigniter4/framework/system/CodeIgniter.php(802): App\Controllers\Stok->kadaluarsa()
#6 /home/hades/Documents/mutiara/apotek-widyaa/vendor/codeigniter4/framework/system/CodeIgniter.php(399): CodeIgniter\CodeIgniter->runController()
#7 /home/hades/Documents/mutiara/apotek-widyaa/vendor/codeigniter4/framework/system/CodeIgniter.php(317): CodeIgniter\CodeIgniter->handleRequest()
#8 /home/hades/Documents/mutiara/apotek-widyaa/public/index.php(37): CodeIgniter\CodeIgniter->run()
#9 /home/hades/Documents/mutiara/apotek-widyaa/vendor/codeigniter4/framework/system/Commands/Server/rewrite.php(43): require_once('/home/hades/Doc...')
#10 {main}
CRITICAL - 2021-12-29 08:25:06 --> Undefined index: id_satuan
#0 /home/hades/Documents/mutiara/apotek-widyaa/app/Views/obat/edit.php(36): CodeIgniter\Debug\Exceptions->errorHandler()
#1 /home/hades/Documents/mutiara/apotek-widyaa/vendor/codeigniter4/framework/system/View/View.php(214): include('/home/hades/Doc...')
#2 /home/hades/Documents/mutiara/apotek-widyaa/vendor/codeigniter4/framework/system/View/View.php(217): CodeIgniter\View\View->CodeIgniter\View\{closure}()
#3 /home/hades/Documents/mutiara/apotek-widyaa/vendor/codeigniter4/framework/system/Common.php(1092): CodeIgniter\View\View->render()
#4 /home/hades/Documents/mutiara/apotek-widyaa/app/Controllers/Obat.php(150): view()
#5 /home/hades/Documents/mutiara/apotek-widyaa/vendor/codeigniter4/framework/system/CodeIgniter.php(802): App\Controllers\Obat->edit()
#6 /home/hades/Documents/mutiara/apotek-widyaa/vendor/codeigniter4/framework/system/CodeIgniter.php(399): CodeIgniter\CodeIgniter->runController()
#7 /home/hades/Documents/mutiara/apotek-widyaa/vendor/codeigniter4/framework/system/CodeIgniter.php(317): CodeIgniter\CodeIgniter->handleRequest()
#8 /home/hades/Documents/mutiara/apotek-widyaa/public/index.php(37): CodeIgniter\CodeIgniter->run()
#9 /home/hades/Documents/mutiara/apotek-widyaa/vendor/codeigniter4/framework/system/Commands/Server/rewrite.php(43): require_once('/home/hades/Doc...')
#10 {main}
CRITICAL - 2021-12-29 08:25:54 --> Undefined index: id_satuan
#0 /home/hades/Documents/mutiara/apotek-widyaa/app/Views/obat/edit.php(36): CodeIgniter\Debug\Exceptions->errorHandler()
#1 /home/hades/Documents/mutiara/apotek-widyaa/vendor/codeigniter4/framework/system/View/View.php(214): include('/home/hades/Doc...')
#2 /home/hades/Documents/mutiara/apotek-widyaa/vendor/codeigniter4/framework/system/View/View.php(217): CodeIgniter\View\View->CodeIgniter\View\{closure}()
#3 /home/hades/Documents/mutiara/apotek-widyaa/vendor/codeigniter4/framework/system/Common.php(1092): CodeIgniter\View\View->render()
#4 /home/hades/Documents/mutiara/apotek-widyaa/app/Controllers/Obat.php(150): view()
#5 /home/hades/Documents/mutiara/apotek-widyaa/vendor/codeigniter4/framework/system/CodeIgniter.php(802): App\Controllers\Obat->edit()
#6 /home/hades/Documents/mutiara/apotek-widyaa/vendor/codeigniter4/framework/system/CodeIgniter.php(399): CodeIgniter\CodeIgniter->runController()
#7 /home/hades/Documents/mutiara/apotek-widyaa/vendor/codeigniter4/framework/system/CodeIgniter.php(317): CodeIgniter\CodeIgniter->handleRequest()
#8 /home/hades/Documents/mutiara/apotek-widyaa/public/index.php(37): CodeIgniter\CodeIgniter->run()
#9 /home/hades/Documents/mutiara/apotek-widyaa/vendor/codeigniter4/framework/system/Commands/Server/rewrite.php(43): require_once('/home/hades/Doc...')
#10 {main}
CRITICAL - 2021-12-29 08:26:53 --> Undefined variable: golongan
#0 /home/hades/Documents/mutiara/apotek-widyaa/app/Views/obat/edit.php(47): CodeIgniter\Debug\Exceptions->errorHandler()
#1 /home/hades/Documents/mutiara/apotek-widyaa/vendor/codeigniter4/framework/system/View/View.php(214): include('/home/hades/Doc...')
#2 /home/hades/Documents/mutiara/apotek-widyaa/vendor/codeigniter4/framework/system/View/View.php(217): CodeIgniter\View\View->CodeIgniter\View\{closure}()
#3 /home/hades/Documents/mutiara/apotek-widyaa/vendor/codeigniter4/framework/system/Common.php(1092): CodeIgniter\View\View->render()
#4 /home/hades/Documents/mutiara/apotek-widyaa/app/Controllers/Obat.php(150): view()
#5 /home/hades/Documents/mutiara/apotek-widyaa/vendor/codeigniter4/framework/system/CodeIgniter.php(802): App\Controllers\Obat->edit()
#6 /home/hades/Documents/mutiara/apotek-widyaa/vendor/codeigniter4/framework/system/CodeIgniter.php(399): CodeIgniter\CodeIgniter->runController()
#7 /home/hades/Documents/mutiara/apotek-widyaa/vendor/codeigniter4/framework/system/CodeIgniter.php(317): CodeIgniter\CodeIgniter->handleRequest()
#8 /home/hades/Documents/mutiara/apotek-widyaa/public/index.php(37): CodeIgniter\CodeIgniter->run()
#9 /home/hades/Documents/mutiara/apotek-widyaa/vendor/codeigniter4/framework/system/Commands/Server/rewrite.php(43): require_once('/home/hades/Doc...')
#10 {main}
CRITICAL - 2021-12-29 08:29:14 --> Undefined variable: golongan
#0 /home/hades/Documents/mutiara/apotek-widyaa/app/Views/obat/edit.php(47): CodeIgniter\Debug\Exceptions->errorHandler()
#1 /home/hades/Documents/mutiara/apotek-widyaa/vendor/codeigniter4/framework/system/View/View.php(214): include('/home/hades/Doc...')
#2 /home/hades/Documents/mutiara/apotek-widyaa/vendor/codeigniter4/framework/system/View/View.php(217): CodeIgniter\View\View->CodeIgniter\View\{closure}()
#3 /home/hades/Documents/mutiara/apotek-widyaa/vendor/codeigniter4/framework/system/Common.php(1092): CodeIgniter\View\View->render()
#4 /home/hades/Documents/mutiara/apotek-widyaa/app/Controllers/Obat.php(150): view()
#5 /home/hades/Documents/mutiara/apotek-widyaa/vendor/codeigniter4/framework/system/CodeIgniter.php(802): App\Controllers\Obat->edit()
#6 /home/hades/Documents/mutiara/apotek-widyaa/vendor/codeigniter4/framework/system/CodeIgniter.php(399): CodeIgniter\CodeIgniter->runController()
#7 /home/hades/Documents/mutiara/apotek-widyaa/vendor/codeigniter4/framework/system/CodeIgniter.php(317): CodeIgniter\CodeIgniter->handleRequest()
#8 /home/hades/Documents/mutiara/apotek-widyaa/public/index.php(37): CodeIgniter\CodeIgniter->run()
#9 /home/hades/Documents/mutiara/apotek-widyaa/vendor/codeigniter4/framework/system/Commands/Server/rewrite.php(43): require_once('/home/hades/Doc...')
#10 {main}
CRITICAL - 2021-12-29 08:32:27 --> Undefined index: id_golongan
#0 /home/hades/Documents/mutiara/apotek-widyaa/app/Views/obat/edit.php(48): CodeIgniter\Debug\Exceptions->errorHandler()
#1 /home/hades/Documents/mutiara/apotek-widyaa/vendor/codeigniter4/framework/system/View/View.php(214): include('/home/hades/Doc...')
#2 /home/hades/Documents/mutiara/apotek-widyaa/vendor/codeigniter4/framework/system/View/View.php(217): CodeIgniter\View\View->CodeIgniter\View\{closure}()
#3 /home/hades/Documents/mutiara/apotek-widyaa/vendor/codeigniter4/framework/system/Common.php(1092): CodeIgniter\View\View->render()
#4 /home/hades/Documents/mutiara/apotek-widyaa/app/Controllers/Obat.php(154): view()
#5 /home/hades/Documents/mutiara/apotek-widyaa/vendor/codeigniter4/framework/system/CodeIgniter.php(802): App\Controllers\Obat->edit()
#6 /home/hades/Documents/mutiara/apotek-widyaa/vendor/codeigniter4/framework/system/CodeIgniter.php(399): CodeIgniter\CodeIgniter->runController()
#7 /home/hades/Documents/mutiara/apotek-widyaa/vendor/codeigniter4/framework/system/CodeIgniter.php(317): CodeIgniter\CodeIgniter->handleRequest()
#8 /home/hades/Documents/mutiara/apotek-widyaa/public/index.php(37): CodeIgniter\CodeIgniter->run()
#9 /home/hades/Documents/mutiara/apotek-widyaa/vendor/codeigniter4/framework/system/Commands/Server/rewrite.php(43): require_once('/home/hades/Doc...')
#10 {main}
CRITICAL - 2021-12-29 08:33:20 --> Undefined index: id_golongan
#0 /home/hades/Documents/mutiara/apotek-widyaa/app/Views/obat/edit.php(48): CodeIgniter\Debug\Exceptions->errorHandler()
#1 /home/hades/Documents/mutiara/apotek-widyaa/vendor/codeigniter4/framework/system/View/View.php(214): include('/home/hades/Doc...')
#2 /home/hades/Documents/mutiara/apotek-widyaa/vendor/codeigniter4/framework/system/View/View.php(217): CodeIgniter\View\View->CodeIgniter\View\{closure}()
#3 /home/hades/Documents/mutiara/apotek-widyaa/vendor/codeigniter4/framework/system/Common.php(1092): CodeIgniter\View\View->render()
#4 /home/hades/Documents/mutiara/apotek-widyaa/app/Controllers/Obat.php(154): view()
#5 /home/hades/Documents/mutiara/apotek-widyaa/vendor/codeigniter4/framework/system/CodeIgniter.php(802): App\Controllers\Obat->edit()
#6 /home/hades/Documents/mutiara/apotek-widyaa/vendor/codeigniter4/framework/system/CodeIgniter.php(399): CodeIgniter\CodeIgniter->runController()
#7 /home/hades/Documents/mutiara/apotek-widyaa/vendor/codeigniter4/framework/system/CodeIgniter.php(317): CodeIgniter\CodeIgniter->handleRequest()
#8 /home/hades/Documents/mutiara/apotek-widyaa/public/index.php(37): CodeIgniter\CodeIgniter->run()
#9 /home/hades/Documents/mutiara/apotek-widyaa/vendor/codeigniter4/framework/system/Commands/Server/rewrite.php(43): require_once('/home/hades/Doc...')
#10 {main}
