CRITICAL - 2022-01-07 00:08:11 --> Cannot declare class App\Controllers\Masuk, because the name is already in use
#0 [internal function]: CodeIgniter\Debug\Exceptions->shutdownHandler()
#1 {main}
ERROR - 2022-01-07 00:09:24 --> You have an error in your SQL syntax; check the manual that corresponds to your MySQL server version for the right syntax to use near '.`jumlah_keluar`
FROM `tb_obat_keluar`
JOIN `tb_obat` ON `tb_obat`.`id_obat` = `' at line 1
CRITICAL - 2022-01-07 00:09:24 --> You have an error in your SQL syntax; check the manual that corresponds to your MySQL server version for the right syntax to use near '.`jumlah_keluar`
FROM `tb_obat_keluar`
JOIN `tb_obat` ON `tb_obat`.`id_obat` = `' at line 1
#0 /home/hades/Documents/mutiara/apotek-widyaa/vendor/codeigniter4/framework/system/Database/MySQLi/Connection.php(280): mysqli->query()
#1 /home/hades/Documents/mutiara/apotek-widyaa/vendor/codeigniter4/framework/system/Database/BaseConnection.php(663): CodeIgniter\Database\MySQLi\Connection->execute()
#2 /home/hades/Documents/mutiara/apotek-widyaa/vendor/codeigniter4/framework/system/Database/BaseConnection.php(591): CodeIgniter\Database\BaseConnection->simpleQuery()
#3 /home/hades/Documents/mutiara/apotek-widyaa/vendor/codeigniter4/framework/system/Database/BaseBuilder.php(1428): CodeIgniter\Database\BaseConnection->query()
#4 /home/hades/Documents/mutiara/apotek-widyaa/app/Controllers/Laporan.php(52): CodeIgniter\Database\BaseBuilder->get()
#5 /home/hades/Documents/mutiara/apotek-widyaa/app/Controllers/Laporan.php(28): App\Controllers\Laporan->generatePDF()
#6 /home/hades/Documents/mutiara/apotek-widyaa/vendor/codeigniter4/framework/system/CodeIgniter.php(802): App\Controllers\Laporan->index()
#7 /home/hades/Documents/mutiara/apotek-widyaa/vendor/codeigniter4/framework/system/CodeIgniter.php(399): CodeIgniter\CodeIgniter->runController()
#8 /home/hades/Documents/mutiara/apotek-widyaa/vendor/codeigniter4/framework/system/CodeIgniter.php(317): CodeIgniter\CodeIgniter->handleRequest()
#9 /home/hades/Documents/mutiara/apotek-widyaa/public/index.php(37): CodeIgniter\CodeIgniter->run()
#10 /home/hades/Documents/mutiara/apotek-widyaa/vendor/codeigniter4/framework/system/Commands/Server/rewrite.php(43): require_once('/home/hades/Doc...')
#11 {main}
CRITICAL - 2022-01-07 00:10:48 --> Undefined variable: title
#0 /home/hades/Documents/mutiara/apotek-widyaa/app/Views/masuk/index.php(12): CodeIgniter\Debug\Exceptions->errorHandler()
#1 /home/hades/Documents/mutiara/apotek-widyaa/vendor/codeigniter4/framework/system/View/View.php(214): include('/home/hades/Doc...')
#2 /home/hades/Documents/mutiara/apotek-widyaa/vendor/codeigniter4/framework/system/View/View.php(217): CodeIgniter\View\View->CodeIgniter\View\{closure}()
#3 /home/hades/Documents/mutiara/apotek-widyaa/vendor/codeigniter4/framework/system/Common.php(1092): CodeIgniter\View\View->render()
#4 /home/hades/Documents/mutiara/apotek-widyaa/app/Controllers/Laporan.php(40): view()
#5 /home/hades/Documents/mutiara/apotek-widyaa/vendor/codeigniter4/framework/system/CodeIgniter.php(802): App\Controllers\Laporan->index()
#6 /home/hades/Documents/mutiara/apotek-widyaa/vendor/codeigniter4/framework/system/CodeIgniter.php(399): CodeIgniter\CodeIgniter->runController()
#7 /home/hades/Documents/mutiara/apotek-widyaa/vendor/codeigniter4/framework/system/CodeIgniter.php(317): CodeIgniter\CodeIgniter->handleRequest()
#8 /home/hades/Documents/mutiara/apotek-widyaa/public/index.php(37): CodeIgniter\CodeIgniter->run()
#9 /home/hades/Documents/mutiara/apotek-widyaa/vendor/codeigniter4/framework/system/Commands/Server/rewrite.php(43): require_once('/home/hades/Doc...')
#10 {main}
CRITICAL - 2022-01-07 00:11:00 --> Undefined variable: title
#0 /home/hades/Documents/mutiara/apotek-widyaa/app/Views/masuk/index.php(12): CodeIgniter\Debug\Exceptions->errorHandler()
#1 /home/hades/Documents/mutiara/apotek-widyaa/vendor/codeigniter4/framework/system/View/View.php(214): include('/home/hades/Doc...')
#2 /home/hades/Documents/mutiara/apotek-widyaa/vendor/codeigniter4/framework/system/View/View.php(217): CodeIgniter\View\View->CodeIgniter\View\{closure}()
#3 /home/hades/Documents/mutiara/apotek-widyaa/vendor/codeigniter4/framework/system/Common.php(1092): CodeIgniter\View\View->render()
#4 /home/hades/Documents/mutiara/apotek-widyaa/app/Controllers/Laporan.php(40): view()
#5 /home/hades/Documents/mutiara/apotek-widyaa/vendor/codeigniter4/framework/system/CodeIgniter.php(802): App\Controllers\Laporan->index()
#6 /home/hades/Documents/mutiara/apotek-widyaa/vendor/codeigniter4/framework/system/CodeIgniter.php(399): CodeIgniter\CodeIgniter->runController()
#7 /home/hades/Documents/mutiara/apotek-widyaa/vendor/codeigniter4/framework/system/CodeIgniter.php(317): CodeIgniter\CodeIgniter->handleRequest()
#8 /home/hades/Documents/mutiara/apotek-widyaa/public/index.php(37): CodeIgniter\CodeIgniter->run()
#9 /home/hades/Documents/mutiara/apotek-widyaa/vendor/codeigniter4/framework/system/Commands/Server/rewrite.php(43): require_once('/home/hades/Doc...')
#10 {main}
CRITICAL - 2022-01-07 00:11:49 --> Undefined variable: masuk
#0 /home/hades/Documents/mutiara/apotek-widyaa/app/Views/masuk/index.php(81): CodeIgniter\Debug\Exceptions->errorHandler()
#1 /home/hades/Documents/mutiara/apotek-widyaa/vendor/codeigniter4/framework/system/View/View.php(214): include('/home/hades/Doc...')
#2 /home/hades/Documents/mutiara/apotek-widyaa/vendor/codeigniter4/framework/system/View/View.php(217): CodeIgniter\View\View->CodeIgniter\View\{closure}()
#3 /home/hades/Documents/mutiara/apotek-widyaa/vendor/codeigniter4/framework/system/Common.php(1092): CodeIgniter\View\View->render()
#4 /home/hades/Documents/mutiara/apotek-widyaa/app/Controllers/Laporan.php(40): view()
#5 /home/hades/Documents/mutiara/apotek-widyaa/vendor/codeigniter4/framework/system/CodeIgniter.php(802): App\Controllers\Laporan->index()
#6 /home/hades/Documents/mutiara/apotek-widyaa/vendor/codeigniter4/framework/system/CodeIgniter.php(399): CodeIgniter\CodeIgniter->runController()
#7 /home/hades/Documents/mutiara/apotek-widyaa/vendor/codeigniter4/framework/system/CodeIgniter.php(317): CodeIgniter\CodeIgniter->handleRequest()
#8 /home/hades/Documents/mutiara/apotek-widyaa/public/index.php(37): CodeIgniter\CodeIgniter->run()
#9 /home/hades/Documents/mutiara/apotek-widyaa/vendor/codeigniter4/framework/system/Commands/Server/rewrite.php(43): require_once('/home/hades/Doc...')
#10 {main}
ERROR - 2022-01-07 00:12:39 --> You have an error in your SQL syntax; check the manual that corresponds to your MySQL server version for the right syntax to use near '.`jumlah_keluar`
FROM `tb_obat_keluar`
JOIN `tb_obat` ON `tb_obat`.`id_obat` = `' at line 1
CRITICAL - 2022-01-07 00:12:39 --> You have an error in your SQL syntax; check the manual that corresponds to your MySQL server version for the right syntax to use near '.`jumlah_keluar`
FROM `tb_obat_keluar`
JOIN `tb_obat` ON `tb_obat`.`id_obat` = `' at line 1
#0 /home/hades/Documents/mutiara/apotek-widyaa/vendor/codeigniter4/framework/system/Database/MySQLi/Connection.php(280): mysqli->query()
#1 /home/hades/Documents/mutiara/apotek-widyaa/vendor/codeigniter4/framework/system/Database/BaseConnection.php(663): CodeIgniter\Database\MySQLi\Connection->execute()
#2 /home/hades/Documents/mutiara/apotek-widyaa/vendor/codeigniter4/framework/system/Database/BaseConnection.php(591): CodeIgniter\Database\BaseConnection->simpleQuery()
#3 /home/hades/Documents/mutiara/apotek-widyaa/vendor/codeigniter4/framework/system/Database/BaseBuilder.php(1428): CodeIgniter\Database\BaseConnection->query()
#4 /home/hades/Documents/mutiara/apotek-widyaa/app/Controllers/Laporan.php(57): CodeIgniter\Database\BaseBuilder->get()
#5 /home/hades/Documents/mutiara/apotek-widyaa/app/Controllers/Laporan.php(28): App\Controllers\Laporan->generatePDF()
#6 /home/hades/Documents/mutiara/apotek-widyaa/vendor/codeigniter4/framework/system/CodeIgniter.php(802): App\Controllers\Laporan->index()
#7 /home/hades/Documents/mutiara/apotek-widyaa/vendor/codeigniter4/framework/system/CodeIgniter.php(399): CodeIgniter\CodeIgniter->runController()
#8 /home/hades/Documents/mutiara/apotek-widyaa/vendor/codeigniter4/framework/system/CodeIgniter.php(317): CodeIgniter\CodeIgniter->handleRequest()
#9 /home/hades/Documents/mutiara/apotek-widyaa/public/index.php(37): CodeIgniter\CodeIgniter->run()
#10 /home/hades/Documents/mutiara/apotek-widyaa/vendor/codeigniter4/framework/system/Commands/Server/rewrite.php(43): require_once('/home/hades/Doc...')
#11 {main}
CRITICAL - 2022-01-07 00:15:20 --> Undefined variable: keluar
#0 /home/hades/Documents/mutiara/apotek-widyaa/app/Views/laporan/template-laporan.php(94): CodeIgniter\Debug\Exceptions->errorHandler()
#1 /home/hades/Documents/mutiara/apotek-widyaa/vendor/codeigniter4/framework/system/View/View.php(214): include('/home/hades/Doc...')
#2 /home/hades/Documents/mutiara/apotek-widyaa/vendor/codeigniter4/framework/system/View/View.php(217): CodeIgniter\View\View->CodeIgniter\View\{closure}()
#3 /home/hades/Documents/mutiara/apotek-widyaa/vendor/codeigniter4/framework/system/Common.php(1092): CodeIgniter\View\View->render()
#4 /home/hades/Documents/mutiara/apotek-widyaa/app/Controllers/Laporan.php(70): view()
#5 /home/hades/Documents/mutiara/apotek-widyaa/app/Controllers/Laporan.php(28): App\Controllers\Laporan->generatePDF()
#6 /home/hades/Documents/mutiara/apotek-widyaa/vendor/codeigniter4/framework/system/CodeIgniter.php(802): App\Controllers\Laporan->index()
#7 /home/hades/Documents/mutiara/apotek-widyaa/vendor/codeigniter4/framework/system/CodeIgniter.php(399): CodeIgniter\CodeIgniter->runController()
#8 /home/hades/Documents/mutiara/apotek-widyaa/vendor/codeigniter4/framework/system/CodeIgniter.php(317): CodeIgniter\CodeIgniter->handleRequest()
#9 /home/hades/Documents/mutiara/apotek-widyaa/public/index.php(37): CodeIgniter\CodeIgniter->run()
#10 /home/hades/Documents/mutiara/apotek-widyaa/vendor/codeigniter4/framework/system/Commands/Server/rewrite.php(43): require_once('/home/hades/Doc...')
#11 {main}
CRITICAL - 2022-01-07 00:16:22 --> array_sum() expects parameter 1 to be array, int given
#0 [internal function]: CodeIgniter\Debug\Exceptions->errorHandler()
#1 /home/hades/Documents/mutiara/apotek-widyaa/app/Views/laporan/template-laporan.php(141): array_sum()
#2 /home/hades/Documents/mutiara/apotek-widyaa/vendor/codeigniter4/framework/system/View/View.php(214): include('/home/hades/Doc...')
#3 /home/hades/Documents/mutiara/apotek-widyaa/vendor/codeigniter4/framework/system/View/View.php(217): CodeIgniter\View\View->CodeIgniter\View\{closure}()
#4 /home/hades/Documents/mutiara/apotek-widyaa/vendor/codeigniter4/framework/system/Common.php(1092): CodeIgniter\View\View->render()
#5 /home/hades/Documents/mutiara/apotek-widyaa/app/Controllers/Laporan.php(70): view()
#6 /home/hades/Documents/mutiara/apotek-widyaa/app/Controllers/Laporan.php(28): App\Controllers\Laporan->generatePDF()
#7 /home/hades/Documents/mutiara/apotek-widyaa/vendor/codeigniter4/framework/system/CodeIgniter.php(802): App\Controllers\Laporan->index()
#8 /home/hades/Documents/mutiara/apotek-widyaa/vendor/codeigniter4/framework/system/CodeIgniter.php(399): CodeIgniter\CodeIgniter->runController()
#9 /home/hades/Documents/mutiara/apotek-widyaa/vendor/codeigniter4/framework/system/CodeIgniter.php(317): CodeIgniter\CodeIgniter->handleRequest()
#10 /home/hades/Documents/mutiara/apotek-widyaa/public/index.php(37): CodeIgniter\CodeIgniter->run()
#11 /home/hades/Documents/mutiara/apotek-widyaa/vendor/codeigniter4/framework/system/Commands/Server/rewrite.php(43): require_once('/home/hades/Doc...')
#12 {main}
CRITICAL - 2022-01-07 00:16:59 --> array_sum() expects parameter 1 to be array, int given
#0 [internal function]: CodeIgniter\Debug\Exceptions->errorHandler()
#1 /home/hades/Documents/mutiara/apotek-widyaa/app/Views/laporan/template-laporan.php(141): array_sum()
#2 /home/hades/Documents/mutiara/apotek-widyaa/vendor/codeigniter4/framework/system/View/View.php(214): include('/home/hades/Doc...')
#3 /home/hades/Documents/mutiara/apotek-widyaa/vendor/codeigniter4/framework/system/View/View.php(217): CodeIgniter\View\View->CodeIgniter\View\{closure}()
#4 /home/hades/Documents/mutiara/apotek-widyaa/vendor/codeigniter4/framework/system/Common.php(1092): CodeIgniter\View\View->render()
#5 /home/hades/Documents/mutiara/apotek-widyaa/app/Controllers/Laporan.php(70): view()
#6 /home/hades/Documents/mutiara/apotek-widyaa/app/Controllers/Laporan.php(28): App\Controllers\Laporan->generatePDF()
#7 /home/hades/Documents/mutiara/apotek-widyaa/vendor/codeigniter4/framework/system/CodeIgniter.php(802): App\Controllers\Laporan->index()
#8 /home/hades/Documents/mutiara/apotek-widyaa/vendor/codeigniter4/framework/system/CodeIgniter.php(399): CodeIgniter\CodeIgniter->runController()
#9 /home/hades/Documents/mutiara/apotek-widyaa/vendor/codeigniter4/framework/system/CodeIgniter.php(317): CodeIgniter\CodeIgniter->handleRequest()
#10 /home/hades/Documents/mutiara/apotek-widyaa/public/index.php(37): CodeIgniter\CodeIgniter->run()
#11 /home/hades/Documents/mutiara/apotek-widyaa/vendor/codeigniter4/framework/system/Commands/Server/rewrite.php(43): require_once('/home/hades/Doc...')
#12 {main}
ERROR - 2022-01-07 00:43:58 --> You have an error in your SQL syntax; check the manual that corresponds to your MySQL server version for the right syntax to use near ':YEAR(tb_obat_keluar.created_at) = YEAR(tb_obat_masuk.created_at):
ORDER BY `nam' at line 6
CRITICAL - 2022-01-07 00:43:58 --> You have an error in your SQL syntax; check the manual that corresponds to your MySQL server version for the right syntax to use near ':YEAR(tb_obat_keluar.created_at) = YEAR(tb_obat_masuk.created_at):
ORDER BY `nam' at line 6
#0 /home/hades/Documents/mutiara/apotek-widyaa/vendor/codeigniter4/framework/system/Database/MySQLi/Connection.php(280): mysqli->query()
#1 /home/hades/Documents/mutiara/apotek-widyaa/vendor/codeigniter4/framework/system/Database/BaseConnection.php(663): CodeIgniter\Database\MySQLi\Connection->execute()
#2 /home/hades/Documents/mutiara/apotek-widyaa/vendor/codeigniter4/framework/system/Database/BaseConnection.php(591): CodeIgniter\Database\BaseConnection->simpleQuery()
#3 /home/hades/Documents/mutiara/apotek-widyaa/vendor/codeigniter4/framework/system/Database/BaseBuilder.php(1428): CodeIgniter\Database\BaseConnection->query()
#4 /home/hades/Documents/mutiara/apotek-widyaa/app/Controllers/Laporan.php(57): CodeIgniter\Database\BaseBuilder->get()
#5 /home/hades/Documents/mutiara/apotek-widyaa/app/Controllers/Laporan.php(28): App\Controllers\Laporan->generatePDF()
#6 /home/hades/Documents/mutiara/apotek-widyaa/vendor/codeigniter4/framework/system/CodeIgniter.php(802): App\Controllers\Laporan->index()
#7 /home/hades/Documents/mutiara/apotek-widyaa/vendor/codeigniter4/framework/system/CodeIgniter.php(399): CodeIgniter\CodeIgniter->runController()
#8 /home/hades/Documents/mutiara/apotek-widyaa/vendor/codeigniter4/framework/system/CodeIgniter.php(317): CodeIgniter\CodeIgniter->handleRequest()
#9 /home/hades/Documents/mutiara/apotek-widyaa/public/index.php(37): CodeIgniter\CodeIgniter->run()
#10 /home/hades/Documents/mutiara/apotek-widyaa/vendor/codeigniter4/framework/system/Commands/Server/rewrite.php(43): require_once('/home/hades/Doc...')
#11 {main}
ERROR - 2022-01-07 00:46:09 --> You have an error in your SQL syntax; check the manual that corresponds to your MySQL server version for the right syntax to use near ':YEAR(tb_obat_keluar.created_at) = YEAR(tb_obat_masuk.created_at):
ORDER BY `nam' at line 6
CRITICAL - 2022-01-07 00:46:09 --> You have an error in your SQL syntax; check the manual that corresponds to your MySQL server version for the right syntax to use near ':YEAR(tb_obat_keluar.created_at) = YEAR(tb_obat_masuk.created_at):
ORDER BY `nam' at line 6
#0 /home/hades/Documents/mutiara/apotek-widyaa/vendor/codeigniter4/framework/system/Database/MySQLi/Connection.php(280): mysqli->query()
#1 /home/hades/Documents/mutiara/apotek-widyaa/vendor/codeigniter4/framework/system/Database/BaseConnection.php(663): CodeIgniter\Database\MySQLi\Connection->execute()
#2 /home/hades/Documents/mutiara/apotek-widyaa/vendor/codeigniter4/framework/system/Database/BaseConnection.php(591): CodeIgniter\Database\BaseConnection->simpleQuery()
#3 /home/hades/Documents/mutiara/apotek-widyaa/vendor/codeigniter4/framework/system/Database/BaseBuilder.php(1428): CodeIgniter\Database\BaseConnection->query()
#4 /home/hades/Documents/mutiara/apotek-widyaa/app/Controllers/Laporan.php(57): CodeIgniter\Database\BaseBuilder->get()
#5 /home/hades/Documents/mutiara/apotek-widyaa/app/Controllers/Laporan.php(28): App\Controllers\Laporan->generatePDF()
#6 /home/hades/Documents/mutiara/apotek-widyaa/vendor/codeigniter4/framework/system/CodeIgniter.php(802): App\Controllers\Laporan->index()
#7 /home/hades/Documents/mutiara/apotek-widyaa/vendor/codeigniter4/framework/system/CodeIgniter.php(399): CodeIgniter\CodeIgniter->runController()
#8 /home/hades/Documents/mutiara/apotek-widyaa/vendor/codeigniter4/framework/system/CodeIgniter.php(317): CodeIgniter\CodeIgniter->handleRequest()
#9 /home/hades/Documents/mutiara/apotek-widyaa/public/index.php(37): CodeIgniter\CodeIgniter->run()
#10 /home/hades/Documents/mutiara/apotek-widyaa/vendor/codeigniter4/framework/system/Commands/Server/rewrite.php(43): require_once('/home/hades/Doc...')
#11 {main}
ERROR - 2022-01-07 00:55:11 --> Unknown column 'terjual' in 'where clause'
CRITICAL - 2022-01-07 00:55:11 --> Unknown column 'terjual' in 'where clause'
#0 /home/hades/Documents/mutiara/apotek-widyaa/vendor/codeigniter4/framework/system/Database/MySQLi/Connection.php(280): mysqli->query()
#1 /home/hades/Documents/mutiara/apotek-widyaa/vendor/codeigniter4/framework/system/Database/BaseConnection.php(663): CodeIgniter\Database\MySQLi\Connection->execute()
#2 /home/hades/Documents/mutiara/apotek-widyaa/vendor/codeigniter4/framework/system/Database/BaseConnection.php(591): CodeIgniter\Database\BaseConnection->simpleQuery()
#3 /home/hades/Documents/mutiara/apotek-widyaa/vendor/codeigniter4/framework/system/Database/BaseBuilder.php(1428): CodeIgniter\Database\BaseConnection->query()
#4 /home/hades/Documents/mutiara/apotek-widyaa/app/Controllers/Laporan.php(59): CodeIgniter\Database\BaseBuilder->get()
#5 /home/hades/Documents/mutiara/apotek-widyaa/app/Controllers/Laporan.php(28): App\Controllers\Laporan->generatePDF()
#6 /home/hades/Documents/mutiara/apotek-widyaa/vendor/codeigniter4/framework/system/CodeIgniter.php(802): App\Controllers\Laporan->index()
#7 /home/hades/Documents/mutiara/apotek-widyaa/vendor/codeigniter4/framework/system/CodeIgniter.php(399): CodeIgniter\CodeIgniter->runController()
#8 /home/hades/Documents/mutiara/apotek-widyaa/vendor/codeigniter4/framework/system/CodeIgniter.php(317): CodeIgniter\CodeIgniter->handleRequest()
#9 /home/hades/Documents/mutiara/apotek-widyaa/public/index.php(37): CodeIgniter\CodeIgniter->run()
#10 /home/hades/Documents/mutiara/apotek-widyaa/vendor/codeigniter4/framework/system/Commands/Server/rewrite.php(43): require_once('/home/hades/Doc...')
#11 {main}
CRITICAL - 2022-01-07 00:55:47 --> Use of undefined constant terjual - assumed 'terjual' (this will throw an Error in a future version of PHP)
#0 /home/hades/Documents/mutiara/apotek-widyaa/app/Controllers/Laporan.php(57): CodeIgniter\Debug\Exceptions->errorHandler()
#1 /home/hades/Documents/mutiara/apotek-widyaa/app/Controllers/Laporan.php(28): App\Controllers\Laporan->generatePDF()
#2 /home/hades/Documents/mutiara/apotek-widyaa/vendor/codeigniter4/framework/system/CodeIgniter.php(802): App\Controllers\Laporan->index()
#3 /home/hades/Documents/mutiara/apotek-widyaa/vendor/codeigniter4/framework/system/CodeIgniter.php(399): CodeIgniter\CodeIgniter->runController()
#4 /home/hades/Documents/mutiara/apotek-widyaa/vendor/codeigniter4/framework/system/CodeIgniter.php(317): CodeIgniter\CodeIgniter->handleRequest()
#5 /home/hades/Documents/mutiara/apotek-widyaa/public/index.php(37): CodeIgniter\CodeIgniter->run()
#6 /home/hades/Documents/mutiara/apotek-widyaa/vendor/codeigniter4/framework/system/Commands/Server/rewrite.php(43): require_once('/home/hades/Doc...')
#7 {main}
CRITICAL - 2022-01-07 01:03:32 --> Undefined property: stdClass::$penjualan
#0 /home/hades/Documents/mutiara/apotek-widyaa/app/Views/laporan/template-laporan.php(84): CodeIgniter\Debug\Exceptions->errorHandler()
#1 /home/hades/Documents/mutiara/apotek-widyaa/vendor/codeigniter4/framework/system/View/View.php(214): include('/home/hades/Doc...')
#2 /home/hades/Documents/mutiara/apotek-widyaa/vendor/codeigniter4/framework/system/View/View.php(217): CodeIgniter\View\View->CodeIgniter\View\{closure}()
#3 /home/hades/Documents/mutiara/apotek-widyaa/vendor/codeigniter4/framework/system/Common.php(1092): CodeIgniter\View\View->render()
#4 /home/hades/Documents/mutiara/apotek-widyaa/app/Controllers/Laporan.php(82): view()
#5 /home/hades/Documents/mutiara/apotek-widyaa/app/Controllers/Laporan.php(28): App\Controllers\Laporan->generatePDF()
#6 /home/hades/Documents/mutiara/apotek-widyaa/vendor/codeigniter4/framework/system/CodeIgniter.php(802): App\Controllers\Laporan->index()
#7 /home/hades/Documents/mutiara/apotek-widyaa/vendor/codeigniter4/framework/system/CodeIgniter.php(399): CodeIgniter\CodeIgniter->runController()
#8 /home/hades/Documents/mutiara/apotek-widyaa/vendor/codeigniter4/framework/system/CodeIgniter.php(317): CodeIgniter\CodeIgniter->handleRequest()
#9 /home/hades/Documents/mutiara/apotek-widyaa/public/index.php(37): CodeIgniter\CodeIgniter->run()
#10 /home/hades/Documents/mutiara/apotek-widyaa/vendor/codeigniter4/framework/system/Commands/Server/rewrite.php(43): require_once('/home/hades/Doc...')
#11 {main}
CRITICAL - 2022-01-07 01:04:23 --> Undefined variable: bulan
#0 /home/hades/Documents/mutiara/apotek-widyaa/app/Views/laporan/template-laporan.php(118): CodeIgniter\Debug\Exceptions->errorHandler()
#1 /home/hades/Documents/mutiara/apotek-widyaa/vendor/codeigniter4/framework/system/View/View.php(214): include('/home/hades/Doc...')
#2 /home/hades/Documents/mutiara/apotek-widyaa/vendor/codeigniter4/framework/system/View/View.php(217): CodeIgniter\View\View->CodeIgniter\View\{closure}()
#3 /home/hades/Documents/mutiara/apotek-widyaa/vendor/codeigniter4/framework/system/Common.php(1092): CodeIgniter\View\View->render()
#4 /home/hades/Documents/mutiara/apotek-widyaa/app/Controllers/Laporan.php(82): view()
#5 /home/hades/Documents/mutiara/apotek-widyaa/app/Controllers/Laporan.php(28): App\Controllers\Laporan->generatePDF()
#6 /home/hades/Documents/mutiara/apotek-widyaa/vendor/codeigniter4/framework/system/CodeIgniter.php(802): App\Controllers\Laporan->index()
#7 /home/hades/Documents/mutiara/apotek-widyaa/vendor/codeigniter4/framework/system/CodeIgniter.php(399): CodeIgniter\CodeIgniter->runController()
#8 /home/hades/Documents/mutiara/apotek-widyaa/vendor/codeigniter4/framework/system/CodeIgniter.php(317): CodeIgniter\CodeIgniter->handleRequest()
#9 /home/hades/Documents/mutiara/apotek-widyaa/public/index.php(37): CodeIgniter\CodeIgniter->run()
#10 /home/hades/Documents/mutiara/apotek-widyaa/vendor/codeigniter4/framework/system/Commands/Server/rewrite.php(43): require_once('/home/hades/Doc...')
#11 {main}
CRITICAL - 2022-01-07 01:05:18 --> Trying to get property 'bulan' of non-object
#0 /home/hades/Documents/mutiara/apotek-widyaa/app/Views/laporan/template-laporan.php(118): CodeIgniter\Debug\Exceptions->errorHandler()
#1 /home/hades/Documents/mutiara/apotek-widyaa/vendor/codeigniter4/framework/system/View/View.php(214): include('/home/hades/Doc...')
#2 /home/hades/Documents/mutiara/apotek-widyaa/vendor/codeigniter4/framework/system/View/View.php(217): CodeIgniter\View\View->CodeIgniter\View\{closure}()
#3 /home/hades/Documents/mutiara/apotek-widyaa/vendor/codeigniter4/framework/system/Common.php(1092): CodeIgniter\View\View->render()
#4 /home/hades/Documents/mutiara/apotek-widyaa/app/Controllers/Laporan.php(82): view()
#5 /home/hades/Documents/mutiara/apotek-widyaa/app/Controllers/Laporan.php(28): App\Controllers\Laporan->generatePDF()
#6 /home/hades/Documents/mutiara/apotek-widyaa/vendor/codeigniter4/framework/system/CodeIgniter.php(802): App\Controllers\Laporan->index()
#7 /home/hades/Documents/mutiara/apotek-widyaa/vendor/codeigniter4/framework/system/CodeIgniter.php(399): CodeIgniter\CodeIgniter->runController()
#8 /home/hades/Documents/mutiara/apotek-widyaa/vendor/codeigniter4/framework/system/CodeIgniter.php(317): CodeIgniter\CodeIgniter->handleRequest()
#9 /home/hades/Documents/mutiara/apotek-widyaa/public/index.php(37): CodeIgniter\CodeIgniter->run()
#10 /home/hades/Documents/mutiara/apotek-widyaa/vendor/codeigniter4/framework/system/Commands/Server/rewrite.php(43): require_once('/home/hades/Doc...')
#11 {main}
CRITICAL - 2022-01-07 01:06:30 --> Trying to get property 'month' of non-object
#0 /home/hades/Documents/mutiara/apotek-widyaa/app/Views/laporan/template-laporan.php(118): CodeIgniter\Debug\Exceptions->errorHandler()
#1 /home/hades/Documents/mutiara/apotek-widyaa/vendor/codeigniter4/framework/system/View/View.php(214): include('/home/hades/Doc...')
#2 /home/hades/Documents/mutiara/apotek-widyaa/vendor/codeigniter4/framework/system/View/View.php(217): CodeIgniter\View\View->CodeIgniter\View\{closure}()
#3 /home/hades/Documents/mutiara/apotek-widyaa/vendor/codeigniter4/framework/system/Common.php(1092): CodeIgniter\View\View->render()
#4 /home/hades/Documents/mutiara/apotek-widyaa/app/Controllers/Laporan.php(82): view()
#5 /home/hades/Documents/mutiara/apotek-widyaa/app/Controllers/Laporan.php(28): App\Controllers\Laporan->generatePDF()
#6 /home/hades/Documents/mutiara/apotek-widyaa/vendor/codeigniter4/framework/system/CodeIgniter.php(802): App\Controllers\Laporan->index()
#7 /home/hades/Documents/mutiara/apotek-widyaa/vendor/codeigniter4/framework/system/CodeIgniter.php(399): CodeIgniter\CodeIgniter->runController()
#8 /home/hades/Documents/mutiara/apotek-widyaa/vendor/codeigniter4/framework/system/CodeIgniter.php(317): CodeIgniter\CodeIgniter->handleRequest()
#9 /home/hades/Documents/mutiara/apotek-widyaa/public/index.php(37): CodeIgniter\CodeIgniter->run()
#10 /home/hades/Documents/mutiara/apotek-widyaa/vendor/codeigniter4/framework/system/Commands/Server/rewrite.php(43): require_once('/home/hades/Doc...')
#11 {main}
CRITICAL - 2022-01-07 01:07:25 --> Trying to get property 'created_at' of non-object
#0 /home/hades/Documents/mutiara/apotek-widyaa/app/Views/laporan/template-laporan.php(118): CodeIgniter\Debug\Exceptions->errorHandler()
#1 /home/hades/Documents/mutiara/apotek-widyaa/vendor/codeigniter4/framework/system/View/View.php(214): include('/home/hades/Doc...')
#2 /home/hades/Documents/mutiara/apotek-widyaa/vendor/codeigniter4/framework/system/View/View.php(217): CodeIgniter\View\View->CodeIgniter\View\{closure}()
#3 /home/hades/Documents/mutiara/apotek-widyaa/vendor/codeigniter4/framework/system/Common.php(1092): CodeIgniter\View\View->render()
#4 /home/hades/Documents/mutiara/apotek-widyaa/app/Controllers/Laporan.php(82): view()
#5 /home/hades/Documents/mutiara/apotek-widyaa/app/Controllers/Laporan.php(28): App\Controllers\Laporan->generatePDF()
#6 /home/hades/Documents/mutiara/apotek-widyaa/vendor/codeigniter4/framework/system/CodeIgniter.php(802): App\Controllers\Laporan->index()
#7 /home/hades/Documents/mutiara/apotek-widyaa/vendor/codeigniter4/framework/system/CodeIgniter.php(399): CodeIgniter\CodeIgniter->runController()
#8 /home/hades/Documents/mutiara/apotek-widyaa/vendor/codeigniter4/framework/system/CodeIgniter.php(317): CodeIgniter\CodeIgniter->handleRequest()
#9 /home/hades/Documents/mutiara/apotek-widyaa/public/index.php(37): CodeIgniter\CodeIgniter->run()
#10 /home/hades/Documents/mutiara/apotek-widyaa/vendor/codeigniter4/framework/system/Commands/Server/rewrite.php(43): require_once('/home/hades/Doc...')
#11 {main}
CRITICAL - 2022-01-07 01:07:47 --> Undefined index: created_at
#0 /home/hades/Documents/mutiara/apotek-widyaa/app/Views/laporan/template-laporan.php(118): CodeIgniter\Debug\Exceptions->errorHandler()
#1 /home/hades/Documents/mutiara/apotek-widyaa/vendor/codeigniter4/framework/system/View/View.php(214): include('/home/hades/Doc...')
#2 /home/hades/Documents/mutiara/apotek-widyaa/vendor/codeigniter4/framework/system/View/View.php(217): CodeIgniter\View\View->CodeIgniter\View\{closure}()
#3 /home/hades/Documents/mutiara/apotek-widyaa/vendor/codeigniter4/framework/system/Common.php(1092): CodeIgniter\View\View->render()
#4 /home/hades/Documents/mutiara/apotek-widyaa/app/Controllers/Laporan.php(82): view()
#5 /home/hades/Documents/mutiara/apotek-widyaa/app/Controllers/Laporan.php(28): App\Controllers\Laporan->generatePDF()
#6 /home/hades/Documents/mutiara/apotek-widyaa/vendor/codeigniter4/framework/system/CodeIgniter.php(802): App\Controllers\Laporan->index()
#7 /home/hades/Documents/mutiara/apotek-widyaa/vendor/codeigniter4/framework/system/CodeIgniter.php(399): CodeIgniter\CodeIgniter->runController()
#8 /home/hades/Documents/mutiara/apotek-widyaa/vendor/codeigniter4/framework/system/CodeIgniter.php(317): CodeIgniter\CodeIgniter->handleRequest()
#9 /home/hades/Documents/mutiara/apotek-widyaa/public/index.php(37): CodeIgniter\CodeIgniter->run()
#10 /home/hades/Documents/mutiara/apotek-widyaa/vendor/codeigniter4/framework/system/Commands/Server/rewrite.php(43): require_once('/home/hades/Doc...')
#11 {main}
CRITICAL - 2022-01-07 01:08:35 --> Trying to get property 'created_at' of non-object
#0 /home/hades/Documents/mutiara/apotek-widyaa/app/Views/laporan/template-laporan.php(118): CodeIgniter\Debug\Exceptions->errorHandler()
#1 /home/hades/Documents/mutiara/apotek-widyaa/vendor/codeigniter4/framework/system/View/View.php(214): include('/home/hades/Doc...')
#2 /home/hades/Documents/mutiara/apotek-widyaa/vendor/codeigniter4/framework/system/View/View.php(217): CodeIgniter\View\View->CodeIgniter\View\{closure}()
#3 /home/hades/Documents/mutiara/apotek-widyaa/vendor/codeigniter4/framework/system/Common.php(1092): CodeIgniter\View\View->render()
#4 /home/hades/Documents/mutiara/apotek-widyaa/app/Controllers/Laporan.php(82): view()
#5 /home/hades/Documents/mutiara/apotek-widyaa/app/Controllers/Laporan.php(28): App\Controllers\Laporan->generatePDF()
#6 /home/hades/Documents/mutiara/apotek-widyaa/vendor/codeigniter4/framework/system/CodeIgniter.php(802): App\Controllers\Laporan->index()
#7 /home/hades/Documents/mutiara/apotek-widyaa/vendor/codeigniter4/framework/system/CodeIgniter.php(399): CodeIgniter\CodeIgniter->runController()
#8 /home/hades/Documents/mutiara/apotek-widyaa/vendor/codeigniter4/framework/system/CodeIgniter.php(317): CodeIgniter\CodeIgniter->handleRequest()
#9 /home/hades/Documents/mutiara/apotek-widyaa/public/index.php(37): CodeIgniter\CodeIgniter->run()
#10 /home/hades/Documents/mutiara/apotek-widyaa/vendor/codeigniter4/framework/system/Commands/Server/rewrite.php(43): require_once('/home/hades/Doc...')
#11 {main}
CRITICAL - 2022-01-07 01:09:37 --> Undefined variable: bulan
#0 /home/hades/Documents/mutiara/apotek-widyaa/app/Views/laporan/template-laporan.php(118): CodeIgniter\Debug\Exceptions->errorHandler()
#1 /home/hades/Documents/mutiara/apotek-widyaa/vendor/codeigniter4/framework/system/View/View.php(214): include('/home/hades/Doc...')
#2 /home/hades/Documents/mutiara/apotek-widyaa/vendor/codeigniter4/framework/system/View/View.php(217): CodeIgniter\View\View->CodeIgniter\View\{closure}()
#3 /home/hades/Documents/mutiara/apotek-widyaa/vendor/codeigniter4/framework/system/Common.php(1092): CodeIgniter\View\View->render()
#4 /home/hades/Documents/mutiara/apotek-widyaa/app/Controllers/Laporan.php(82): view()
#5 /home/hades/Documents/mutiara/apotek-widyaa/app/Controllers/Laporan.php(28): App\Controllers\Laporan->generatePDF()
#6 /home/hades/Documents/mutiara/apotek-widyaa/vendor/codeigniter4/framework/system/CodeIgniter.php(802): App\Controllers\Laporan->index()
#7 /home/hades/Documents/mutiara/apotek-widyaa/vendor/codeigniter4/framework/system/CodeIgniter.php(399): CodeIgniter\CodeIgniter->runController()
#8 /home/hades/Documents/mutiara/apotek-widyaa/vendor/codeigniter4/framework/system/CodeIgniter.php(317): CodeIgniter\CodeIgniter->handleRequest()
#9 /home/hades/Documents/mutiara/apotek-widyaa/public/index.php(37): CodeIgniter\CodeIgniter->run()
#10 /home/hades/Documents/mutiara/apotek-widyaa/vendor/codeigniter4/framework/system/Commands/Server/rewrite.php(43): require_once('/home/hades/Doc...')
#11 {main}
ERROR - 2022-01-07 12:34:23 --> Unknown column 'SUM' in 'field list'
CRITICAL - 2022-01-07 12:34:23 --> Unknown column 'SUM' in 'field list'
#0 /home/hades/Documents/mutiara/apotek-widyaa/vendor/codeigniter4/framework/system/Database/MySQLi/Connection.php(280): mysqli->query()
#1 /home/hades/Documents/mutiara/apotek-widyaa/vendor/codeigniter4/framework/system/Database/BaseConnection.php(663): CodeIgniter\Database\MySQLi\Connection->execute()
#2 /home/hades/Documents/mutiara/apotek-widyaa/vendor/codeigniter4/framework/system/Database/BaseConnection.php(591): CodeIgniter\Database\BaseConnection->simpleQuery()
#3 /home/hades/Documents/mutiara/apotek-widyaa/vendor/codeigniter4/framework/system/Database/BaseBuilder.php(1428): CodeIgniter\Database\BaseConnection->query()
#4 /home/hades/Documents/mutiara/apotek-widyaa/app/Controllers/Laporan.php(76): CodeIgniter\Database\BaseBuilder->get()
#5 /home/hades/Documents/mutiara/apotek-widyaa/app/Controllers/Laporan.php(28): App\Controllers\Laporan->generatePDF()
#6 /home/hades/Documents/mutiara/apotek-widyaa/vendor/codeigniter4/framework/system/CodeIgniter.php(802): App\Controllers\Laporan->index()
#7 /home/hades/Documents/mutiara/apotek-widyaa/vendor/codeigniter4/framework/system/CodeIgniter.php(399): CodeIgniter\CodeIgniter->runController()
#8 /home/hades/Documents/mutiara/apotek-widyaa/vendor/codeigniter4/framework/system/CodeIgniter.php(317): CodeIgniter\CodeIgniter->handleRequest()
#9 /home/hades/Documents/mutiara/apotek-widyaa/public/index.php(37): CodeIgniter\CodeIgniter->run()
#10 /home/hades/Documents/mutiara/apotek-widyaa/vendor/codeigniter4/framework/system/Commands/Server/rewrite.php(43): require_once('/home/hades/Doc...')
#11 {main}
CRITICAL - 2022-01-07 12:38:11 --> Call to undefined method CodeIgniter\Database\MySQLi\Builder::select_sum()
#0 /home/hades/Documents/mutiara/apotek-widyaa/app/Controllers/Laporan.php(28): App\Controllers\Laporan->generatePDF()
#1 /home/hades/Documents/mutiara/apotek-widyaa/vendor/codeigniter4/framework/system/CodeIgniter.php(802): App\Controllers\Laporan->index()
#2 /home/hades/Documents/mutiara/apotek-widyaa/vendor/codeigniter4/framework/system/CodeIgniter.php(399): CodeIgniter\CodeIgniter->runController()
#3 /home/hades/Documents/mutiara/apotek-widyaa/vendor/codeigniter4/framework/system/CodeIgniter.php(317): CodeIgniter\CodeIgniter->handleRequest()
#4 /home/hades/Documents/mutiara/apotek-widyaa/public/index.php(37): CodeIgniter\CodeIgniter->run()
#5 /home/hades/Documents/mutiara/apotek-widyaa/vendor/codeigniter4/framework/system/Commands/Server/rewrite.php(43): require_once('/home/hades/Doc...')
#6 {main}
CRITICAL - 2022-01-07 12:39:25 --> Call to undefined method CodeIgniter\Database\MySQLi\Builder::select_sum()
#0 /home/hades/Documents/mutiara/apotek-widyaa/app/Controllers/Laporan.php(28): App\Controllers\Laporan->generatePDF()
#1 /home/hades/Documents/mutiara/apotek-widyaa/vendor/codeigniter4/framework/system/CodeIgniter.php(802): App\Controllers\Laporan->index()
#2 /home/hades/Documents/mutiara/apotek-widyaa/vendor/codeigniter4/framework/system/CodeIgniter.php(399): CodeIgniter\CodeIgniter->runController()
#3 /home/hades/Documents/mutiara/apotek-widyaa/vendor/codeigniter4/framework/system/CodeIgniter.php(317): CodeIgniter\CodeIgniter->handleRequest()
#4 /home/hades/Documents/mutiara/apotek-widyaa/public/index.php(37): CodeIgniter\CodeIgniter->run()
#5 /home/hades/Documents/mutiara/apotek-widyaa/vendor/codeigniter4/framework/system/Commands/Server/rewrite.php(43): require_once('/home/hades/Doc...')
#6 {main}
ERROR - 2022-01-07 12:41:01 --> Unknown column 'tb_obat_masuk.jumlah_keluar' in 'field list'
CRITICAL - 2022-01-07 12:41:01 --> Unknown column 'tb_obat_masuk.jumlah_keluar' in 'field list'
#0 /home/hades/Documents/mutiara/apotek-widyaa/vendor/codeigniter4/framework/system/Database/MySQLi/Connection.php(280): mysqli->query()
#1 /home/hades/Documents/mutiara/apotek-widyaa/vendor/codeigniter4/framework/system/Database/BaseConnection.php(663): CodeIgniter\Database\MySQLi\Connection->execute()
#2 /home/hades/Documents/mutiara/apotek-widyaa/vendor/codeigniter4/framework/system/Database/BaseConnection.php(591): CodeIgniter\Database\BaseConnection->simpleQuery()
#3 /home/hades/Documents/mutiara/apotek-widyaa/vendor/codeigniter4/framework/system/Database/BaseBuilder.php(1428): CodeIgniter\Database\BaseConnection->query()
#4 /home/hades/Documents/mutiara/apotek-widyaa/app/Controllers/Laporan.php(76): CodeIgniter\Database\BaseBuilder->get()
#5 /home/hades/Documents/mutiara/apotek-widyaa/app/Controllers/Laporan.php(28): App\Controllers\Laporan->generatePDF()
#6 /home/hades/Documents/mutiara/apotek-widyaa/vendor/codeigniter4/framework/system/CodeIgniter.php(802): App\Controllers\Laporan->index()
#7 /home/hades/Documents/mutiara/apotek-widyaa/vendor/codeigniter4/framework/system/CodeIgniter.php(399): CodeIgniter\CodeIgniter->runController()
#8 /home/hades/Documents/mutiara/apotek-widyaa/vendor/codeigniter4/framework/system/CodeIgniter.php(317): CodeIgniter\CodeIgniter->handleRequest()
#9 /home/hades/Documents/mutiara/apotek-widyaa/public/index.php(37): CodeIgniter\CodeIgniter->run()
#10 /home/hades/Documents/mutiara/apotek-widyaa/vendor/codeigniter4/framework/system/Commands/Server/rewrite.php(43): require_once('/home/hades/Doc...')
#11 {main}
ERROR - 2022-01-07 12:41:31 --> Unknown column 'tb_obat_masuk.masuk' in 'field list'
CRITICAL - 2022-01-07 12:41:31 --> Unknown column 'tb_obat_masuk.masuk' in 'field list'
#0 /home/hades/Documents/mutiara/apotek-widyaa/vendor/codeigniter4/framework/system/Database/MySQLi/Connection.php(280): mysqli->query()
#1 /home/hades/Documents/mutiara/apotek-widyaa/vendor/codeigniter4/framework/system/Database/BaseConnection.php(663): CodeIgniter\Database\MySQLi\Connection->execute()
#2 /home/hades/Documents/mutiara/apotek-widyaa/vendor/codeigniter4/framework/system/Database/BaseConnection.php(591): CodeIgniter\Database\BaseConnection->simpleQuery()
#3 /home/hades/Documents/mutiara/apotek-widyaa/vendor/codeigniter4/framework/system/Database/BaseBuilder.php(1428): CodeIgniter\Database\BaseConnection->query()
#4 /home/hades/Documents/mutiara/apotek-widyaa/app/Controllers/Laporan.php(76): CodeIgniter\Database\BaseBuilder->get()
#5 /home/hades/Documents/mutiara/apotek-widyaa/app/Controllers/Laporan.php(28): App\Controllers\Laporan->generatePDF()
#6 /home/hades/Documents/mutiara/apotek-widyaa/vendor/codeigniter4/framework/system/CodeIgniter.php(802): App\Controllers\Laporan->index()
#7 /home/hades/Documents/mutiara/apotek-widyaa/vendor/codeigniter4/framework/system/CodeIgniter.php(399): CodeIgniter\CodeIgniter->runController()
#8 /home/hades/Documents/mutiara/apotek-widyaa/vendor/codeigniter4/framework/system/CodeIgniter.php(317): CodeIgniter\CodeIgniter->handleRequest()
#9 /home/hades/Documents/mutiara/apotek-widyaa/public/index.php(37): CodeIgniter\CodeIgniter->run()
#10 /home/hades/Documents/mutiara/apotek-widyaa/vendor/codeigniter4/framework/system/Commands/Server/rewrite.php(43): require_once('/home/hades/Doc...')
#11 {main}
CRITICAL - 2022-01-07 12:41:59 --> Undefined property: stdClass::$nama_obat
#0 /home/hades/Documents/mutiara/apotek-widyaa/app/Views/laporan/template-laporan.php(83): CodeIgniter\Debug\Exceptions->errorHandler()
#1 /home/hades/Documents/mutiara/apotek-widyaa/vendor/codeigniter4/framework/system/View/View.php(214): include('/home/hades/Doc...')
#2 /home/hades/Documents/mutiara/apotek-widyaa/vendor/codeigniter4/framework/system/View/View.php(217): CodeIgniter\View\View->CodeIgniter\View\{closure}()
#3 /home/hades/Documents/mutiara/apotek-widyaa/vendor/codeigniter4/framework/system/Common.php(1092): CodeIgniter\View\View->render()
#4 /home/hades/Documents/mutiara/apotek-widyaa/app/Controllers/Laporan.php(80): view()
#5 /home/hades/Documents/mutiara/apotek-widyaa/app/Controllers/Laporan.php(28): App\Controllers\Laporan->generatePDF()
#6 /home/hades/Documents/mutiara/apotek-widyaa/vendor/codeigniter4/framework/system/CodeIgniter.php(802): App\Controllers\Laporan->index()
#7 /home/hades/Documents/mutiara/apotek-widyaa/vendor/codeigniter4/framework/system/CodeIgniter.php(399): CodeIgniter\CodeIgniter->runController()
#8 /home/hades/Documents/mutiara/apotek-widyaa/vendor/codeigniter4/framework/system/CodeIgniter.php(317): CodeIgniter\CodeIgniter->handleRequest()
#9 /home/hades/Documents/mutiara/apotek-widyaa/public/index.php(37): CodeIgniter\CodeIgniter->run()
#10 /home/hades/Documents/mutiara/apotek-widyaa/vendor/codeigniter4/framework/system/Commands/Server/rewrite.php(43): require_once('/home/hades/Doc...')
#11 {main}
CRITICAL - 2022-01-07 12:42:41 --> Trying to get property 'penjualan' of non-object
#0 /home/hades/Documents/mutiara/apotek-widyaa/app/Views/laporan/template-laporan.php(71): CodeIgniter\Debug\Exceptions->errorHandler()
#1 /home/hades/Documents/mutiara/apotek-widyaa/vendor/codeigniter4/framework/system/View/View.php(214): include('/home/hades/Doc...')
#2 /home/hades/Documents/mutiara/apotek-widyaa/vendor/codeigniter4/framework/system/View/View.php(217): CodeIgniter\View\View->CodeIgniter\View\{closure}()
#3 /home/hades/Documents/mutiara/apotek-widyaa/vendor/codeigniter4/framework/system/Common.php(1092): CodeIgniter\View\View->render()
#4 /home/hades/Documents/mutiara/apotek-widyaa/app/Controllers/Laporan.php(80): view()
#5 /home/hades/Documents/mutiara/apotek-widyaa/app/Controllers/Laporan.php(28): App\Controllers\Laporan->generatePDF()
#6 /home/hades/Documents/mutiara/apotek-widyaa/vendor/codeigniter4/framework/system/CodeIgniter.php(802): App\Controllers\Laporan->index()
#7 /home/hades/Documents/mutiara/apotek-widyaa/vendor/codeigniter4/framework/system/CodeIgniter.php(399): CodeIgniter\CodeIgniter->runController()
#8 /home/hades/Documents/mutiara/apotek-widyaa/vendor/codeigniter4/framework/system/CodeIgniter.php(317): CodeIgniter\CodeIgniter->handleRequest()
#9 /home/hades/Documents/mutiara/apotek-widyaa/public/index.php(37): CodeIgniter\CodeIgniter->run()
#10 /home/hades/Documents/mutiara/apotek-widyaa/vendor/codeigniter4/framework/system/Commands/Server/rewrite.php(43): require_once('/home/hades/Doc...')
#11 {main}
CRITICAL - 2022-01-07 12:43:29 --> Trying to get property 'penjualan' of non-object
#0 /home/hades/Documents/mutiara/apotek-widyaa/app/Views/laporan/template-laporan.php(71): CodeIgniter\Debug\Exceptions->errorHandler()
#1 /home/hades/Documents/mutiara/apotek-widyaa/vendor/codeigniter4/framework/system/View/View.php(214): include('/home/hades/Doc...')
#2 /home/hades/Documents/mutiara/apotek-widyaa/vendor/codeigniter4/framework/system/View/View.php(217): CodeIgniter\View\View->CodeIgniter\View\{closure}()
#3 /home/hades/Documents/mutiara/apotek-widyaa/vendor/codeigniter4/framework/system/Common.php(1092): CodeIgniter\View\View->render()
#4 /home/hades/Documents/mutiara/apotek-widyaa/app/Controllers/Laporan.php(80): view()
#5 /home/hades/Documents/mutiara/apotek-widyaa/app/Controllers/Laporan.php(28): App\Controllers\Laporan->generatePDF()
#6 /home/hades/Documents/mutiara/apotek-widyaa/vendor/codeigniter4/framework/system/CodeIgniter.php(802): App\Controllers\Laporan->index()
#7 /home/hades/Documents/mutiara/apotek-widyaa/vendor/codeigniter4/framework/system/CodeIgniter.php(399): CodeIgniter\CodeIgniter->runController()
#8 /home/hades/Documents/mutiara/apotek-widyaa/vendor/codeigniter4/framework/system/CodeIgniter.php(317): CodeIgniter\CodeIgniter->handleRequest()
#9 /home/hades/Documents/mutiara/apotek-widyaa/public/index.php(37): CodeIgniter\CodeIgniter->run()
#10 /home/hades/Documents/mutiara/apotek-widyaa/vendor/codeigniter4/framework/system/Commands/Server/rewrite.php(43): require_once('/home/hades/Doc...')
#11 {main}
ERROR - 2022-01-07 12:45:12 --> You have an error in your SQL syntax; check the manual that corresponds to your MySQL server version for the right syntax to use near 'as penjualan) AS `jumlah_keluar) as penjualan`
FROM `tb_obat_keluar`
JOIN `tb_ob' at line 1
CRITICAL - 2022-01-07 12:45:12 --> You have an error in your SQL syntax; check the manual that corresponds to your MySQL server version for the right syntax to use near 'as penjualan) AS `jumlah_keluar) as penjualan`
FROM `tb_obat_keluar`
JOIN `tb_ob' at line 1
#0 /home/hades/Documents/mutiara/apotek-widyaa/vendor/codeigniter4/framework/system/Database/MySQLi/Connection.php(280): mysqli->query()
#1 /home/hades/Documents/mutiara/apotek-widyaa/vendor/codeigniter4/framework/system/Database/BaseConnection.php(663): CodeIgniter\Database\MySQLi\Connection->execute()
#2 /home/hades/Documents/mutiara/apotek-widyaa/vendor/codeigniter4/framework/system/Database/BaseConnection.php(591): CodeIgniter\Database\BaseConnection->simpleQuery()
#3 /home/hades/Documents/mutiara/apotek-widyaa/vendor/codeigniter4/framework/system/Database/BaseBuilder.php(1428): CodeIgniter\Database\BaseConnection->query()
#4 /home/hades/Documents/mutiara/apotek-widyaa/app/Controllers/Laporan.php(65): CodeIgniter\Database\BaseBuilder->get()
#5 /home/hades/Documents/mutiara/apotek-widyaa/app/Controllers/Laporan.php(28): App\Controllers\Laporan->generatePDF()
#6 /home/hades/Documents/mutiara/apotek-widyaa/vendor/codeigniter4/framework/system/CodeIgniter.php(802): App\Controllers\Laporan->index()
#7 /home/hades/Documents/mutiara/apotek-widyaa/vendor/codeigniter4/framework/system/CodeIgniter.php(399): CodeIgniter\CodeIgniter->runController()
#8 /home/hades/Documents/mutiara/apotek-widyaa/vendor/codeigniter4/framework/system/CodeIgniter.php(317): CodeIgniter\CodeIgniter->handleRequest()
#9 /home/hades/Documents/mutiara/apotek-widyaa/public/index.php(37): CodeIgniter\CodeIgniter->run()
#10 /home/hades/Documents/mutiara/apotek-widyaa/vendor/codeigniter4/framework/system/Commands/Server/rewrite.php(43): require_once('/home/hades/Doc...')
#11 {main}
CRITICAL - 2022-01-07 12:48:13 --> Call to undefined method CodeIgniter\Database\MySQLi\Builder::as()
#0 /home/hades/Documents/mutiara/apotek-widyaa/app/Controllers/Laporan.php(28): App\Controllers\Laporan->generatePDF()
#1 /home/hades/Documents/mutiara/apotek-widyaa/vendor/codeigniter4/framework/system/CodeIgniter.php(802): App\Controllers\Laporan->index()
#2 /home/hades/Documents/mutiara/apotek-widyaa/vendor/codeigniter4/framework/system/CodeIgniter.php(399): CodeIgniter\CodeIgniter->runController()
#3 /home/hades/Documents/mutiara/apotek-widyaa/vendor/codeigniter4/framework/system/CodeIgniter.php(317): CodeIgniter\CodeIgniter->handleRequest()
#4 /home/hades/Documents/mutiara/apotek-widyaa/public/index.php(37): CodeIgniter\CodeIgniter->run()
#5 /home/hades/Documents/mutiara/apotek-widyaa/vendor/codeigniter4/framework/system/Commands/Server/rewrite.php(43): require_once('/home/hades/Doc...')
#6 {main}
ERROR - 2022-01-07 12:49:41 --> Unknown column 'tb_obat.harga_jual*tb_obat_keluar.jumlah_keluar' in 'field list'
CRITICAL - 2022-01-07 12:49:41 --> Unknown column 'tb_obat.harga_jual*tb_obat_keluar.jumlah_keluar' in 'field list'
#0 /home/hades/Documents/mutiara/apotek-widyaa/vendor/codeigniter4/framework/system/Database/MySQLi/Connection.php(280): mysqli->query()
#1 /home/hades/Documents/mutiara/apotek-widyaa/vendor/codeigniter4/framework/system/Database/BaseConnection.php(663): CodeIgniter\Database\MySQLi\Connection->execute()
#2 /home/hades/Documents/mutiara/apotek-widyaa/vendor/codeigniter4/framework/system/Database/BaseConnection.php(591): CodeIgniter\Database\BaseConnection->simpleQuery()
#3 /home/hades/Documents/mutiara/apotek-widyaa/vendor/codeigniter4/framework/system/Database/BaseBuilder.php(1428): CodeIgniter\Database\BaseConnection->query()
#4 /home/hades/Documents/mutiara/apotek-widyaa/app/Controllers/Laporan.php(65): CodeIgniter\Database\BaseBuilder->get()
#5 /home/hades/Documents/mutiara/apotek-widyaa/app/Controllers/Laporan.php(28): App\Controllers\Laporan->generatePDF()
#6 /home/hades/Documents/mutiara/apotek-widyaa/vendor/codeigniter4/framework/system/CodeIgniter.php(802): App\Controllers\Laporan->index()
#7 /home/hades/Documents/mutiara/apotek-widyaa/vendor/codeigniter4/framework/system/CodeIgniter.php(399): CodeIgniter\CodeIgniter->runController()
#8 /home/hades/Documents/mutiara/apotek-widyaa/vendor/codeigniter4/framework/system/CodeIgniter.php(317): CodeIgniter\CodeIgniter->handleRequest()
#9 /home/hades/Documents/mutiara/apotek-widyaa/public/index.php(37): CodeIgniter\CodeIgniter->run()
#10 /home/hades/Documents/mutiara/apotek-widyaa/vendor/codeigniter4/framework/system/Commands/Server/rewrite.php(43): require_once('/home/hades/Doc...')
#11 {main}
CRITICAL - 2022-01-07 12:51:07 --> Trying to get property 'penjualan' of non-object
#0 /home/hades/Documents/mutiara/apotek-widyaa/app/Views/laporan/template-laporan.php(71): CodeIgniter\Debug\Exceptions->errorHandler()
#1 /home/hades/Documents/mutiara/apotek-widyaa/vendor/codeigniter4/framework/system/View/View.php(214): include('/home/hades/Doc...')
#2 /home/hades/Documents/mutiara/apotek-widyaa/vendor/codeigniter4/framework/system/View/View.php(217): CodeIgniter\View\View->CodeIgniter\View\{closure}()
#3 /home/hades/Documents/mutiara/apotek-widyaa/vendor/codeigniter4/framework/system/Common.php(1092): CodeIgniter\View\View->render()
#4 /home/hades/Documents/mutiara/apotek-widyaa/app/Controllers/Laporan.php(80): view()
#5 /home/hades/Documents/mutiara/apotek-widyaa/app/Controllers/Laporan.php(28): App\Controllers\Laporan->generatePDF()
#6 /home/hades/Documents/mutiara/apotek-widyaa/vendor/codeigniter4/framework/system/CodeIgniter.php(802): App\Controllers\Laporan->index()
#7 /home/hades/Documents/mutiara/apotek-widyaa/vendor/codeigniter4/framework/system/CodeIgniter.php(399): CodeIgniter\CodeIgniter->runController()
#8 /home/hades/Documents/mutiara/apotek-widyaa/vendor/codeigniter4/framework/system/CodeIgniter.php(317): CodeIgniter\CodeIgniter->handleRequest()
#9 /home/hades/Documents/mutiara/apotek-widyaa/public/index.php(37): CodeIgniter\CodeIgniter->run()
#10 /home/hades/Documents/mutiara/apotek-widyaa/vendor/codeigniter4/framework/system/Commands/Server/rewrite.php(43): require_once('/home/hades/Doc...')
#11 {main}
CRITICAL - 2022-01-07 12:51:56 --> Undefined index: penjualan
#0 /home/hades/Documents/mutiara/apotek-widyaa/app/Views/laporan/template-laporan.php(71): CodeIgniter\Debug\Exceptions->errorHandler()
#1 /home/hades/Documents/mutiara/apotek-widyaa/vendor/codeigniter4/framework/system/View/View.php(214): include('/home/hades/Doc...')
#2 /home/hades/Documents/mutiara/apotek-widyaa/vendor/codeigniter4/framework/system/View/View.php(217): CodeIgniter\View\View->CodeIgniter\View\{closure}()
#3 /home/hades/Documents/mutiara/apotek-widyaa/vendor/codeigniter4/framework/system/Common.php(1092): CodeIgniter\View\View->render()
#4 /home/hades/Documents/mutiara/apotek-widyaa/app/Controllers/Laporan.php(80): view()
#5 /home/hades/Documents/mutiara/apotek-widyaa/app/Controllers/Laporan.php(28): App\Controllers\Laporan->generatePDF()
#6 /home/hades/Documents/mutiara/apotek-widyaa/vendor/codeigniter4/framework/system/CodeIgniter.php(802): App\Controllers\Laporan->index()
#7 /home/hades/Documents/mutiara/apotek-widyaa/vendor/codeigniter4/framework/system/CodeIgniter.php(399): CodeIgniter\CodeIgniter->runController()
#8 /home/hades/Documents/mutiara/apotek-widyaa/vendor/codeigniter4/framework/system/CodeIgniter.php(317): CodeIgniter\CodeIgniter->handleRequest()
#9 /home/hades/Documents/mutiara/apotek-widyaa/public/index.php(37): CodeIgniter\CodeIgniter->run()
#10 /home/hades/Documents/mutiara/apotek-widyaa/vendor/codeigniter4/framework/system/Commands/Server/rewrite.php(43): require_once('/home/hades/Doc...')
#11 {main}
ERROR - 2022-01-07 12:52:36 --> You have an error in your SQL syntax; check the manual that corresponds to your MySQL server version for the right syntax to use near 'as penjualan) AS `jumlah_keluar) as penjualan`
FROM `tb_obat_keluar`
JOIN `tb_ob' at line 1
CRITICAL - 2022-01-07 12:52:36 --> You have an error in your SQL syntax; check the manual that corresponds to your MySQL server version for the right syntax to use near 'as penjualan) AS `jumlah_keluar) as penjualan`
FROM `tb_obat_keluar`
JOIN `tb_ob' at line 1
#0 /home/hades/Documents/mutiara/apotek-widyaa/vendor/codeigniter4/framework/system/Database/MySQLi/Connection.php(280): mysqli->query()
#1 /home/hades/Documents/mutiara/apotek-widyaa/vendor/codeigniter4/framework/system/Database/BaseConnection.php(663): CodeIgniter\Database\MySQLi\Connection->execute()
#2 /home/hades/Documents/mutiara/apotek-widyaa/vendor/codeigniter4/framework/system/Database/BaseConnection.php(591): CodeIgniter\Database\BaseConnection->simpleQuery()
#3 /home/hades/Documents/mutiara/apotek-widyaa/vendor/codeigniter4/framework/system/Database/BaseBuilder.php(1428): CodeIgniter\Database\BaseConnection->query()
#4 /home/hades/Documents/mutiara/apotek-widyaa/app/Controllers/Laporan.php(65): CodeIgniter\Database\BaseBuilder->get()
#5 /home/hades/Documents/mutiara/apotek-widyaa/app/Controllers/Laporan.php(28): App\Controllers\Laporan->generatePDF()
#6 /home/hades/Documents/mutiara/apotek-widyaa/vendor/codeigniter4/framework/system/CodeIgniter.php(802): App\Controllers\Laporan->index()
#7 /home/hades/Documents/mutiara/apotek-widyaa/vendor/codeigniter4/framework/system/CodeIgniter.php(399): CodeIgniter\CodeIgniter->runController()
#8 /home/hades/Documents/mutiara/apotek-widyaa/vendor/codeigniter4/framework/system/CodeIgniter.php(317): CodeIgniter\CodeIgniter->handleRequest()
#9 /home/hades/Documents/mutiara/apotek-widyaa/public/index.php(37): CodeIgniter\CodeIgniter->run()
#10 /home/hades/Documents/mutiara/apotek-widyaa/vendor/codeigniter4/framework/system/Commands/Server/rewrite.php(43): require_once('/home/hades/Doc...')
#11 {main}
ERROR - 2022-01-07 12:53:02 --> You have an error in your SQL syntax; check the manual that corresponds to your MySQL server version for the right syntax to use near 'AS penjualan) AS `jumlah_keluar) AS penjualan`
FROM `tb_obat_keluar`
JOIN `tb_ob' at line 1
CRITICAL - 2022-01-07 12:53:02 --> You have an error in your SQL syntax; check the manual that corresponds to your MySQL server version for the right syntax to use near 'AS penjualan) AS `jumlah_keluar) AS penjualan`
FROM `tb_obat_keluar`
JOIN `tb_ob' at line 1
#0 /home/hades/Documents/mutiara/apotek-widyaa/vendor/codeigniter4/framework/system/Database/MySQLi/Connection.php(280): mysqli->query()
#1 /home/hades/Documents/mutiara/apotek-widyaa/vendor/codeigniter4/framework/system/Database/BaseConnection.php(663): CodeIgniter\Database\MySQLi\Connection->execute()
#2 /home/hades/Documents/mutiara/apotek-widyaa/vendor/codeigniter4/framework/system/Database/BaseConnection.php(591): CodeIgniter\Database\BaseConnection->simpleQuery()
#3 /home/hades/Documents/mutiara/apotek-widyaa/vendor/codeigniter4/framework/system/Database/BaseBuilder.php(1428): CodeIgniter\Database\BaseConnection->query()
#4 /home/hades/Documents/mutiara/apotek-widyaa/app/Controllers/Laporan.php(65): CodeIgniter\Database\BaseBuilder->get()
#5 /home/hades/Documents/mutiara/apotek-widyaa/app/Controllers/Laporan.php(28): App\Controllers\Laporan->generatePDF()
#6 /home/hades/Documents/mutiara/apotek-widyaa/vendor/codeigniter4/framework/system/CodeIgniter.php(802): App\Controllers\Laporan->index()
#7 /home/hades/Documents/mutiara/apotek-widyaa/vendor/codeigniter4/framework/system/CodeIgniter.php(399): CodeIgniter\CodeIgniter->runController()
#8 /home/hades/Documents/mutiara/apotek-widyaa/vendor/codeigniter4/framework/system/CodeIgniter.php(317): CodeIgniter\CodeIgniter->handleRequest()
#9 /home/hades/Documents/mutiara/apotek-widyaa/public/index.php(37): CodeIgniter\CodeIgniter->run()
#10 /home/hades/Documents/mutiara/apotek-widyaa/vendor/codeigniter4/framework/system/Commands/Server/rewrite.php(43): require_once('/home/hades/Doc...')
#11 {main}
CRITICAL - 2022-01-07 12:55:42 --> Undefined property: CodeIgniter\Database\MySQLi\Result::$penjualan
#0 /home/hades/Documents/mutiara/apotek-widyaa/app/Views/laporan/template-laporan.php(71): CodeIgniter\Debug\Exceptions->errorHandler()
#1 /home/hades/Documents/mutiara/apotek-widyaa/vendor/codeigniter4/framework/system/View/View.php(214): include('/home/hades/Doc...')
#2 /home/hades/Documents/mutiara/apotek-widyaa/vendor/codeigniter4/framework/system/View/View.php(217): CodeIgniter\View\View->CodeIgniter\View\{closure}()
#3 /home/hades/Documents/mutiara/apotek-widyaa/vendor/codeigniter4/framework/system/Common.php(1092): CodeIgniter\View\View->render()
#4 /home/hades/Documents/mutiara/apotek-widyaa/app/Controllers/Laporan.php(80): view()
#5 /home/hades/Documents/mutiara/apotek-widyaa/app/Controllers/Laporan.php(28): App\Controllers\Laporan->generatePDF()
#6 /home/hades/Documents/mutiara/apotek-widyaa/vendor/codeigniter4/framework/system/CodeIgniter.php(802): App\Controllers\Laporan->index()
#7 /home/hades/Documents/mutiara/apotek-widyaa/vendor/codeigniter4/framework/system/CodeIgniter.php(399): CodeIgniter\CodeIgniter->runController()
#8 /home/hades/Documents/mutiara/apotek-widyaa/vendor/codeigniter4/framework/system/CodeIgniter.php(317): CodeIgniter\CodeIgniter->handleRequest()
#9 /home/hades/Documents/mutiara/apotek-widyaa/public/index.php(37): CodeIgniter\CodeIgniter->run()
#10 /home/hades/Documents/mutiara/apotek-widyaa/vendor/codeigniter4/framework/system/Commands/Server/rewrite.php(43): require_once('/home/hades/Doc...')
#11 {main}
CRITICAL - 2022-01-07 12:56:08 --> Cannot use object of type CodeIgniter\Database\MySQLi\Result as array
#0 /home/hades/Documents/mutiara/apotek-widyaa/vendor/codeigniter4/framework/system/View/View.php(214): include()
#1 /home/hades/Documents/mutiara/apotek-widyaa/vendor/codeigniter4/framework/system/View/View.php(217): CodeIgniter\View\View->CodeIgniter\View\{closure}()
#2 /home/hades/Documents/mutiara/apotek-widyaa/vendor/codeigniter4/framework/system/Common.php(1092): CodeIgniter\View\View->render()
#3 /home/hades/Documents/mutiara/apotek-widyaa/app/Controllers/Laporan.php(80): view()
#4 /home/hades/Documents/mutiara/apotek-widyaa/app/Controllers/Laporan.php(28): App\Controllers\Laporan->generatePDF()
#5 /home/hades/Documents/mutiara/apotek-widyaa/vendor/codeigniter4/framework/system/CodeIgniter.php(802): App\Controllers\Laporan->index()
#6 /home/hades/Documents/mutiara/apotek-widyaa/vendor/codeigniter4/framework/system/CodeIgniter.php(399): CodeIgniter\CodeIgniter->runController()
#7 /home/hades/Documents/mutiara/apotek-widyaa/vendor/codeigniter4/framework/system/CodeIgniter.php(317): CodeIgniter\CodeIgniter->handleRequest()
#8 /home/hades/Documents/mutiara/apotek-widyaa/public/index.php(37): CodeIgniter\CodeIgniter->run()
#9 /home/hades/Documents/mutiara/apotek-widyaa/vendor/codeigniter4/framework/system/Commands/Server/rewrite.php(43): require_once('/home/hades/Doc...')
#10 {main}
CRITICAL - 2022-01-07 13:02:54 --> Trying to get property 'created_at' of non-object
#0 /home/hades/Documents/mutiara/apotek-widyaa/app/Views/laporan/template-laporan.php(50): CodeIgniter\Debug\Exceptions->errorHandler()
#1 /home/hades/Documents/mutiara/apotek-widyaa/vendor/codeigniter4/framework/system/View/View.php(214): include('/home/hades/Doc...')
#2 /home/hades/Documents/mutiara/apotek-widyaa/vendor/codeigniter4/framework/system/View/View.php(217): CodeIgniter\View\View->CodeIgniter\View\{closure}()
#3 /home/hades/Documents/mutiara/apotek-widyaa/vendor/codeigniter4/framework/system/Common.php(1092): CodeIgniter\View\View->render()
#4 /home/hades/Documents/mutiara/apotek-widyaa/app/Controllers/Laporan.php(80): view()
#5 /home/hades/Documents/mutiara/apotek-widyaa/app/Controllers/Laporan.php(28): App\Controllers\Laporan->generatePDF()
#6 /home/hades/Documents/mutiara/apotek-widyaa/vendor/codeigniter4/framework/system/CodeIgniter.php(802): App\Controllers\Laporan->index()
#7 /home/hades/Documents/mutiara/apotek-widyaa/vendor/codeigniter4/framework/system/CodeIgniter.php(399): CodeIgniter\CodeIgniter->runController()
#8 /home/hades/Documents/mutiara/apotek-widyaa/vendor/codeigniter4/framework/system/CodeIgniter.php(317): CodeIgniter\CodeIgniter->handleRequest()
#9 /home/hades/Documents/mutiara/apotek-widyaa/public/index.php(37): CodeIgniter\CodeIgniter->run()
#10 /home/hades/Documents/mutiara/apotek-widyaa/vendor/codeigniter4/framework/system/Commands/Server/rewrite.php(43): require_once('/home/hades/Doc...')
#11 {main}
CRITICAL - 2022-01-07 13:04:36 --> number_format() expects parameter 1 to be float, object given
#0 [internal function]: CodeIgniter\Debug\Exceptions->errorHandler()
#1 /home/hades/Documents/mutiara/apotek-widyaa/app/Views/laporan/template-laporan.php(56): number_format()
#2 /home/hades/Documents/mutiara/apotek-widyaa/vendor/codeigniter4/framework/system/View/View.php(214): include('/home/hades/Doc...')
#3 /home/hades/Documents/mutiara/apotek-widyaa/vendor/codeigniter4/framework/system/View/View.php(217): CodeIgniter\View\View->CodeIgniter\View\{closure}()
#4 /home/hades/Documents/mutiara/apotek-widyaa/vendor/codeigniter4/framework/system/Common.php(1092): CodeIgniter\View\View->render()
#5 /home/hades/Documents/mutiara/apotek-widyaa/app/Controllers/Laporan.php(80): view()
#6 /home/hades/Documents/mutiara/apotek-widyaa/app/Controllers/Laporan.php(28): App\Controllers\Laporan->generatePDF()
#7 /home/hades/Documents/mutiara/apotek-widyaa/vendor/codeigniter4/framework/system/CodeIgniter.php(802): App\Controllers\Laporan->index()
#8 /home/hades/Documents/mutiara/apotek-widyaa/vendor/codeigniter4/framework/system/CodeIgniter.php(399): CodeIgniter\CodeIgniter->runController()
#9 /home/hades/Documents/mutiara/apotek-widyaa/vendor/codeigniter4/framework/system/CodeIgniter.php(317): CodeIgniter\CodeIgniter->handleRequest()
#10 /home/hades/Documents/mutiara/apotek-widyaa/public/index.php(37): CodeIgniter\CodeIgniter->run()
#11 /home/hades/Documents/mutiara/apotek-widyaa/vendor/codeigniter4/framework/system/Commands/Server/rewrite.php(43): require_once('/home/hades/Doc...')
#12 {main}
CRITICAL - 2022-01-07 13:04:52 --> Undefined property: CodeIgniter\Database\MySQLi\Result::$pembelian
#0 /home/hades/Documents/mutiara/apotek-widyaa/app/Views/laporan/template-laporan.php(56): CodeIgniter\Debug\Exceptions->errorHandler()
#1 /home/hades/Documents/mutiara/apotek-widyaa/vendor/codeigniter4/framework/system/View/View.php(214): include('/home/hades/Doc...')
#2 /home/hades/Documents/mutiara/apotek-widyaa/vendor/codeigniter4/framework/system/View/View.php(217): CodeIgniter\View\View->CodeIgniter\View\{closure}()
#3 /home/hades/Documents/mutiara/apotek-widyaa/vendor/codeigniter4/framework/system/Common.php(1092): CodeIgniter\View\View->render()
#4 /home/hades/Documents/mutiara/apotek-widyaa/app/Controllers/Laporan.php(80): view()
#5 /home/hades/Documents/mutiara/apotek-widyaa/app/Controllers/Laporan.php(28): App\Controllers\Laporan->generatePDF()
#6 /home/hades/Documents/mutiara/apotek-widyaa/vendor/codeigniter4/framework/system/CodeIgniter.php(802): App\Controllers\Laporan->index()
#7 /home/hades/Documents/mutiara/apotek-widyaa/vendor/codeigniter4/framework/system/CodeIgniter.php(399): CodeIgniter\CodeIgniter->runController()
#8 /home/hades/Documents/mutiara/apotek-widyaa/vendor/codeigniter4/framework/system/CodeIgniter.php(317): CodeIgniter\CodeIgniter->handleRequest()
#9 /home/hades/Documents/mutiara/apotek-widyaa/public/index.php(37): CodeIgniter\CodeIgniter->run()
#10 /home/hades/Documents/mutiara/apotek-widyaa/vendor/codeigniter4/framework/system/Commands/Server/rewrite.php(43): require_once('/home/hades/Doc...')
#11 {main}
ERROR - 2022-01-07 13:05:44 --> Unknown column 'tb_obat.harga_jual*tb_obat_keluar.jumlah_keluar' in 'field list'
CRITICAL - 2022-01-07 13:05:44 --> Unknown column 'tb_obat.harga_jual*tb_obat_keluar.jumlah_keluar' in 'field list'
#0 /home/hades/Documents/mutiara/apotek-widyaa/vendor/codeigniter4/framework/system/Database/MySQLi/Connection.php(280): mysqli->query()
#1 /home/hades/Documents/mutiara/apotek-widyaa/vendor/codeigniter4/framework/system/Database/BaseConnection.php(663): CodeIgniter\Database\MySQLi\Connection->execute()
#2 /home/hades/Documents/mutiara/apotek-widyaa/vendor/codeigniter4/framework/system/Database/BaseConnection.php(591): CodeIgniter\Database\BaseConnection->simpleQuery()
#3 /home/hades/Documents/mutiara/apotek-widyaa/vendor/codeigniter4/framework/system/Database/BaseBuilder.php(1428): CodeIgniter\Database\BaseConnection->query()
#4 /home/hades/Documents/mutiara/apotek-widyaa/app/Controllers/Laporan.php(65): CodeIgniter\Database\BaseBuilder->get()
#5 /home/hades/Documents/mutiara/apotek-widyaa/app/Controllers/Laporan.php(28): App\Controllers\Laporan->generatePDF()
#6 /home/hades/Documents/mutiara/apotek-widyaa/vendor/codeigniter4/framework/system/CodeIgniter.php(802): App\Controllers\Laporan->index()
#7 /home/hades/Documents/mutiara/apotek-widyaa/vendor/codeigniter4/framework/system/CodeIgniter.php(399): CodeIgniter\CodeIgniter->runController()
#8 /home/hades/Documents/mutiara/apotek-widyaa/vendor/codeigniter4/framework/system/CodeIgniter.php(317): CodeIgniter\CodeIgniter->handleRequest()
#9 /home/hades/Documents/mutiara/apotek-widyaa/public/index.php(37): CodeIgniter\CodeIgniter->run()
#10 /home/hades/Documents/mutiara/apotek-widyaa/vendor/codeigniter4/framework/system/Commands/Server/rewrite.php(43): require_once('/home/hades/Doc...')
#11 {main}
ERROR - 2022-01-07 13:06:13 --> You have an error in your SQL syntax; check the manual that corresponds to your MySQL server version for the right syntax to use near 'as penjualan) AS `jumlah_keluar) as penjualan`
FROM `tb_obat_keluar`
JOIN `tb_ob' at line 1
CRITICAL - 2022-01-07 13:06:13 --> You have an error in your SQL syntax; check the manual that corresponds to your MySQL server version for the right syntax to use near 'as penjualan) AS `jumlah_keluar) as penjualan`
FROM `tb_obat_keluar`
JOIN `tb_ob' at line 1
#0 /home/hades/Documents/mutiara/apotek-widyaa/vendor/codeigniter4/framework/system/Database/MySQLi/Connection.php(280): mysqli->query()
#1 /home/hades/Documents/mutiara/apotek-widyaa/vendor/codeigniter4/framework/system/Database/BaseConnection.php(663): CodeIgniter\Database\MySQLi\Connection->execute()
#2 /home/hades/Documents/mutiara/apotek-widyaa/vendor/codeigniter4/framework/system/Database/BaseConnection.php(591): CodeIgniter\Database\BaseConnection->simpleQuery()
#3 /home/hades/Documents/mutiara/apotek-widyaa/vendor/codeigniter4/framework/system/Database/BaseBuilder.php(1428): CodeIgniter\Database\BaseConnection->query()
#4 /home/hades/Documents/mutiara/apotek-widyaa/app/Controllers/Laporan.php(65): CodeIgniter\Database\BaseBuilder->get()
#5 /home/hades/Documents/mutiara/apotek-widyaa/app/Controllers/Laporan.php(28): App\Controllers\Laporan->generatePDF()
#6 /home/hades/Documents/mutiara/apotek-widyaa/vendor/codeigniter4/framework/system/CodeIgniter.php(802): App\Controllers\Laporan->index()
#7 /home/hades/Documents/mutiara/apotek-widyaa/vendor/codeigniter4/framework/system/CodeIgniter.php(399): CodeIgniter\CodeIgniter->runController()
#8 /home/hades/Documents/mutiara/apotek-widyaa/vendor/codeigniter4/framework/system/CodeIgniter.php(317): CodeIgniter\CodeIgniter->handleRequest()
#9 /home/hades/Documents/mutiara/apotek-widyaa/public/index.php(37): CodeIgniter\CodeIgniter->run()
#10 /home/hades/Documents/mutiara/apotek-widyaa/vendor/codeigniter4/framework/system/Commands/Server/rewrite.php(43): require_once('/home/hades/Doc...')
#11 {main}
CRITICAL - 2022-01-07 13:06:38 --> Trying to get property 'pembelian' of non-object
#0 /home/hades/Documents/mutiara/apotek-widyaa/app/Views/laporan/template-laporan.php(56): CodeIgniter\Debug\Exceptions->errorHandler()
#1 /home/hades/Documents/mutiara/apotek-widyaa/vendor/codeigniter4/framework/system/View/View.php(214): include('/home/hades/Doc...')
#2 /home/hades/Documents/mutiara/apotek-widyaa/vendor/codeigniter4/framework/system/View/View.php(217): CodeIgniter\View\View->CodeIgniter\View\{closure}()
#3 /home/hades/Documents/mutiara/apotek-widyaa/vendor/codeigniter4/framework/system/Common.php(1092): CodeIgniter\View\View->render()
#4 /home/hades/Documents/mutiara/apotek-widyaa/app/Controllers/Laporan.php(80): view()
#5 /home/hades/Documents/mutiara/apotek-widyaa/app/Controllers/Laporan.php(28): App\Controllers\Laporan->generatePDF()
#6 /home/hades/Documents/mutiara/apotek-widyaa/vendor/codeigniter4/framework/system/CodeIgniter.php(802): App\Controllers\Laporan->index()
#7 /home/hades/Documents/mutiara/apotek-widyaa/vendor/codeigniter4/framework/system/CodeIgniter.php(399): CodeIgniter\CodeIgniter->runController()
#8 /home/hades/Documents/mutiara/apotek-widyaa/vendor/codeigniter4/framework/system/CodeIgniter.php(317): CodeIgniter\CodeIgniter->handleRequest()
#9 /home/hades/Documents/mutiara/apotek-widyaa/public/index.php(37): CodeIgniter\CodeIgniter->run()
#10 /home/hades/Documents/mutiara/apotek-widyaa/vendor/codeigniter4/framework/system/Commands/Server/rewrite.php(43): require_once('/home/hades/Doc...')
#11 {main}
CRITICAL - 2022-01-07 13:07:18 --> Undefined index: pembelian
#0 /home/hades/Documents/mutiara/apotek-widyaa/app/Views/laporan/template-laporan.php(56): CodeIgniter\Debug\Exceptions->errorHandler()
#1 /home/hades/Documents/mutiara/apotek-widyaa/vendor/codeigniter4/framework/system/View/View.php(214): include('/home/hades/Doc...')
#2 /home/hades/Documents/mutiara/apotek-widyaa/vendor/codeigniter4/framework/system/View/View.php(217): CodeIgniter\View\View->CodeIgniter\View\{closure}()
#3 /home/hades/Documents/mutiara/apotek-widyaa/vendor/codeigniter4/framework/system/Common.php(1092): CodeIgniter\View\View->render()
#4 /home/hades/Documents/mutiara/apotek-widyaa/app/Controllers/Laporan.php(80): view()
#5 /home/hades/Documents/mutiara/apotek-widyaa/app/Controllers/Laporan.php(28): App\Controllers\Laporan->generatePDF()
#6 /home/hades/Documents/mutiara/apotek-widyaa/vendor/codeigniter4/framework/system/CodeIgniter.php(802): App\Controllers\Laporan->index()
#7 /home/hades/Documents/mutiara/apotek-widyaa/vendor/codeigniter4/framework/system/CodeIgniter.php(399): CodeIgniter\CodeIgniter->runController()
#8 /home/hades/Documents/mutiara/apotek-widyaa/vendor/codeigniter4/framework/system/CodeIgniter.php(317): CodeIgniter\CodeIgniter->handleRequest()
#9 /home/hades/Documents/mutiara/apotek-widyaa/public/index.php(37): CodeIgniter\CodeIgniter->run()
#10 /home/hades/Documents/mutiara/apotek-widyaa/vendor/codeigniter4/framework/system/Commands/Server/rewrite.php(43): require_once('/home/hades/Doc...')
#11 {main}
CRITICAL - 2022-01-07 13:11:37 --> Undefined index: pembelian
#0 /home/hades/Documents/mutiara/apotek-widyaa/app/Views/laporan/template-laporan.php(56): CodeIgniter\Debug\Exceptions->errorHandler()
#1 /home/hades/Documents/mutiara/apotek-widyaa/vendor/codeigniter4/framework/system/View/View.php(214): include('/home/hades/Doc...')
#2 /home/hades/Documents/mutiara/apotek-widyaa/vendor/codeigniter4/framework/system/View/View.php(217): CodeIgniter\View\View->CodeIgniter\View\{closure}()
#3 /home/hades/Documents/mutiara/apotek-widyaa/vendor/codeigniter4/framework/system/Common.php(1092): CodeIgniter\View\View->render()
#4 /home/hades/Documents/mutiara/apotek-widyaa/app/Controllers/Laporan.php(80): view()
#5 /home/hades/Documents/mutiara/apotek-widyaa/app/Controllers/Laporan.php(28): App\Controllers\Laporan->generatePDF()
#6 /home/hades/Documents/mutiara/apotek-widyaa/vendor/codeigniter4/framework/system/CodeIgniter.php(802): App\Controllers\Laporan->index()
#7 /home/hades/Documents/mutiara/apotek-widyaa/vendor/codeigniter4/framework/system/CodeIgniter.php(399): CodeIgniter\CodeIgniter->runController()
#8 /home/hades/Documents/mutiara/apotek-widyaa/vendor/codeigniter4/framework/system/CodeIgniter.php(317): CodeIgniter\CodeIgniter->handleRequest()
#9 /home/hades/Documents/mutiara/apotek-widyaa/public/index.php(37): CodeIgniter\CodeIgniter->run()
#10 /home/hades/Documents/mutiara/apotek-widyaa/vendor/codeigniter4/framework/system/Commands/Server/rewrite.php(43): require_once('/home/hades/Doc...')
#11 {main}
CRITICAL - 2022-01-07 13:13:47 --> Undefined index: pembelian
#0 /home/hades/Documents/mutiara/apotek-widyaa/app/Views/laporan/template-laporan.php(56): CodeIgniter\Debug\Exceptions->errorHandler()
#1 /home/hades/Documents/mutiara/apotek-widyaa/vendor/codeigniter4/framework/system/View/View.php(214): include('/home/hades/Doc...')
#2 /home/hades/Documents/mutiara/apotek-widyaa/vendor/codeigniter4/framework/system/View/View.php(217): CodeIgniter\View\View->CodeIgniter\View\{closure}()
#3 /home/hades/Documents/mutiara/apotek-widyaa/vendor/codeigniter4/framework/system/Common.php(1092): CodeIgniter\View\View->render()
#4 /home/hades/Documents/mutiara/apotek-widyaa/app/Controllers/Laporan.php(79): view()
#5 /home/hades/Documents/mutiara/apotek-widyaa/app/Controllers/Laporan.php(28): App\Controllers\Laporan->generatePDF()
#6 /home/hades/Documents/mutiara/apotek-widyaa/vendor/codeigniter4/framework/system/CodeIgniter.php(802): App\Controllers\Laporan->index()
#7 /home/hades/Documents/mutiara/apotek-widyaa/vendor/codeigniter4/framework/system/CodeIgniter.php(399): CodeIgniter\CodeIgniter->runController()
#8 /home/hades/Documents/mutiara/apotek-widyaa/vendor/codeigniter4/framework/system/CodeIgniter.php(317): CodeIgniter\CodeIgniter->handleRequest()
#9 /home/hades/Documents/mutiara/apotek-widyaa/public/index.php(37): CodeIgniter\CodeIgniter->run()
#10 /home/hades/Documents/mutiara/apotek-widyaa/vendor/codeigniter4/framework/system/Commands/Server/rewrite.php(43): require_once('/home/hades/Doc...')
#11 {main}
CRITICAL - 2022-01-07 13:20:11 --> Cannot use object of type stdClass as array
#0 /home/hades/Documents/mutiara/apotek-widyaa/vendor/codeigniter4/framework/system/View/View.php(214): include()
#1 /home/hades/Documents/mutiara/apotek-widyaa/vendor/codeigniter4/framework/system/View/View.php(217): CodeIgniter\View\View->CodeIgniter\View\{closure}()
#2 /home/hades/Documents/mutiara/apotek-widyaa/vendor/codeigniter4/framework/system/Common.php(1092): CodeIgniter\View\View->render()
#3 /home/hades/Documents/mutiara/apotek-widyaa/app/Controllers/Laporan.php(79): view()
#4 /home/hades/Documents/mutiara/apotek-widyaa/app/Controllers/Laporan.php(28): App\Controllers\Laporan->generatePDF()
#5 /home/hades/Documents/mutiara/apotek-widyaa/vendor/codeigniter4/framework/system/CodeIgniter.php(802): App\Controllers\Laporan->index()
#6 /home/hades/Documents/mutiara/apotek-widyaa/vendor/codeigniter4/framework/system/CodeIgniter.php(399): CodeIgniter\CodeIgniter->runController()
#7 /home/hades/Documents/mutiara/apotek-widyaa/vendor/codeigniter4/framework/system/CodeIgniter.php(317): CodeIgniter\CodeIgniter->handleRequest()
#8 /home/hades/Documents/mutiara/apotek-widyaa/public/index.php(37): CodeIgniter\CodeIgniter->run()
#9 /home/hades/Documents/mutiara/apotek-widyaa/vendor/codeigniter4/framework/system/Commands/Server/rewrite.php(43): require_once('/home/hades/Doc...')
#10 {main}
ERROR - 2022-01-07 13:32:01 --> Unknown column 'tb_obat_keluar.keluar' in 'field list'
CRITICAL - 2022-01-07 13:32:01 --> Unknown column 'tb_obat_keluar.keluar' in 'field list'
#0 /home/hades/Documents/mutiara/apotek-widyaa/vendor/codeigniter4/framework/system/Database/MySQLi/Connection.php(280): mysqli->query()
#1 /home/hades/Documents/mutiara/apotek-widyaa/vendor/codeigniter4/framework/system/Database/BaseConnection.php(663): CodeIgniter\Database\MySQLi\Connection->execute()
#2 /home/hades/Documents/mutiara/apotek-widyaa/vendor/codeigniter4/framework/system/Database/BaseConnection.php(591): CodeIgniter\Database\BaseConnection->simpleQuery()
#3 /home/hades/Documents/mutiara/apotek-widyaa/vendor/codeigniter4/framework/system/Database/BaseBuilder.php(1428): CodeIgniter\Database\BaseConnection->query()
#4 /home/hades/Documents/mutiara/apotek-widyaa/app/Controllers/Laporan.php(77): CodeIgniter\Database\BaseBuilder->get()
#5 /home/hades/Documents/mutiara/apotek-widyaa/app/Controllers/Laporan.php(28): App\Controllers\Laporan->generatePDF()
#6 /home/hades/Documents/mutiara/apotek-widyaa/vendor/codeigniter4/framework/system/CodeIgniter.php(802): App\Controllers\Laporan->index()
#7 /home/hades/Documents/mutiara/apotek-widyaa/vendor/codeigniter4/framework/system/CodeIgniter.php(399): CodeIgniter\CodeIgniter->runController()
#8 /home/hades/Documents/mutiara/apotek-widyaa/vendor/codeigniter4/framework/system/CodeIgniter.php(317): CodeIgniter\CodeIgniter->handleRequest()
#9 /home/hades/Documents/mutiara/apotek-widyaa/public/index.php(37): CodeIgniter\CodeIgniter->run()
#10 /home/hades/Documents/mutiara/apotek-widyaa/vendor/codeigniter4/framework/system/Commands/Server/rewrite.php(43): require_once('/home/hades/Doc...')
#11 {main}
ERROR - 2022-01-07 13:32:55 --> Unknown column 'tb_obat_keluar.keluar' in 'field list'
CRITICAL - 2022-01-07 13:32:55 --> Unknown column 'tb_obat_keluar.keluar' in 'field list'
#0 /home/hades/Documents/mutiara/apotek-widyaa/vendor/codeigniter4/framework/system/Database/MySQLi/Connection.php(280): mysqli->query()
#1 /home/hades/Documents/mutiara/apotek-widyaa/vendor/codeigniter4/framework/system/Database/BaseConnection.php(663): CodeIgniter\Database\MySQLi\Connection->execute()
#2 /home/hades/Documents/mutiara/apotek-widyaa/vendor/codeigniter4/framework/system/Database/BaseConnection.php(591): CodeIgniter\Database\BaseConnection->simpleQuery()
#3 /home/hades/Documents/mutiara/apotek-widyaa/vendor/codeigniter4/framework/system/Database/BaseBuilder.php(1428): CodeIgniter\Database\BaseConnection->query()
#4 /home/hades/Documents/mutiara/apotek-widyaa/app/Controllers/Laporan.php(77): CodeIgniter\Database\BaseBuilder->get()
#5 /home/hades/Documents/mutiara/apotek-widyaa/app/Controllers/Laporan.php(28): App\Controllers\Laporan->generatePDF()
#6 /home/hades/Documents/mutiara/apotek-widyaa/vendor/codeigniter4/framework/system/CodeIgniter.php(802): App\Controllers\Laporan->index()
#7 /home/hades/Documents/mutiara/apotek-widyaa/vendor/codeigniter4/framework/system/CodeIgniter.php(399): CodeIgniter\CodeIgniter->runController()
#8 /home/hades/Documents/mutiara/apotek-widyaa/vendor/codeigniter4/framework/system/CodeIgniter.php(317): CodeIgniter\CodeIgniter->handleRequest()
#9 /home/hades/Documents/mutiara/apotek-widyaa/public/index.php(37): CodeIgniter\CodeIgniter->run()
#10 /home/hades/Documents/mutiara/apotek-widyaa/vendor/codeigniter4/framework/system/Commands/Server/rewrite.php(43): require_once('/home/hades/Doc...')
#11 {main}
ERROR - 2022-01-07 13:41:30 --> You have an error in your SQL syntax; check the manual that corresponds to your MySQL server version for the right syntax to use near 'as month) AS `created_at as month`
FROM `tb_obat_masuk`
WHERE MONTH(tb_obat_masu' at line 1
CRITICAL - 2022-01-07 13:41:30 --> You have an error in your SQL syntax; check the manual that corresponds to your MySQL server version for the right syntax to use near 'as month) AS `created_at as month`
FROM `tb_obat_masuk`
WHERE MONTH(tb_obat_masu' at line 1
#0 /home/hades/Documents/mutiara/apotek-widyaa/vendor/codeigniter4/framework/system/Database/MySQLi/Connection.php(280): mysqli->query()
#1 /home/hades/Documents/mutiara/apotek-widyaa/vendor/codeigniter4/framework/system/Database/BaseConnection.php(663): CodeIgniter\Database\MySQLi\Connection->execute()
#2 /home/hades/Documents/mutiara/apotek-widyaa/vendor/codeigniter4/framework/system/Database/BaseConnection.php(591): CodeIgniter\Database\BaseConnection->simpleQuery()
#3 /home/hades/Documents/mutiara/apotek-widyaa/vendor/codeigniter4/framework/system/Database/BaseBuilder.php(1428): CodeIgniter\Database\BaseConnection->query()
#4 /home/hades/Documents/mutiara/apotek-widyaa/app/Controllers/Laporan.php(59): CodeIgniter\Database\BaseBuilder->get()
#5 /home/hades/Documents/mutiara/apotek-widyaa/app/Controllers/Laporan.php(28): App\Controllers\Laporan->generatePDF()
#6 /home/hades/Documents/mutiara/apotek-widyaa/vendor/codeigniter4/framework/system/CodeIgniter.php(802): App\Controllers\Laporan->index()
#7 /home/hades/Documents/mutiara/apotek-widyaa/vendor/codeigniter4/framework/system/CodeIgniter.php(399): CodeIgniter\CodeIgniter->runController()
#8 /home/hades/Documents/mutiara/apotek-widyaa/vendor/codeigniter4/framework/system/CodeIgniter.php(317): CodeIgniter\CodeIgniter->handleRequest()
#9 /home/hades/Documents/mutiara/apotek-widyaa/public/index.php(37): CodeIgniter\CodeIgniter->run()
#10 /home/hades/Documents/mutiara/apotek-widyaa/vendor/codeigniter4/framework/system/Commands/Server/rewrite.php(43): require_once('/home/hades/Doc...')
#11 {main}
ERROR - 2022-01-07 13:41:47 --> You have an error in your SQL syntax; check the manual that corresponds to your MySQL server version for the right syntax to use near 'as month
FROM `tb_obat_masuk`
WHERE MONTH(tb_obat_masuk.created_at) = '1'' at line 1
CRITICAL - 2022-01-07 13:41:47 --> You have an error in your SQL syntax; check the manual that corresponds to your MySQL server version for the right syntax to use near 'as month
FROM `tb_obat_masuk`
WHERE MONTH(tb_obat_masuk.created_at) = '1'' at line 1
#0 /home/hades/Documents/mutiara/apotek-widyaa/vendor/codeigniter4/framework/system/Database/MySQLi/Connection.php(280): mysqli->query()
#1 /home/hades/Documents/mutiara/apotek-widyaa/vendor/codeigniter4/framework/system/Database/BaseConnection.php(663): CodeIgniter\Database\MySQLi\Connection->execute()
#2 /home/hades/Documents/mutiara/apotek-widyaa/vendor/codeigniter4/framework/system/Database/BaseConnection.php(591): CodeIgniter\Database\BaseConnection->simpleQuery()
#3 /home/hades/Documents/mutiara/apotek-widyaa/vendor/codeigniter4/framework/system/Database/BaseBuilder.php(1428): CodeIgniter\Database\BaseConnection->query()
#4 /home/hades/Documents/mutiara/apotek-widyaa/app/Controllers/Laporan.php(59): CodeIgniter\Database\BaseBuilder->get()
#5 /home/hades/Documents/mutiara/apotek-widyaa/app/Controllers/Laporan.php(28): App\Controllers\Laporan->generatePDF()
#6 /home/hades/Documents/mutiara/apotek-widyaa/vendor/codeigniter4/framework/system/CodeIgniter.php(802): App\Controllers\Laporan->index()
#7 /home/hades/Documents/mutiara/apotek-widyaa/vendor/codeigniter4/framework/system/CodeIgniter.php(399): CodeIgniter\CodeIgniter->runController()
#8 /home/hades/Documents/mutiara/apotek-widyaa/vendor/codeigniter4/framework/system/CodeIgniter.php(317): CodeIgniter\CodeIgniter->handleRequest()
#9 /home/hades/Documents/mutiara/apotek-widyaa/public/index.php(37): CodeIgniter\CodeIgniter->run()
#10 /home/hades/Documents/mutiara/apotek-widyaa/vendor/codeigniter4/framework/system/Commands/Server/rewrite.php(43): require_once('/home/hades/Doc...')
#11 {main}
CRITICAL - 2022-01-07 13:42:09 --> Undefined property: stdClass::$month
#0 /home/hades/Documents/mutiara/apotek-widyaa/app/Views/laporan/template-laporan.php(50): CodeIgniter\Debug\Exceptions->errorHandler()
#1 /home/hades/Documents/mutiara/apotek-widyaa/vendor/codeigniter4/framework/system/View/View.php(214): include('/home/hades/Doc...')
#2 /home/hades/Documents/mutiara/apotek-widyaa/vendor/codeigniter4/framework/system/View/View.php(217): CodeIgniter\View\View->CodeIgniter\View\{closure}()
#3 /home/hades/Documents/mutiara/apotek-widyaa/vendor/codeigniter4/framework/system/Common.php(1092): CodeIgniter\View\View->render()
#4 /home/hades/Documents/mutiara/apotek-widyaa/app/Controllers/Laporan.php(94): view()
#5 /home/hades/Documents/mutiara/apotek-widyaa/app/Controllers/Laporan.php(28): App\Controllers\Laporan->generatePDF()
#6 /home/hades/Documents/mutiara/apotek-widyaa/vendor/codeigniter4/framework/system/CodeIgniter.php(802): App\Controllers\Laporan->index()
#7 /home/hades/Documents/mutiara/apotek-widyaa/vendor/codeigniter4/framework/system/CodeIgniter.php(399): CodeIgniter\CodeIgniter->runController()
#8 /home/hades/Documents/mutiara/apotek-widyaa/vendor/codeigniter4/framework/system/CodeIgniter.php(317): CodeIgniter\CodeIgniter->handleRequest()
#9 /home/hades/Documents/mutiara/apotek-widyaa/public/index.php(37): CodeIgniter\CodeIgniter->run()
#10 /home/hades/Documents/mutiara/apotek-widyaa/vendor/codeigniter4/framework/system/Commands/Server/rewrite.php(43): require_once('/home/hades/Doc...')
#11 {main}
CRITICAL - 2022-01-07 13:47:12 --> Invalid argument supplied for foreach()
#0 /home/hades/Documents/mutiara/apotek-widyaa/app/Views/laporan/template-laporan.php(46): CodeIgniter\Debug\Exceptions->errorHandler()
#1 /home/hades/Documents/mutiara/apotek-widyaa/vendor/codeigniter4/framework/system/View/View.php(214): include('/home/hades/Doc...')
#2 /home/hades/Documents/mutiara/apotek-widyaa/vendor/codeigniter4/framework/system/View/View.php(217): CodeIgniter\View\View->CodeIgniter\View\{closure}()
#3 /home/hades/Documents/mutiara/apotek-widyaa/vendor/codeigniter4/framework/system/Common.php(1092): CodeIgniter\View\View->render()
#4 /home/hades/Documents/mutiara/apotek-widyaa/app/Controllers/Laporan.php(90): view()
#5 /home/hades/Documents/mutiara/apotek-widyaa/app/Controllers/Laporan.php(28): App\Controllers\Laporan->generatePDF()
#6 /home/hades/Documents/mutiara/apotek-widyaa/vendor/codeigniter4/framework/system/CodeIgniter.php(802): App\Controllers\Laporan->index()
#7 /home/hades/Documents/mutiara/apotek-widyaa/vendor/codeigniter4/framework/system/CodeIgniter.php(399): CodeIgniter\CodeIgniter->runController()
#8 /home/hades/Documents/mutiara/apotek-widyaa/vendor/codeigniter4/framework/system/CodeIgniter.php(317): CodeIgniter\CodeIgniter->handleRequest()
#9 /home/hades/Documents/mutiara/apotek-widyaa/public/index.php(37): CodeIgniter\CodeIgniter->run()
#10 /home/hades/Documents/mutiara/apotek-widyaa/vendor/codeigniter4/framework/system/Commands/Server/rewrite.php(43): require_once('/home/hades/Doc...')
#11 {main}
CRITICAL - 2022-01-07 14:08:06 --> Call to a member function build_tree() on null
#0 /home/hades/Documents/mutiara/apotek-widyaa/vendor/dompdf/dompdf/src/Dompdf.php(760): Dompdf\Dompdf->processHtml()
#1 /home/hades/Documents/mutiara/apotek-widyaa/app/Controllers/Laporan.php(92): Dompdf\Dompdf->render()
#2 /home/hades/Documents/mutiara/apotek-widyaa/app/Controllers/Laporan.php(28): App\Controllers\Laporan->generatePDF()
#3 /home/hades/Documents/mutiara/apotek-widyaa/vendor/codeigniter4/framework/system/CodeIgniter.php(802): App\Controllers\Laporan->index()
#4 /home/hades/Documents/mutiara/apotek-widyaa/vendor/codeigniter4/framework/system/CodeIgniter.php(399): CodeIgniter\CodeIgniter->runController()
#5 /home/hades/Documents/mutiara/apotek-widyaa/vendor/codeigniter4/framework/system/CodeIgniter.php(317): CodeIgniter\CodeIgniter->handleRequest()
#6 /home/hades/Documents/mutiara/apotek-widyaa/public/index.php(37): CodeIgniter\CodeIgniter->run()
#7 /home/hades/Documents/mutiara/apotek-widyaa/vendor/codeigniter4/framework/system/Commands/Server/rewrite.php(43): require_once('/home/hades/Doc...')
#8 {main}
CRITICAL - 2022-01-07 14:17:41 --> date() expects at most 2 parameters, 3 given
#0 [internal function]: CodeIgniter\Debug\Exceptions->errorHandler()
#1 /home/hades/Documents/mutiara/apotek-widyaa/app/Controllers/Laporan.php(55): date()
#2 /home/hades/Documents/mutiara/apotek-widyaa/app/Controllers/Laporan.php(28): App\Controllers\Laporan->generatePDF()
#3 /home/hades/Documents/mutiara/apotek-widyaa/vendor/codeigniter4/framework/system/CodeIgniter.php(802): App\Controllers\Laporan->index()
#4 /home/hades/Documents/mutiara/apotek-widyaa/vendor/codeigniter4/framework/system/CodeIgniter.php(399): CodeIgniter\CodeIgniter->runController()
#5 /home/hades/Documents/mutiara/apotek-widyaa/vendor/codeigniter4/framework/system/CodeIgniter.php(317): CodeIgniter\CodeIgniter->handleRequest()
#6 /home/hades/Documents/mutiara/apotek-widyaa/public/index.php(37): CodeIgniter\CodeIgniter->run()
#7 /home/hades/Documents/mutiara/apotek-widyaa/vendor/codeigniter4/framework/system/Commands/Server/rewrite.php(43): require_once('/home/hades/Doc...')
#8 {main}
