ERROR - 2021-12-22 00:33:40 --> Unknown column 'tb_obat.id_obat' in 'field list'
CRITICAL - 2021-12-22 00:33:40 --> Unknown column 'tb_obat.id_obat' in 'field list'
#0 /home/hades/Documents/mutiara/apotek-widyaa/vendor/codeigniter4/framework/system/Database/MySQLi/Connection.php(280): mysqli->query()
#1 /home/hades/Documents/mutiara/apotek-widyaa/vendor/codeigniter4/framework/system/Database/BaseConnection.php(663): CodeIgniter\Database\MySQLi\Connection->execute()
#2 /home/hades/Documents/mutiara/apotek-widyaa/vendor/codeigniter4/framework/system/Database/BaseConnection.php(591): CodeIgniter\Database\BaseConnection->simpleQuery()
#3 /home/hades/Documents/mutiara/apotek-widyaa/vendor/codeigniter4/framework/system/Database/BaseBuilder.php(1428): CodeIgniter\Database\BaseConnection->query()
#4 /home/hades/Documents/mutiara/apotek-widyaa/app/Controllers/Prekursor.php(66): CodeIgniter\Database\BaseBuilder->get()
#5 /home/hades/Documents/mutiara/apotek-widyaa/vendor/codeigniter4/framework/system/CodeIgniter.php(802): App\Controllers\Prekursor->create()
#6 /home/hades/Documents/mutiara/apotek-widyaa/vendor/codeigniter4/framework/system/CodeIgniter.php(399): CodeIgniter\CodeIgniter->runController()
#7 /home/hades/Documents/mutiara/apotek-widyaa/vendor/codeigniter4/framework/system/CodeIgniter.php(317): CodeIgniter\CodeIgniter->handleRequest()
#8 /home/hades/Documents/mutiara/apotek-widyaa/public/index.php(37): CodeIgniter\CodeIgniter->run()
#9 /home/hades/Documents/mutiara/apotek-widyaa/vendor/codeigniter4/framework/system/Commands/Server/rewrite.php(43): require_once('/home/hades/Doc...')
#10 {main}
CRITICAL - 2021-12-22 00:49:29 --> Call to undefined function form_open()
#0 /home/hades/Documents/mutiara/apotek-widyaa/vendor/codeigniter4/framework/system/View/View.php(214): include()
#1 /home/hades/Documents/mutiara/apotek-widyaa/vendor/codeigniter4/framework/system/View/View.php(217): CodeIgniter\View\View->CodeIgniter\View\{closure}()
#2 /home/hades/Documents/mutiara/apotek-widyaa/vendor/codeigniter4/framework/system/Common.php(1092): CodeIgniter\View\View->render()
#3 /home/hades/Documents/mutiara/apotek-widyaa/app/Controllers/Prekursor.php(92): view()
#4 /home/hades/Documents/mutiara/apotek-widyaa/vendor/codeigniter4/framework/system/CodeIgniter.php(802): App\Controllers\Prekursor->create()
#5 /home/hades/Documents/mutiara/apotek-widyaa/vendor/codeigniter4/framework/system/CodeIgniter.php(399): CodeIgniter\CodeIgniter->runController()
#6 /home/hades/Documents/mutiara/apotek-widyaa/vendor/codeigniter4/framework/system/CodeIgniter.php(317): CodeIgniter\CodeIgniter->handleRequest()
#7 /home/hades/Documents/mutiara/apotek-widyaa/public/index.php(37): CodeIgniter\CodeIgniter->run()
#8 /home/hades/Documents/mutiara/apotek-widyaa/vendor/codeigniter4/framework/system/Commands/Server/rewrite.php(43): require_once('/home/hades/Doc...')
#9 {main}
CRITICAL - 2021-12-22 01:09:19 --> Call to undefined function form_open()
#0 /home/hades/Documents/mutiara/apotek-widyaa/vendor/codeigniter4/framework/system/View/View.php(214): include()
#1 /home/hades/Documents/mutiara/apotek-widyaa/vendor/codeigniter4/framework/system/View/View.php(217): CodeIgniter\View\View->CodeIgniter\View\{closure}()
#2 /home/hades/Documents/mutiara/apotek-widyaa/vendor/codeigniter4/framework/system/Common.php(1092): CodeIgniter\View\View->render()
#3 /home/hades/Documents/mutiara/apotek-widyaa/app/Controllers/Prekursor.php(92): view()
#4 /home/hades/Documents/mutiara/apotek-widyaa/vendor/codeigniter4/framework/system/CodeIgniter.php(802): App\Controllers\Prekursor->create()
#5 /home/hades/Documents/mutiara/apotek-widyaa/vendor/codeigniter4/framework/system/CodeIgniter.php(399): CodeIgniter\CodeIgniter->runController()
#6 /home/hades/Documents/mutiara/apotek-widyaa/vendor/codeigniter4/framework/system/CodeIgniter.php(317): CodeIgniter\CodeIgniter->handleRequest()
#7 /home/hades/Documents/mutiara/apotek-widyaa/public/index.php(37): CodeIgniter\CodeIgniter->run()
#8 /home/hades/Documents/mutiara/apotek-widyaa/vendor/codeigniter4/framework/system/Commands/Server/rewrite.php(43): require_once('/home/hades/Doc...')
#9 {main}
CRITICAL - 2021-12-22 01:10:44 --> Call to undefined function form_open()
#0 /home/hades/Documents/mutiara/apotek-widyaa/vendor/codeigniter4/framework/system/View/View.php(214): include()
#1 /home/hades/Documents/mutiara/apotek-widyaa/vendor/codeigniter4/framework/system/View/View.php(217): CodeIgniter\View\View->CodeIgniter\View\{closure}()
#2 /home/hades/Documents/mutiara/apotek-widyaa/vendor/codeigniter4/framework/system/Common.php(1092): CodeIgniter\View\View->render()
#3 /home/hades/Documents/mutiara/apotek-widyaa/app/Controllers/Prekursor.php(92): view()
#4 /home/hades/Documents/mutiara/apotek-widyaa/vendor/codeigniter4/framework/system/CodeIgniter.php(802): App\Controllers\Prekursor->create()
#5 /home/hades/Documents/mutiara/apotek-widyaa/vendor/codeigniter4/framework/system/CodeIgniter.php(399): CodeIgniter\CodeIgniter->runController()
#6 /home/hades/Documents/mutiara/apotek-widyaa/vendor/codeigniter4/framework/system/CodeIgniter.php(317): CodeIgniter\CodeIgniter->handleRequest()
#7 /home/hades/Documents/mutiara/apotek-widyaa/public/index.php(37): CodeIgniter\CodeIgniter->run()
#8 /home/hades/Documents/mutiara/apotek-widyaa/vendor/codeigniter4/framework/system/Commands/Server/rewrite.php(43): require_once('/home/hades/Doc...')
#9 {main}
CRITICAL - 2021-12-22 05:43:23 --> syntax error, unexpected 'Full' (T_STRING)
#0 /home/hades/Documents/mutiara/apotek-widyaa/vendor/codeigniter4/framework/system/Router/Router.php(160): CodeIgniter\Router\Router->autoRoute()
#1 /home/hades/Documents/mutiara/apotek-widyaa/vendor/codeigniter4/framework/system/CodeIgniter.php(702): CodeIgniter\Router\Router->handle()
#2 /home/hades/Documents/mutiara/apotek-widyaa/vendor/codeigniter4/framework/system/CodeIgniter.php(358): CodeIgniter\CodeIgniter->tryToRouteIt()
#3 /home/hades/Documents/mutiara/apotek-widyaa/vendor/codeigniter4/framework/system/CodeIgniter.php(317): CodeIgniter\CodeIgniter->handleRequest()
#4 /home/hades/Documents/mutiara/apotek-widyaa/public/index.php(37): CodeIgniter\CodeIgniter->run()
#5 /home/hades/Documents/mutiara/apotek-widyaa/vendor/codeigniter4/framework/system/Commands/Server/rewrite.php(43): require_once('/home/hades/Doc...')
#6 {main}
CRITICAL - 2021-12-22 05:46:55 --> Undefined variable: nobp
#0 /home/hades/Documents/mutiara/apotek-widyaa/app/Controllers/Prekursor.php(106): CodeIgniter\Debug\Exceptions->errorHandler()
#1 /home/hades/Documents/mutiara/apotek-widyaa/vendor/codeigniter4/framework/system/CodeIgniter.php(802): App\Controllers\Prekursor->simpandata()
#2 /home/hades/Documents/mutiara/apotek-widyaa/vendor/codeigniter4/framework/system/CodeIgniter.php(399): CodeIgniter\CodeIgniter->runController()
#3 /home/hades/Documents/mutiara/apotek-widyaa/vendor/codeigniter4/framework/system/CodeIgniter.php(317): CodeIgniter\CodeIgniter->handleRequest()
#4 /home/hades/Documents/mutiara/apotek-widyaa/public/index.php(37): CodeIgniter\CodeIgniter->run()
#5 /home/hades/Documents/mutiara/apotek-widyaa/vendor/codeigniter4/framework/system/Commands/Server/rewrite.php(43): require_once('/home/hades/Doc...')
#6 {main}
CRITICAL - 2021-12-22 05:48:16 --> Undefined property: App\Controllers\Prekursor::$prekursor
#0 /home/hades/Documents/mutiara/apotek-widyaa/app/Controllers/Prekursor.php(109): CodeIgniter\Debug\Exceptions->errorHandler()
#1 /home/hades/Documents/mutiara/apotek-widyaa/vendor/codeigniter4/framework/system/CodeIgniter.php(802): App\Controllers\Prekursor->simpandata()
#2 /home/hades/Documents/mutiara/apotek-widyaa/vendor/codeigniter4/framework/system/CodeIgniter.php(399): CodeIgniter\CodeIgniter->runController()
#3 /home/hades/Documents/mutiara/apotek-widyaa/vendor/codeigniter4/framework/system/CodeIgniter.php(317): CodeIgniter\CodeIgniter->handleRequest()
#4 /home/hades/Documents/mutiara/apotek-widyaa/public/index.php(37): CodeIgniter\CodeIgniter->run()
#5 /home/hades/Documents/mutiara/apotek-widyaa/vendor/codeigniter4/framework/system/Commands/Server/rewrite.php(43): require_once('/home/hades/Doc...')
#6 {main}
CRITICAL - 2021-12-22 05:48:45 --> Undefined property: App\Controllers\Prekursor::$prekursor
#0 /home/hades/Documents/mutiara/apotek-widyaa/app/Controllers/Prekursor.php(109): CodeIgniter\Debug\Exceptions->errorHandler()
#1 /home/hades/Documents/mutiara/apotek-widyaa/vendor/codeigniter4/framework/system/CodeIgniter.php(802): App\Controllers\Prekursor->simpandata()
#2 /home/hades/Documents/mutiara/apotek-widyaa/vendor/codeigniter4/framework/system/CodeIgniter.php(399): CodeIgniter\CodeIgniter->runController()
#3 /home/hades/Documents/mutiara/apotek-widyaa/vendor/codeigniter4/framework/system/CodeIgniter.php(317): CodeIgniter\CodeIgniter->handleRequest()
#4 /home/hades/Documents/mutiara/apotek-widyaa/public/index.php(37): CodeIgniter\CodeIgniter->run()
#5 /home/hades/Documents/mutiara/apotek-widyaa/vendor/codeigniter4/framework/system/Commands/Server/rewrite.php(43): require_once('/home/hades/Doc...')
#6 {main}
CRITICAL - 2021-12-22 05:48:52 --> Undefined property: App\Controllers\Prekursor::$prekursor
#0 /home/hades/Documents/mutiara/apotek-widyaa/app/Controllers/Prekursor.php(109): CodeIgniter\Debug\Exceptions->errorHandler()
#1 /home/hades/Documents/mutiara/apotek-widyaa/vendor/codeigniter4/framework/system/CodeIgniter.php(802): App\Controllers\Prekursor->simpandata()
#2 /home/hades/Documents/mutiara/apotek-widyaa/vendor/codeigniter4/framework/system/CodeIgniter.php(399): CodeIgniter\CodeIgniter->runController()
#3 /home/hades/Documents/mutiara/apotek-widyaa/vendor/codeigniter4/framework/system/CodeIgniter.php(317): CodeIgniter\CodeIgniter->handleRequest()
#4 /home/hades/Documents/mutiara/apotek-widyaa/public/index.php(37): CodeIgniter\CodeIgniter->run()
#5 /home/hades/Documents/mutiara/apotek-widyaa/vendor/codeigniter4/framework/system/Commands/Server/rewrite.php(43): require_once('/home/hades/Doc...')
#6 {main}
CRITICAL - 2021-12-22 05:49:05 --> Undefined property: App\Controllers\Prekursor::$prekursor
#0 /home/hades/Documents/mutiara/apotek-widyaa/app/Controllers/Prekursor.php(109): CodeIgniter\Debug\Exceptions->errorHandler()
#1 /home/hades/Documents/mutiara/apotek-widyaa/vendor/codeigniter4/framework/system/CodeIgniter.php(802): App\Controllers\Prekursor->simpandata()
#2 /home/hades/Documents/mutiara/apotek-widyaa/vendor/codeigniter4/framework/system/CodeIgniter.php(399): CodeIgniter\CodeIgniter->runController()
#3 /home/hades/Documents/mutiara/apotek-widyaa/vendor/codeigniter4/framework/system/CodeIgniter.php(317): CodeIgniter\CodeIgniter->handleRequest()
#4 /home/hades/Documents/mutiara/apotek-widyaa/public/index.php(37): CodeIgniter\CodeIgniter->run()
#5 /home/hades/Documents/mutiara/apotek-widyaa/vendor/codeigniter4/framework/system/Commands/Server/rewrite.php(43): require_once('/home/hades/Doc...')
#6 {main}
CRITICAL - 2021-12-22 05:50:02 --> Undefined property: App\Controllers\Prekursor::$prekursor
#0 /home/hades/Documents/mutiara/apotek-widyaa/app/Controllers/Prekursor.php(109): CodeIgniter\Debug\Exceptions->errorHandler()
#1 /home/hades/Documents/mutiara/apotek-widyaa/vendor/codeigniter4/framework/system/CodeIgniter.php(802): App\Controllers\Prekursor->simpandata()
#2 /home/hades/Documents/mutiara/apotek-widyaa/vendor/codeigniter4/framework/system/CodeIgniter.php(399): CodeIgniter\CodeIgniter->runController()
#3 /home/hades/Documents/mutiara/apotek-widyaa/vendor/codeigniter4/framework/system/CodeIgniter.php(317): CodeIgniter\CodeIgniter->handleRequest()
#4 /home/hades/Documents/mutiara/apotek-widyaa/public/index.php(37): CodeIgniter\CodeIgniter->run()
#5 /home/hades/Documents/mutiara/apotek-widyaa/vendor/codeigniter4/framework/system/Commands/Server/rewrite.php(43): require_once('/home/hades/Doc...')
#6 {main}
CRITICAL - 2021-12-22 05:54:13 --> Trying to access array offset on value of type null
#0 /home/hades/Documents/mutiara/apotek-widyaa/app/Controllers/Prekursor.php(111): CodeIgniter\Debug\Exceptions->errorHandler()
#1 /home/hades/Documents/mutiara/apotek-widyaa/vendor/codeigniter4/framework/system/CodeIgniter.php(802): App\Controllers\Prekursor->simpandata()
#2 /home/hades/Documents/mutiara/apotek-widyaa/vendor/codeigniter4/framework/system/CodeIgniter.php(399): CodeIgniter\CodeIgniter->runController()
#3 /home/hades/Documents/mutiara/apotek-widyaa/vendor/codeigniter4/framework/system/CodeIgniter.php(317): CodeIgniter\CodeIgniter->handleRequest()
#4 /home/hades/Documents/mutiara/apotek-widyaa/public/index.php(37): CodeIgniter\CodeIgniter->run()
#5 /home/hades/Documents/mutiara/apotek-widyaa/vendor/codeigniter4/framework/system/Commands/Server/rewrite.php(43): require_once('/home/hades/Doc...')
#6 {main}
ERROR - 2021-12-22 05:57:31 --> Cannot add or update a child row: a foreign key constraint fails (`apotek`.`tb_pesan`, CONSTRAINT `tb_pesan_ibfk_2` FOREIGN KEY (`id_distributor`) REFERENCES `tb_distributor` (`id_distributor`))
CRITICAL - 2021-12-22 05:57:31 --> Cannot add or update a child row: a foreign key constraint fails (`apotek`.`tb_pesan`, CONSTRAINT `tb_pesan_ibfk_2` FOREIGN KEY (`id_distributor`) REFERENCES `tb_distributor` (`id_distributor`))
#0 /home/hades/Documents/mutiara/apotek-widyaa/vendor/codeigniter4/framework/system/Database/MySQLi/Connection.php(280): mysqli->query()
#1 /home/hades/Documents/mutiara/apotek-widyaa/vendor/codeigniter4/framework/system/Database/BaseConnection.php(663): CodeIgniter\Database\MySQLi\Connection->execute()
#2 /home/hades/Documents/mutiara/apotek-widyaa/vendor/codeigniter4/framework/system/Database/BaseConnection.php(591): CodeIgniter\Database\BaseConnection->simpleQuery()
#3 /home/hades/Documents/mutiara/apotek-widyaa/vendor/codeigniter4/framework/system/Database/BaseBuilder.php(1733): CodeIgniter\Database\BaseConnection->query()
#4 /home/hades/Documents/mutiara/apotek-widyaa/vendor/codeigniter4/framework/system/Model.php(239): CodeIgniter\Database\BaseBuilder->insert()
#5 /home/hades/Documents/mutiara/apotek-widyaa/vendor/codeigniter4/framework/system/BaseModel.php(738): CodeIgniter\Model->doInsert()
#6 /home/hades/Documents/mutiara/apotek-widyaa/vendor/codeigniter4/framework/system/Model.php(620): CodeIgniter\BaseModel->insert()
#7 /home/hades/Documents/mutiara/apotek-widyaa/app/Controllers/Prekursor.php(117): CodeIgniter\Model->insert()
#8 /home/hades/Documents/mutiara/apotek-widyaa/vendor/codeigniter4/framework/system/CodeIgniter.php(802): App\Controllers\Prekursor->simpandata()
#9 /home/hades/Documents/mutiara/apotek-widyaa/vendor/codeigniter4/framework/system/CodeIgniter.php(399): CodeIgniter\CodeIgniter->runController()
#10 /home/hades/Documents/mutiara/apotek-widyaa/vendor/codeigniter4/framework/system/CodeIgniter.php(317): CodeIgniter\CodeIgniter->handleRequest()
#11 /home/hades/Documents/mutiara/apotek-widyaa/public/index.php(37): CodeIgniter\CodeIgniter->run()
#12 /home/hades/Documents/mutiara/apotek-widyaa/vendor/codeigniter4/framework/system/Commands/Server/rewrite.php(43): require_once('/home/hades/Doc...')
#13 {main}
CRITICAL - 2021-12-22 06:00:48 --> Trying to access array offset on value of type null
#0 /home/hades/Documents/mutiara/apotek-widyaa/app/Controllers/Prekursor.php(111): CodeIgniter\Debug\Exceptions->errorHandler()
#1 /home/hades/Documents/mutiara/apotek-widyaa/vendor/codeigniter4/framework/system/CodeIgniter.php(802): App\Controllers\Prekursor->simpandata()
#2 /home/hades/Documents/mutiara/apotek-widyaa/vendor/codeigniter4/framework/system/CodeIgniter.php(399): CodeIgniter\CodeIgniter->runController()
#3 /home/hades/Documents/mutiara/apotek-widyaa/vendor/codeigniter4/framework/system/CodeIgniter.php(317): CodeIgniter\CodeIgniter->handleRequest()
#4 /home/hades/Documents/mutiara/apotek-widyaa/public/index.php(37): CodeIgniter\CodeIgniter->run()
#5 /home/hades/Documents/mutiara/apotek-widyaa/vendor/codeigniter4/framework/system/Commands/Server/rewrite.php(43): require_once('/home/hades/Doc...')
#6 {main}
ERROR - 2021-12-22 06:01:14 --> Cannot add or update a child row: a foreign key constraint fails (`apotek`.`tb_pesan`, CONSTRAINT `tb_pesan_ibfk_2` FOREIGN KEY (`id_distributor`) REFERENCES `tb_distributor` (`id_distributor`))
CRITICAL - 2021-12-22 06:01:14 --> Cannot add or update a child row: a foreign key constraint fails (`apotek`.`tb_pesan`, CONSTRAINT `tb_pesan_ibfk_2` FOREIGN KEY (`id_distributor`) REFERENCES `tb_distributor` (`id_distributor`))
#0 /home/hades/Documents/mutiara/apotek-widyaa/vendor/codeigniter4/framework/system/Database/MySQLi/Connection.php(280): mysqli->query()
#1 /home/hades/Documents/mutiara/apotek-widyaa/vendor/codeigniter4/framework/system/Database/BaseConnection.php(663): CodeIgniter\Database\MySQLi\Connection->execute()
#2 /home/hades/Documents/mutiara/apotek-widyaa/vendor/codeigniter4/framework/system/Database/BaseConnection.php(591): CodeIgniter\Database\BaseConnection->simpleQuery()
#3 /home/hades/Documents/mutiara/apotek-widyaa/vendor/codeigniter4/framework/system/Database/BaseBuilder.php(1733): CodeIgniter\Database\BaseConnection->query()
#4 /home/hades/Documents/mutiara/apotek-widyaa/vendor/codeigniter4/framework/system/Model.php(239): CodeIgniter\Database\BaseBuilder->insert()
#5 /home/hades/Documents/mutiara/apotek-widyaa/vendor/codeigniter4/framework/system/BaseModel.php(738): CodeIgniter\Model->doInsert()
#6 /home/hades/Documents/mutiara/apotek-widyaa/vendor/codeigniter4/framework/system/Model.php(620): CodeIgniter\BaseModel->insert()
#7 /home/hades/Documents/mutiara/apotek-widyaa/app/Controllers/Prekursor.php(117): CodeIgniter\Model->insert()
#8 /home/hades/Documents/mutiara/apotek-widyaa/vendor/codeigniter4/framework/system/CodeIgniter.php(802): App\Controllers\Prekursor->simpandata()
#9 /home/hades/Documents/mutiara/apotek-widyaa/vendor/codeigniter4/framework/system/CodeIgniter.php(399): CodeIgniter\CodeIgniter->runController()
#10 /home/hades/Documents/mutiara/apotek-widyaa/vendor/codeigniter4/framework/system/CodeIgniter.php(317): CodeIgniter\CodeIgniter->handleRequest()
#11 /home/hades/Documents/mutiara/apotek-widyaa/public/index.php(37): CodeIgniter\CodeIgniter->run()
#12 /home/hades/Documents/mutiara/apotek-widyaa/vendor/codeigniter4/framework/system/Commands/Server/rewrite.php(43): require_once('/home/hades/Doc...')
#13 {main}
ERROR - 2021-12-22 06:03:22 --> Cannot add or update a child row: a foreign key constraint fails (`apotek`.`tb_pesan`, CONSTRAINT `tb_pesan_ibfk_2` FOREIGN KEY (`id_distributor`) REFERENCES `tb_distributor` (`id_distributor`))
CRITICAL - 2021-12-22 06:03:22 --> Cannot add or update a child row: a foreign key constraint fails (`apotek`.`tb_pesan`, CONSTRAINT `tb_pesan_ibfk_2` FOREIGN KEY (`id_distributor`) REFERENCES `tb_distributor` (`id_distributor`))
#0 /home/hades/Documents/mutiara/apotek-widyaa/vendor/codeigniter4/framework/system/Database/MySQLi/Connection.php(280): mysqli->query()
#1 /home/hades/Documents/mutiara/apotek-widyaa/vendor/codeigniter4/framework/system/Database/BaseConnection.php(663): CodeIgniter\Database\MySQLi\Connection->execute()
#2 /home/hades/Documents/mutiara/apotek-widyaa/vendor/codeigniter4/framework/system/Database/BaseConnection.php(591): CodeIgniter\Database\BaseConnection->simpleQuery()
#3 /home/hades/Documents/mutiara/apotek-widyaa/vendor/codeigniter4/framework/system/Database/BaseBuilder.php(1733): CodeIgniter\Database\BaseConnection->query()
#4 /home/hades/Documents/mutiara/apotek-widyaa/vendor/codeigniter4/framework/system/Model.php(239): CodeIgniter\Database\BaseBuilder->insert()
#5 /home/hades/Documents/mutiara/apotek-widyaa/vendor/codeigniter4/framework/system/BaseModel.php(738): CodeIgniter\Model->doInsert()
#6 /home/hades/Documents/mutiara/apotek-widyaa/vendor/codeigniter4/framework/system/Model.php(620): CodeIgniter\BaseModel->insert()
#7 /home/hades/Documents/mutiara/apotek-widyaa/app/Controllers/Prekursor.php(117): CodeIgniter\Model->insert()
#8 /home/hades/Documents/mutiara/apotek-widyaa/vendor/codeigniter4/framework/system/CodeIgniter.php(802): App\Controllers\Prekursor->simpandata()
#9 /home/hades/Documents/mutiara/apotek-widyaa/vendor/codeigniter4/framework/system/CodeIgniter.php(399): CodeIgniter\CodeIgniter->runController()
#10 /home/hades/Documents/mutiara/apotek-widyaa/vendor/codeigniter4/framework/system/CodeIgniter.php(317): CodeIgniter\CodeIgniter->handleRequest()
#11 /home/hades/Documents/mutiara/apotek-widyaa/public/index.php(37): CodeIgniter\CodeIgniter->run()
#12 /home/hades/Documents/mutiara/apotek-widyaa/vendor/codeigniter4/framework/system/Commands/Server/rewrite.php(43): require_once('/home/hades/Doc...')
#13 {main}
ERROR - 2021-12-22 06:03:39 --> Cannot add or update a child row: a foreign key constraint fails (`apotek`.`tb_pesan`, CONSTRAINT `tb_pesan_ibfk_2` FOREIGN KEY (`id_distributor`) REFERENCES `tb_distributor` (`id_distributor`))
CRITICAL - 2021-12-22 06:03:39 --> Cannot add or update a child row: a foreign key constraint fails (`apotek`.`tb_pesan`, CONSTRAINT `tb_pesan_ibfk_2` FOREIGN KEY (`id_distributor`) REFERENCES `tb_distributor` (`id_distributor`))
#0 /home/hades/Documents/mutiara/apotek-widyaa/vendor/codeigniter4/framework/system/Database/MySQLi/Connection.php(280): mysqli->query()
#1 /home/hades/Documents/mutiara/apotek-widyaa/vendor/codeigniter4/framework/system/Database/BaseConnection.php(663): CodeIgniter\Database\MySQLi\Connection->execute()
#2 /home/hades/Documents/mutiara/apotek-widyaa/vendor/codeigniter4/framework/system/Database/BaseConnection.php(591): CodeIgniter\Database\BaseConnection->simpleQuery()
#3 /home/hades/Documents/mutiara/apotek-widyaa/vendor/codeigniter4/framework/system/Database/BaseBuilder.php(1733): CodeIgniter\Database\BaseConnection->query()
#4 /home/hades/Documents/mutiara/apotek-widyaa/vendor/codeigniter4/framework/system/Model.php(239): CodeIgniter\Database\BaseBuilder->insert()
#5 /home/hades/Documents/mutiara/apotek-widyaa/vendor/codeigniter4/framework/system/BaseModel.php(738): CodeIgniter\Model->doInsert()
#6 /home/hades/Documents/mutiara/apotek-widyaa/vendor/codeigniter4/framework/system/Model.php(620): CodeIgniter\BaseModel->insert()
#7 /home/hades/Documents/mutiara/apotek-widyaa/app/Controllers/Prekursor.php(117): CodeIgniter\Model->insert()
#8 /home/hades/Documents/mutiara/apotek-widyaa/vendor/codeigniter4/framework/system/CodeIgniter.php(802): App\Controllers\Prekursor->simpandata()
#9 /home/hades/Documents/mutiara/apotek-widyaa/vendor/codeigniter4/framework/system/CodeIgniter.php(399): CodeIgniter\CodeIgniter->runController()
#10 /home/hades/Documents/mutiara/apotek-widyaa/vendor/codeigniter4/framework/system/CodeIgniter.php(317): CodeIgniter\CodeIgniter->handleRequest()
#11 /home/hades/Documents/mutiara/apotek-widyaa/public/index.php(37): CodeIgniter\CodeIgniter->run()
#12 /home/hades/Documents/mutiara/apotek-widyaa/vendor/codeigniter4/framework/system/Commands/Server/rewrite.php(43): require_once('/home/hades/Doc...')
#13 {main}
ERROR - 2021-12-22 06:30:34 --> Cannot add or update a child row: a foreign key constraint fails (`apotek`.`tb_pesan`, CONSTRAINT `tb_pesan_ibfk_2` FOREIGN KEY (`id_distributor`) REFERENCES `tb_distributor` (`id_distributor`))
CRITICAL - 2021-12-22 06:30:34 --> Cannot add or update a child row: a foreign key constraint fails (`apotek`.`tb_pesan`, CONSTRAINT `tb_pesan_ibfk_2` FOREIGN KEY (`id_distributor`) REFERENCES `tb_distributor` (`id_distributor`))
#0 /home/hades/Documents/mutiara/apotek-widyaa/vendor/codeigniter4/framework/system/Database/MySQLi/Connection.php(280): mysqli->query()
#1 /home/hades/Documents/mutiara/apotek-widyaa/vendor/codeigniter4/framework/system/Database/BaseConnection.php(663): CodeIgniter\Database\MySQLi\Connection->execute()
#2 /home/hades/Documents/mutiara/apotek-widyaa/vendor/codeigniter4/framework/system/Database/BaseConnection.php(591): CodeIgniter\Database\BaseConnection->simpleQuery()
#3 /home/hades/Documents/mutiara/apotek-widyaa/vendor/codeigniter4/framework/system/Database/BaseBuilder.php(1733): CodeIgniter\Database\BaseConnection->query()
#4 /home/hades/Documents/mutiara/apotek-widyaa/vendor/codeigniter4/framework/system/Model.php(239): CodeIgniter\Database\BaseBuilder->insert()
#5 /home/hades/Documents/mutiara/apotek-widyaa/vendor/codeigniter4/framework/system/BaseModel.php(738): CodeIgniter\Model->doInsert()
#6 /home/hades/Documents/mutiara/apotek-widyaa/vendor/codeigniter4/framework/system/Model.php(620): CodeIgniter\BaseModel->insert()
#7 /home/hades/Documents/mutiara/apotek-widyaa/app/Controllers/Prekursor.php(117): CodeIgniter\Model->insert()
#8 /home/hades/Documents/mutiara/apotek-widyaa/vendor/codeigniter4/framework/system/CodeIgniter.php(802): App\Controllers\Prekursor->simpandata()
#9 /home/hades/Documents/mutiara/apotek-widyaa/vendor/codeigniter4/framework/system/CodeIgniter.php(399): CodeIgniter\CodeIgniter->runController()
#10 /home/hades/Documents/mutiara/apotek-widyaa/vendor/codeigniter4/framework/system/CodeIgniter.php(317): CodeIgniter\CodeIgniter->handleRequest()
#11 /home/hades/Documents/mutiara/apotek-widyaa/public/index.php(37): CodeIgniter\CodeIgniter->run()
#12 /home/hades/Documents/mutiara/apotek-widyaa/vendor/codeigniter4/framework/system/Commands/Server/rewrite.php(43): require_once('/home/hades/Doc...')
#13 {main}
ERROR - 2021-12-22 06:30:54 --> Cannot add or update a child row: a foreign key constraint fails (`apotek`.`tb_pesan`, CONSTRAINT `tb_pesan_ibfk_2` FOREIGN KEY (`id_distributor`) REFERENCES `tb_distributor` (`id_distributor`))
CRITICAL - 2021-12-22 06:30:54 --> Cannot add or update a child row: a foreign key constraint fails (`apotek`.`tb_pesan`, CONSTRAINT `tb_pesan_ibfk_2` FOREIGN KEY (`id_distributor`) REFERENCES `tb_distributor` (`id_distributor`))
#0 /home/hades/Documents/mutiara/apotek-widyaa/vendor/codeigniter4/framework/system/Database/MySQLi/Connection.php(280): mysqli->query()
#1 /home/hades/Documents/mutiara/apotek-widyaa/vendor/codeigniter4/framework/system/Database/BaseConnection.php(663): CodeIgniter\Database\MySQLi\Connection->execute()
#2 /home/hades/Documents/mutiara/apotek-widyaa/vendor/codeigniter4/framework/system/Database/BaseConnection.php(591): CodeIgniter\Database\BaseConnection->simpleQuery()
#3 /home/hades/Documents/mutiara/apotek-widyaa/vendor/codeigniter4/framework/system/Database/BaseBuilder.php(1733): CodeIgniter\Database\BaseConnection->query()
#4 /home/hades/Documents/mutiara/apotek-widyaa/vendor/codeigniter4/framework/system/Model.php(239): CodeIgniter\Database\BaseBuilder->insert()
#5 /home/hades/Documents/mutiara/apotek-widyaa/vendor/codeigniter4/framework/system/BaseModel.php(738): CodeIgniter\Model->doInsert()
#6 /home/hades/Documents/mutiara/apotek-widyaa/vendor/codeigniter4/framework/system/Model.php(620): CodeIgniter\BaseModel->insert()
#7 /home/hades/Documents/mutiara/apotek-widyaa/app/Controllers/Prekursor.php(117): CodeIgniter\Model->insert()
#8 /home/hades/Documents/mutiara/apotek-widyaa/vendor/codeigniter4/framework/system/CodeIgniter.php(802): App\Controllers\Prekursor->simpandata()
#9 /home/hades/Documents/mutiara/apotek-widyaa/vendor/codeigniter4/framework/system/CodeIgniter.php(399): CodeIgniter\CodeIgniter->runController()
#10 /home/hades/Documents/mutiara/apotek-widyaa/vendor/codeigniter4/framework/system/CodeIgniter.php(317): CodeIgniter\CodeIgniter->handleRequest()
#11 /home/hades/Documents/mutiara/apotek-widyaa/public/index.php(37): CodeIgniter\CodeIgniter->run()
#12 /home/hades/Documents/mutiara/apotek-widyaa/vendor/codeigniter4/framework/system/Commands/Server/rewrite.php(43): require_once('/home/hades/Doc...')
#13 {main}
ERROR - 2021-12-22 06:31:48 --> Cannot add or update a child row: a foreign key constraint fails (`apotek`.`tb_pesan`, CONSTRAINT `tb_pesan_ibfk_2` FOREIGN KEY (`id_distributor`) REFERENCES `tb_distributor` (`id_distributor`))
CRITICAL - 2021-12-22 06:31:48 --> Cannot add or update a child row: a foreign key constraint fails (`apotek`.`tb_pesan`, CONSTRAINT `tb_pesan_ibfk_2` FOREIGN KEY (`id_distributor`) REFERENCES `tb_distributor` (`id_distributor`))
#0 /home/hades/Documents/mutiara/apotek-widyaa/vendor/codeigniter4/framework/system/Database/MySQLi/Connection.php(280): mysqli->query()
#1 /home/hades/Documents/mutiara/apotek-widyaa/vendor/codeigniter4/framework/system/Database/BaseConnection.php(663): CodeIgniter\Database\MySQLi\Connection->execute()
#2 /home/hades/Documents/mutiara/apotek-widyaa/vendor/codeigniter4/framework/system/Database/BaseConnection.php(591): CodeIgniter\Database\BaseConnection->simpleQuery()
#3 /home/hades/Documents/mutiara/apotek-widyaa/vendor/codeigniter4/framework/system/Database/BaseBuilder.php(1733): CodeIgniter\Database\BaseConnection->query()
#4 /home/hades/Documents/mutiara/apotek-widyaa/vendor/codeigniter4/framework/system/Model.php(239): CodeIgniter\Database\BaseBuilder->insert()
#5 /home/hades/Documents/mutiara/apotek-widyaa/vendor/codeigniter4/framework/system/BaseModel.php(738): CodeIgniter\Model->doInsert()
#6 /home/hades/Documents/mutiara/apotek-widyaa/vendor/codeigniter4/framework/system/Model.php(620): CodeIgniter\BaseModel->insert()
#7 /home/hades/Documents/mutiara/apotek-widyaa/app/Controllers/Prekursor.php(117): CodeIgniter\Model->insert()
#8 /home/hades/Documents/mutiara/apotek-widyaa/vendor/codeigniter4/framework/system/CodeIgniter.php(802): App\Controllers\Prekursor->simpandata()
#9 /home/hades/Documents/mutiara/apotek-widyaa/vendor/codeigniter4/framework/system/CodeIgniter.php(399): CodeIgniter\CodeIgniter->runController()
#10 /home/hades/Documents/mutiara/apotek-widyaa/vendor/codeigniter4/framework/system/CodeIgniter.php(317): CodeIgniter\CodeIgniter->handleRequest()
#11 /home/hades/Documents/mutiara/apotek-widyaa/public/index.php(37): CodeIgniter\CodeIgniter->run()
#12 /home/hades/Documents/mutiara/apotek-widyaa/vendor/codeigniter4/framework/system/Commands/Server/rewrite.php(43): require_once('/home/hades/Doc...')
#13 {main}
ERROR - 2021-12-22 06:46:03 --> Cannot add or update a child row: a foreign key constraint fails (`apotek`.`tb_pesan`, CONSTRAINT `tb_pesan_ibfk_2` FOREIGN KEY (`id_distributor`) REFERENCES `tb_distributor` (`id_distributor`))
CRITICAL - 2021-12-22 06:46:03 --> Cannot add or update a child row: a foreign key constraint fails (`apotek`.`tb_pesan`, CONSTRAINT `tb_pesan_ibfk_2` FOREIGN KEY (`id_distributor`) REFERENCES `tb_distributor` (`id_distributor`))
#0 /home/hades/Documents/mutiara/apotek-widyaa/vendor/codeigniter4/framework/system/Database/MySQLi/Connection.php(280): mysqli->query()
#1 /home/hades/Documents/mutiara/apotek-widyaa/vendor/codeigniter4/framework/system/Database/BaseConnection.php(663): CodeIgniter\Database\MySQLi\Connection->execute()
#2 /home/hades/Documents/mutiara/apotek-widyaa/vendor/codeigniter4/framework/system/Database/BaseConnection.php(591): CodeIgniter\Database\BaseConnection->simpleQuery()
#3 /home/hades/Documents/mutiara/apotek-widyaa/vendor/codeigniter4/framework/system/Database/BaseBuilder.php(1733): CodeIgniter\Database\BaseConnection->query()
#4 /home/hades/Documents/mutiara/apotek-widyaa/vendor/codeigniter4/framework/system/Model.php(239): CodeIgniter\Database\BaseBuilder->insert()
#5 /home/hades/Documents/mutiara/apotek-widyaa/vendor/codeigniter4/framework/system/BaseModel.php(738): CodeIgniter\Model->doInsert()
#6 /home/hades/Documents/mutiara/apotek-widyaa/vendor/codeigniter4/framework/system/Model.php(620): CodeIgniter\BaseModel->insert()
#7 /home/hades/Documents/mutiara/apotek-widyaa/app/Controllers/Prekursor.php(117): CodeIgniter\Model->insert()
#8 /home/hades/Documents/mutiara/apotek-widyaa/vendor/codeigniter4/framework/system/CodeIgniter.php(802): App\Controllers\Prekursor->simpandata()
#9 /home/hades/Documents/mutiara/apotek-widyaa/vendor/codeigniter4/framework/system/CodeIgniter.php(399): CodeIgniter\CodeIgniter->runController()
#10 /home/hades/Documents/mutiara/apotek-widyaa/vendor/codeigniter4/framework/system/CodeIgniter.php(317): CodeIgniter\CodeIgniter->handleRequest()
#11 /home/hades/Documents/mutiara/apotek-widyaa/public/index.php(37): CodeIgniter\CodeIgniter->run()
#12 /home/hades/Documents/mutiara/apotek-widyaa/vendor/codeigniter4/framework/system/Commands/Server/rewrite.php(43): require_once('/home/hades/Doc...')
#13 {main}
CRITICAL - 2021-12-22 06:51:43 --> Undefined variable: id_distributor
#0 /home/hades/Documents/mutiara/apotek-widyaa/app/Controllers/Prekursor.php(111): CodeIgniter\Debug\Exceptions->errorHandler()
#1 /home/hades/Documents/mutiara/apotek-widyaa/vendor/codeigniter4/framework/system/CodeIgniter.php(802): App\Controllers\Prekursor->simpandata()
#2 /home/hades/Documents/mutiara/apotek-widyaa/vendor/codeigniter4/framework/system/CodeIgniter.php(399): CodeIgniter\CodeIgniter->runController()
#3 /home/hades/Documents/mutiara/apotek-widyaa/vendor/codeigniter4/framework/system/CodeIgniter.php(317): CodeIgniter\CodeIgniter->handleRequest()
#4 /home/hades/Documents/mutiara/apotek-widyaa/public/index.php(37): CodeIgniter\CodeIgniter->run()
#5 /home/hades/Documents/mutiara/apotek-widyaa/vendor/codeigniter4/framework/system/Commands/Server/rewrite.php(43): require_once('/home/hades/Doc...')
#6 {main}
CRITICAL - 2021-12-22 06:52:18 --> Undefined variable: id_distributor
#0 /home/hades/Documents/mutiara/apotek-widyaa/app/Controllers/Prekursor.php(111): CodeIgniter\Debug\Exceptions->errorHandler()
#1 /home/hades/Documents/mutiara/apotek-widyaa/vendor/codeigniter4/framework/system/CodeIgniter.php(802): App\Controllers\Prekursor->simpandata()
#2 /home/hades/Documents/mutiara/apotek-widyaa/vendor/codeigniter4/framework/system/CodeIgniter.php(399): CodeIgniter\CodeIgniter->runController()
#3 /home/hades/Documents/mutiara/apotek-widyaa/vendor/codeigniter4/framework/system/CodeIgniter.php(317): CodeIgniter\CodeIgniter->handleRequest()
#4 /home/hades/Documents/mutiara/apotek-widyaa/public/index.php(37): CodeIgniter\CodeIgniter->run()
#5 /home/hades/Documents/mutiara/apotek-widyaa/vendor/codeigniter4/framework/system/Commands/Server/rewrite.php(43): require_once('/home/hades/Doc...')
#6 {main}
CRITICAL - 2021-12-22 06:52:49 --> Trying to access array offset on value of type null
#0 /home/hades/Documents/mutiara/apotek-widyaa/app/Controllers/Prekursor.php(111): CodeIgniter\Debug\Exceptions->errorHandler()
#1 /home/hades/Documents/mutiara/apotek-widyaa/vendor/codeigniter4/framework/system/CodeIgniter.php(802): App\Controllers\Prekursor->simpandata()
#2 /home/hades/Documents/mutiara/apotek-widyaa/vendor/codeigniter4/framework/system/CodeIgniter.php(399): CodeIgniter\CodeIgniter->runController()
#3 /home/hades/Documents/mutiara/apotek-widyaa/vendor/codeigniter4/framework/system/CodeIgniter.php(317): CodeIgniter\CodeIgniter->handleRequest()
#4 /home/hades/Documents/mutiara/apotek-widyaa/public/index.php(37): CodeIgniter\CodeIgniter->run()
#5 /home/hades/Documents/mutiara/apotek-widyaa/vendor/codeigniter4/framework/system/Commands/Server/rewrite.php(43): require_once('/home/hades/Doc...')
#6 {main}
CRITICAL - 2021-12-22 06:53:03 --> Trying to access array offset on value of type null
#0 /home/hades/Documents/mutiara/apotek-widyaa/app/Controllers/Prekursor.php(111): CodeIgniter\Debug\Exceptions->errorHandler()
#1 /home/hades/Documents/mutiara/apotek-widyaa/vendor/codeigniter4/framework/system/CodeIgniter.php(802): App\Controllers\Prekursor->simpandata()
#2 /home/hades/Documents/mutiara/apotek-widyaa/vendor/codeigniter4/framework/system/CodeIgniter.php(399): CodeIgniter\CodeIgniter->runController()
#3 /home/hades/Documents/mutiara/apotek-widyaa/vendor/codeigniter4/framework/system/CodeIgniter.php(317): CodeIgniter\CodeIgniter->handleRequest()
#4 /home/hades/Documents/mutiara/apotek-widyaa/public/index.php(37): CodeIgniter\CodeIgniter->run()
#5 /home/hades/Documents/mutiara/apotek-widyaa/vendor/codeigniter4/framework/system/Commands/Server/rewrite.php(43): require_once('/home/hades/Doc...')
#6 {main}
CRITICAL - 2021-12-22 06:55:10 --> Undefined variable: print_r
#0 /home/hades/Documents/mutiara/apotek-widyaa/app/Controllers/Prekursor.php(105): CodeIgniter\Debug\Exceptions->errorHandler()
#1 /home/hades/Documents/mutiara/apotek-widyaa/vendor/codeigniter4/framework/system/CodeIgniter.php(802): App\Controllers\Prekursor->simpandata()
#2 /home/hades/Documents/mutiara/apotek-widyaa/vendor/codeigniter4/framework/system/CodeIgniter.php(399): CodeIgniter\CodeIgniter->runController()
#3 /home/hades/Documents/mutiara/apotek-widyaa/vendor/codeigniter4/framework/system/CodeIgniter.php(317): CodeIgniter\CodeIgniter->handleRequest()
#4 /home/hades/Documents/mutiara/apotek-widyaa/public/index.php(37): CodeIgniter\CodeIgniter->run()
#5 /home/hades/Documents/mutiara/apotek-widyaa/vendor/codeigniter4/framework/system/Commands/Server/rewrite.php(43): require_once('/home/hades/Doc...')
#6 {main}
CRITICAL - 2021-12-22 06:55:51 --> Undefined variable: print_r
#0 /home/hades/Documents/mutiara/apotek-widyaa/app/Controllers/Prekursor.php(105): CodeIgniter\Debug\Exceptions->errorHandler()
#1 /home/hades/Documents/mutiara/apotek-widyaa/vendor/codeigniter4/framework/system/CodeIgniter.php(802): App\Controllers\Prekursor->simpandata()
#2 /home/hades/Documents/mutiara/apotek-widyaa/vendor/codeigniter4/framework/system/CodeIgniter.php(399): CodeIgniter\CodeIgniter->runController()
#3 /home/hades/Documents/mutiara/apotek-widyaa/vendor/codeigniter4/framework/system/CodeIgniter.php(317): CodeIgniter\CodeIgniter->handleRequest()
#4 /home/hades/Documents/mutiara/apotek-widyaa/public/index.php(37): CodeIgniter\CodeIgniter->run()
#5 /home/hades/Documents/mutiara/apotek-widyaa/vendor/codeigniter4/framework/system/Commands/Server/rewrite.php(43): require_once('/home/hades/Doc...')
#6 {main}
ERROR - 2021-12-22 06:56:28 --> Cannot add or update a child row: a foreign key constraint fails (`apotek`.`tb_pesan`, CONSTRAINT `tb_pesan_ibfk_2` FOREIGN KEY (`id_distributor`) REFERENCES `tb_distributor` (`id_distributor`))
CRITICAL - 2021-12-22 06:56:28 --> Cannot add or update a child row: a foreign key constraint fails (`apotek`.`tb_pesan`, CONSTRAINT `tb_pesan_ibfk_2` FOREIGN KEY (`id_distributor`) REFERENCES `tb_distributor` (`id_distributor`))
#0 /home/hades/Documents/mutiara/apotek-widyaa/vendor/codeigniter4/framework/system/Database/MySQLi/Connection.php(280): mysqli->query()
#1 /home/hades/Documents/mutiara/apotek-widyaa/vendor/codeigniter4/framework/system/Database/BaseConnection.php(663): CodeIgniter\Database\MySQLi\Connection->execute()
#2 /home/hades/Documents/mutiara/apotek-widyaa/vendor/codeigniter4/framework/system/Database/BaseConnection.php(591): CodeIgniter\Database\BaseConnection->simpleQuery()
#3 /home/hades/Documents/mutiara/apotek-widyaa/vendor/codeigniter4/framework/system/Database/BaseBuilder.php(1733): CodeIgniter\Database\BaseConnection->query()
#4 /home/hades/Documents/mutiara/apotek-widyaa/vendor/codeigniter4/framework/system/Model.php(239): CodeIgniter\Database\BaseBuilder->insert()
#5 /home/hades/Documents/mutiara/apotek-widyaa/vendor/codeigniter4/framework/system/BaseModel.php(738): CodeIgniter\Model->doInsert()
#6 /home/hades/Documents/mutiara/apotek-widyaa/vendor/codeigniter4/framework/system/Model.php(620): CodeIgniter\BaseModel->insert()
#7 /home/hades/Documents/mutiara/apotek-widyaa/app/Controllers/Prekursor.php(117): CodeIgniter\Model->insert()
#8 /home/hades/Documents/mutiara/apotek-widyaa/vendor/codeigniter4/framework/system/CodeIgniter.php(802): App\Controllers\Prekursor->simpandata()
#9 /home/hades/Documents/mutiara/apotek-widyaa/vendor/codeigniter4/framework/system/CodeIgniter.php(399): CodeIgniter\CodeIgniter->runController()
#10 /home/hades/Documents/mutiara/apotek-widyaa/vendor/codeigniter4/framework/system/CodeIgniter.php(317): CodeIgniter\CodeIgniter->handleRequest()
#11 /home/hades/Documents/mutiara/apotek-widyaa/public/index.php(37): CodeIgniter\CodeIgniter->run()
#12 /home/hades/Documents/mutiara/apotek-widyaa/vendor/codeigniter4/framework/system/Commands/Server/rewrite.php(43): require_once('/home/hades/Doc...')
#13 {main}
ERROR - 2021-12-22 06:56:46 --> Cannot add or update a child row: a foreign key constraint fails (`apotek`.`tb_pesan`, CONSTRAINT `tb_pesan_ibfk_2` FOREIGN KEY (`id_distributor`) REFERENCES `tb_distributor` (`id_distributor`))
CRITICAL - 2021-12-22 06:56:46 --> Cannot add or update a child row: a foreign key constraint fails (`apotek`.`tb_pesan`, CONSTRAINT `tb_pesan_ibfk_2` FOREIGN KEY (`id_distributor`) REFERENCES `tb_distributor` (`id_distributor`))
#0 /home/hades/Documents/mutiara/apotek-widyaa/vendor/codeigniter4/framework/system/Database/MySQLi/Connection.php(280): mysqli->query()
#1 /home/hades/Documents/mutiara/apotek-widyaa/vendor/codeigniter4/framework/system/Database/BaseConnection.php(663): CodeIgniter\Database\MySQLi\Connection->execute()
#2 /home/hades/Documents/mutiara/apotek-widyaa/vendor/codeigniter4/framework/system/Database/BaseConnection.php(591): CodeIgniter\Database\BaseConnection->simpleQuery()
#3 /home/hades/Documents/mutiara/apotek-widyaa/vendor/codeigniter4/framework/system/Database/BaseBuilder.php(1733): CodeIgniter\Database\BaseConnection->query()
#4 /home/hades/Documents/mutiara/apotek-widyaa/vendor/codeigniter4/framework/system/Model.php(239): CodeIgniter\Database\BaseBuilder->insert()
#5 /home/hades/Documents/mutiara/apotek-widyaa/vendor/codeigniter4/framework/system/BaseModel.php(738): CodeIgniter\Model->doInsert()
#6 /home/hades/Documents/mutiara/apotek-widyaa/vendor/codeigniter4/framework/system/Model.php(620): CodeIgniter\BaseModel->insert()
#7 /home/hades/Documents/mutiara/apotek-widyaa/app/Controllers/Prekursor.php(117): CodeIgniter\Model->insert()
#8 /home/hades/Documents/mutiara/apotek-widyaa/vendor/codeigniter4/framework/system/CodeIgniter.php(802): App\Controllers\Prekursor->simpandata()
#9 /home/hades/Documents/mutiara/apotek-widyaa/vendor/codeigniter4/framework/system/CodeIgniter.php(399): CodeIgniter\CodeIgniter->runController()
#10 /home/hades/Documents/mutiara/apotek-widyaa/vendor/codeigniter4/framework/system/CodeIgniter.php(317): CodeIgniter\CodeIgniter->handleRequest()
#11 /home/hades/Documents/mutiara/apotek-widyaa/public/index.php(37): CodeIgniter\CodeIgniter->run()
#12 /home/hades/Documents/mutiara/apotek-widyaa/vendor/codeigniter4/framework/system/Commands/Server/rewrite.php(43): require_once('/home/hades/Doc...')
#13 {main}
ERROR - 2021-12-22 07:00:46 --> Cannot add or update a child row: a foreign key constraint fails (`apotek`.`tb_pesan`, CONSTRAINT `tb_pesan_ibfk_2` FOREIGN KEY (`id_distributor`) REFERENCES `tb_distributor` (`id_distributor`))
CRITICAL - 2021-12-22 07:00:46 --> Cannot add or update a child row: a foreign key constraint fails (`apotek`.`tb_pesan`, CONSTRAINT `tb_pesan_ibfk_2` FOREIGN KEY (`id_distributor`) REFERENCES `tb_distributor` (`id_distributor`))
#0 /home/hades/Documents/mutiara/apotek-widyaa/vendor/codeigniter4/framework/system/Database/MySQLi/Connection.php(280): mysqli->query()
#1 /home/hades/Documents/mutiara/apotek-widyaa/vendor/codeigniter4/framework/system/Database/BaseConnection.php(663): CodeIgniter\Database\MySQLi\Connection->execute()
#2 /home/hades/Documents/mutiara/apotek-widyaa/vendor/codeigniter4/framework/system/Database/BaseConnection.php(591): CodeIgniter\Database\BaseConnection->simpleQuery()
#3 /home/hades/Documents/mutiara/apotek-widyaa/vendor/codeigniter4/framework/system/Database/BaseBuilder.php(1733): CodeIgniter\Database\BaseConnection->query()
#4 /home/hades/Documents/mutiara/apotek-widyaa/vendor/codeigniter4/framework/system/Model.php(239): CodeIgniter\Database\BaseBuilder->insert()
#5 /home/hades/Documents/mutiara/apotek-widyaa/vendor/codeigniter4/framework/system/BaseModel.php(738): CodeIgniter\Model->doInsert()
#6 /home/hades/Documents/mutiara/apotek-widyaa/vendor/codeigniter4/framework/system/Model.php(620): CodeIgniter\BaseModel->insert()
#7 /home/hades/Documents/mutiara/apotek-widyaa/app/Controllers/Prekursor.php(124): CodeIgniter\Model->insert()
#8 /home/hades/Documents/mutiara/apotek-widyaa/vendor/codeigniter4/framework/system/CodeIgniter.php(802): App\Controllers\Prekursor->simpandata()
#9 /home/hades/Documents/mutiara/apotek-widyaa/vendor/codeigniter4/framework/system/CodeIgniter.php(399): CodeIgniter\CodeIgniter->runController()
#10 /home/hades/Documents/mutiara/apotek-widyaa/vendor/codeigniter4/framework/system/CodeIgniter.php(317): CodeIgniter\CodeIgniter->handleRequest()
#11 /home/hades/Documents/mutiara/apotek-widyaa/public/index.php(37): CodeIgniter\CodeIgniter->run()
#12 /home/hades/Documents/mutiara/apotek-widyaa/vendor/codeigniter4/framework/system/Commands/Server/rewrite.php(43): require_once('/home/hades/Doc...')
#13 {main}
ERROR - 2021-12-22 07:06:02 --> Cannot add or update a child row: a foreign key constraint fails (`apotek`.`tb_pesan`, CONSTRAINT `tb_pesan_ibfk_2` FOREIGN KEY (`id_distributor`) REFERENCES `tb_distributor` (`id_distributor`))
CRITICAL - 2021-12-22 07:06:02 --> Cannot add or update a child row: a foreign key constraint fails (`apotek`.`tb_pesan`, CONSTRAINT `tb_pesan_ibfk_2` FOREIGN KEY (`id_distributor`) REFERENCES `tb_distributor` (`id_distributor`))
#0 /home/hades/Documents/mutiara/apotek-widyaa/vendor/codeigniter4/framework/system/Database/MySQLi/Connection.php(280): mysqli->query()
#1 /home/hades/Documents/mutiara/apotek-widyaa/vendor/codeigniter4/framework/system/Database/BaseConnection.php(663): CodeIgniter\Database\MySQLi\Connection->execute()
#2 /home/hades/Documents/mutiara/apotek-widyaa/vendor/codeigniter4/framework/system/Database/BaseConnection.php(591): CodeIgniter\Database\BaseConnection->simpleQuery()
#3 /home/hades/Documents/mutiara/apotek-widyaa/vendor/codeigniter4/framework/system/Database/BaseBuilder.php(1733): CodeIgniter\Database\BaseConnection->query()
#4 /home/hades/Documents/mutiara/apotek-widyaa/vendor/codeigniter4/framework/system/Model.php(239): CodeIgniter\Database\BaseBuilder->insert()
#5 /home/hades/Documents/mutiara/apotek-widyaa/vendor/codeigniter4/framework/system/BaseModel.php(738): CodeIgniter\Model->doInsert()
#6 /home/hades/Documents/mutiara/apotek-widyaa/vendor/codeigniter4/framework/system/Model.php(620): CodeIgniter\BaseModel->insert()
#7 /home/hades/Documents/mutiara/apotek-widyaa/app/Controllers/Prekursor.php(124): CodeIgniter\Model->insert()
#8 /home/hades/Documents/mutiara/apotek-widyaa/vendor/codeigniter4/framework/system/CodeIgniter.php(802): App\Controllers\Prekursor->simpandata()
#9 /home/hades/Documents/mutiara/apotek-widyaa/vendor/codeigniter4/framework/system/CodeIgniter.php(399): CodeIgniter\CodeIgniter->runController()
#10 /home/hades/Documents/mutiara/apotek-widyaa/vendor/codeigniter4/framework/system/CodeIgniter.php(317): CodeIgniter\CodeIgniter->handleRequest()
#11 /home/hades/Documents/mutiara/apotek-widyaa/public/index.php(37): CodeIgniter\CodeIgniter->run()
#12 /home/hades/Documents/mutiara/apotek-widyaa/vendor/codeigniter4/framework/system/Commands/Server/rewrite.php(43): require_once('/home/hades/Doc...')
#13 {main}
ERROR - 2021-12-22 07:07:02 --> Cannot add or update a child row: a foreign key constraint fails (`apotek`.`tb_pesan`, CONSTRAINT `tb_pesan_ibfk_2` FOREIGN KEY (`id_distributor`) REFERENCES `tb_distributor` (`id_distributor`))
CRITICAL - 2021-12-22 07:07:02 --> Cannot add or update a child row: a foreign key constraint fails (`apotek`.`tb_pesan`, CONSTRAINT `tb_pesan_ibfk_2` FOREIGN KEY (`id_distributor`) REFERENCES `tb_distributor` (`id_distributor`))
#0 /home/hades/Documents/mutiara/apotek-widyaa/vendor/codeigniter4/framework/system/Database/MySQLi/Connection.php(280): mysqli->query()
#1 /home/hades/Documents/mutiara/apotek-widyaa/vendor/codeigniter4/framework/system/Database/BaseConnection.php(663): CodeIgniter\Database\MySQLi\Connection->execute()
#2 /home/hades/Documents/mutiara/apotek-widyaa/vendor/codeigniter4/framework/system/Database/BaseConnection.php(591): CodeIgniter\Database\BaseConnection->simpleQuery()
#3 /home/hades/Documents/mutiara/apotek-widyaa/vendor/codeigniter4/framework/system/Database/BaseBuilder.php(1733): CodeIgniter\Database\BaseConnection->query()
#4 /home/hades/Documents/mutiara/apotek-widyaa/vendor/codeigniter4/framework/system/Model.php(239): CodeIgniter\Database\BaseBuilder->insert()
#5 /home/hades/Documents/mutiara/apotek-widyaa/vendor/codeigniter4/framework/system/BaseModel.php(738): CodeIgniter\Model->doInsert()
#6 /home/hades/Documents/mutiara/apotek-widyaa/vendor/codeigniter4/framework/system/Model.php(620): CodeIgniter\BaseModel->insert()
#7 /home/hades/Documents/mutiara/apotek-widyaa/app/Controllers/Prekursor.php(124): CodeIgniter\Model->insert()
#8 /home/hades/Documents/mutiara/apotek-widyaa/vendor/codeigniter4/framework/system/CodeIgniter.php(802): App\Controllers\Prekursor->simpandata()
#9 /home/hades/Documents/mutiara/apotek-widyaa/vendor/codeigniter4/framework/system/CodeIgniter.php(399): CodeIgniter\CodeIgniter->runController()
#10 /home/hades/Documents/mutiara/apotek-widyaa/vendor/codeigniter4/framework/system/CodeIgniter.php(317): CodeIgniter\CodeIgniter->handleRequest()
#11 /home/hades/Documents/mutiara/apotek-widyaa/public/index.php(37): CodeIgniter\CodeIgniter->run()
#12 /home/hades/Documents/mutiara/apotek-widyaa/vendor/codeigniter4/framework/system/Commands/Server/rewrite.php(43): require_once('/home/hades/Doc...')
#13 {main}
CRITICAL - 2021-12-22 07:23:12 --> Argument 1 passed to CodeIgniter\BaseModel::doProtectFields() must be of the type array, string given, called in /home/hades/Documents/mutiara/apotek-widyaa/vendor/codeigniter4/framework/system/BaseModel.php on line 799
#0 /home/hades/Documents/mutiara/apotek-widyaa/vendor/codeigniter4/framework/system/BaseModel.php(799): CodeIgniter\BaseModel->doProtectFields()
#1 /home/hades/Documents/mutiara/apotek-widyaa/app/Controllers/Prekursor.php(118): CodeIgniter\BaseModel->insertBatch()
#2 /home/hades/Documents/mutiara/apotek-widyaa/vendor/codeigniter4/framework/system/CodeIgniter.php(802): App\Controllers\Prekursor->simpandata()
#3 /home/hades/Documents/mutiara/apotek-widyaa/vendor/codeigniter4/framework/system/CodeIgniter.php(399): CodeIgniter\CodeIgniter->runController()
#4 /home/hades/Documents/mutiara/apotek-widyaa/vendor/codeigniter4/framework/system/CodeIgniter.php(317): CodeIgniter\CodeIgniter->handleRequest()
#5 /home/hades/Documents/mutiara/apotek-widyaa/public/index.php(37): CodeIgniter\CodeIgniter->run()
#6 /home/hades/Documents/mutiara/apotek-widyaa/vendor/codeigniter4/framework/system/Commands/Server/rewrite.php(43): require_once('/home/hades/Doc...')
#7 {main}
CRITICAL - 2021-12-22 07:30:13 --> Undefined variable: i
#0 /home/hades/Documents/mutiara/apotek-widyaa/app/Controllers/Prekursor.php(107): CodeIgniter\Debug\Exceptions->errorHandler()
#1 /home/hades/Documents/mutiara/apotek-widyaa/vendor/codeigniter4/framework/system/CodeIgniter.php(802): App\Controllers\Prekursor->simpandata()
#2 /home/hades/Documents/mutiara/apotek-widyaa/vendor/codeigniter4/framework/system/CodeIgniter.php(399): CodeIgniter\CodeIgniter->runController()
#3 /home/hades/Documents/mutiara/apotek-widyaa/vendor/codeigniter4/framework/system/CodeIgniter.php(317): CodeIgniter\CodeIgniter->handleRequest()
#4 /home/hades/Documents/mutiara/apotek-widyaa/public/index.php(37): CodeIgniter\CodeIgniter->run()
#5 /home/hades/Documents/mutiara/apotek-widyaa/vendor/codeigniter4/framework/system/Commands/Server/rewrite.php(43): require_once('/home/hades/Doc...')
#6 {main}
ERROR - 2021-12-22 07:31:58 --> Cannot add or update a child row: a foreign key constraint fails (`apotek`.`tb_pesan`, CONSTRAINT `tb_pesan_ibfk_2` FOREIGN KEY (`id_distributor`) REFERENCES `tb_distributor` (`id_distributor`))
CRITICAL - 2021-12-22 07:31:58 --> Cannot add or update a child row: a foreign key constraint fails (`apotek`.`tb_pesan`, CONSTRAINT `tb_pesan_ibfk_2` FOREIGN KEY (`id_distributor`) REFERENCES `tb_distributor` (`id_distributor`))
#0 /home/hades/Documents/mutiara/apotek-widyaa/vendor/codeigniter4/framework/system/Database/MySQLi/Connection.php(280): mysqli->query()
#1 /home/hades/Documents/mutiara/apotek-widyaa/vendor/codeigniter4/framework/system/Database/BaseConnection.php(663): CodeIgniter\Database\MySQLi\Connection->execute()
#2 /home/hades/Documents/mutiara/apotek-widyaa/vendor/codeigniter4/framework/system/Database/BaseConnection.php(591): CodeIgniter\Database\BaseConnection->simpleQuery()
#3 /home/hades/Documents/mutiara/apotek-widyaa/vendor/codeigniter4/framework/system/Database/BaseBuilder.php(1612): CodeIgniter\Database\BaseConnection->query()
#4 /home/hades/Documents/mutiara/apotek-widyaa/vendor/codeigniter4/framework/system/Model.php(272): CodeIgniter\Database\BaseBuilder->insertBatch()
#5 /home/hades/Documents/mutiara/apotek-widyaa/vendor/codeigniter4/framework/system/BaseModel.php(814): CodeIgniter\Model->doInsertBatch()
#6 /home/hades/Documents/mutiara/apotek-widyaa/app/Controllers/Prekursor.php(124): CodeIgniter\BaseModel->insertBatch()
#7 /home/hades/Documents/mutiara/apotek-widyaa/vendor/codeigniter4/framework/system/CodeIgniter.php(802): App\Controllers\Prekursor->simpandata()
#8 /home/hades/Documents/mutiara/apotek-widyaa/vendor/codeigniter4/framework/system/CodeIgniter.php(399): CodeIgniter\CodeIgniter->runController()
#9 /home/hades/Documents/mutiara/apotek-widyaa/vendor/codeigniter4/framework/system/CodeIgniter.php(317): CodeIgniter\CodeIgniter->handleRequest()
#10 /home/hades/Documents/mutiara/apotek-widyaa/public/index.php(37): CodeIgniter\CodeIgniter->run()
#11 /home/hades/Documents/mutiara/apotek-widyaa/vendor/codeigniter4/framework/system/Commands/Server/rewrite.php(43): require_once('/home/hades/Doc...')
#12 {main}
CRITICAL - 2021-12-22 07:45:17 --> Argument 1 passed to CodeIgniter\BaseModel::doProtectFields() must be of the type array, string given, called in /home/hades/Documents/mutiara/apotek-widyaa/vendor/codeigniter4/framework/system/BaseModel.php on line 799
#0 /home/hades/Documents/mutiara/apotek-widyaa/vendor/codeigniter4/framework/system/BaseModel.php(799): CodeIgniter\BaseModel->doProtectFields()
#1 /home/hades/Documents/mutiara/apotek-widyaa/app/Controllers/Prekursor.php(117): CodeIgniter\BaseModel->insertBatch()
#2 /home/hades/Documents/mutiara/apotek-widyaa/vendor/codeigniter4/framework/system/CodeIgniter.php(802): App\Controllers\Prekursor->simpandata()
#3 /home/hades/Documents/mutiara/apotek-widyaa/vendor/codeigniter4/framework/system/CodeIgniter.php(399): CodeIgniter\CodeIgniter->runController()
#4 /home/hades/Documents/mutiara/apotek-widyaa/vendor/codeigniter4/framework/system/CodeIgniter.php(317): CodeIgniter\CodeIgniter->handleRequest()
#5 /home/hades/Documents/mutiara/apotek-widyaa/public/index.php(37): CodeIgniter\CodeIgniter->run()
#6 /home/hades/Documents/mutiara/apotek-widyaa/vendor/codeigniter4/framework/system/Commands/Server/rewrite.php(43): require_once('/home/hades/Doc...')
#7 {main}
CRITICAL - 2021-12-22 11:10:07 --> Array to string conversion
#0 [internal function]: CodeIgniter\Debug\Exceptions->errorHandler()
#1 /home/hades/Documents/mutiara/apotek-widyaa/vendor/codeigniter4/framework/system/Database/BaseBuilder.php(1629): implode()
#2 /home/hades/Documents/mutiara/apotek-widyaa/vendor/codeigniter4/framework/system/Database/BaseBuilder.php(1607): CodeIgniter\Database\BaseBuilder->_insertBatch()
#3 /home/hades/Documents/mutiara/apotek-widyaa/vendor/codeigniter4/framework/system/Model.php(272): CodeIgniter\Database\BaseBuilder->insertBatch()
#4 /home/hades/Documents/mutiara/apotek-widyaa/vendor/codeigniter4/framework/system/BaseModel.php(814): CodeIgniter\Model->doInsertBatch()
#5 /home/hades/Documents/mutiara/apotek-widyaa/app/Controllers/Prekursor.php(130): CodeIgniter\BaseModel->insertBatch()
#6 /home/hades/Documents/mutiara/apotek-widyaa/vendor/codeigniter4/framework/system/CodeIgniter.php(802): App\Controllers\Prekursor->simpandata()
#7 /home/hades/Documents/mutiara/apotek-widyaa/vendor/codeigniter4/framework/system/CodeIgniter.php(399): CodeIgniter\CodeIgniter->runController()
#8 /home/hades/Documents/mutiara/apotek-widyaa/vendor/codeigniter4/framework/system/CodeIgniter.php(317): CodeIgniter\CodeIgniter->handleRequest()
#9 /home/hades/Documents/mutiara/apotek-widyaa/public/index.php(37): CodeIgniter\CodeIgniter->run()
#10 /home/hades/Documents/mutiara/apotek-widyaa/vendor/codeigniter4/framework/system/Commands/Server/rewrite.php(43): require_once('/home/hades/Doc...')
#11 {main}
CRITICAL - 2021-12-22 11:16:40 --> Undefined offset: 0
#0 /home/hades/Documents/mutiara/apotek-widyaa/app/Controllers/Prekursor.php(123): CodeIgniter\Debug\Exceptions->errorHandler()
#1 /home/hades/Documents/mutiara/apotek-widyaa/vendor/codeigniter4/framework/system/CodeIgniter.php(802): App\Controllers\Prekursor->simpandata()
#2 /home/hades/Documents/mutiara/apotek-widyaa/vendor/codeigniter4/framework/system/CodeIgniter.php(399): CodeIgniter\CodeIgniter->runController()
#3 /home/hades/Documents/mutiara/apotek-widyaa/vendor/codeigniter4/framework/system/CodeIgniter.php(317): CodeIgniter\CodeIgniter->handleRequest()
#4 /home/hades/Documents/mutiara/apotek-widyaa/public/index.php(37): CodeIgniter\CodeIgniter->run()
#5 /home/hades/Documents/mutiara/apotek-widyaa/vendor/codeigniter4/framework/system/Commands/Server/rewrite.php(43): require_once('/home/hades/Doc...')
#6 {main}
CRITICAL - 2021-12-22 11:18:28 --> Array to string conversion
#0 [internal function]: CodeIgniter\Debug\Exceptions->errorHandler()
#1 /home/hades/Documents/mutiara/apotek-widyaa/vendor/codeigniter4/framework/system/Database/BaseBuilder.php(1629): implode()
#2 /home/hades/Documents/mutiara/apotek-widyaa/vendor/codeigniter4/framework/system/Database/BaseBuilder.php(1607): CodeIgniter\Database\BaseBuilder->_insertBatch()
#3 /home/hades/Documents/mutiara/apotek-widyaa/vendor/codeigniter4/framework/system/Model.php(272): CodeIgniter\Database\BaseBuilder->insertBatch()
#4 /home/hades/Documents/mutiara/apotek-widyaa/vendor/codeigniter4/framework/system/BaseModel.php(814): CodeIgniter\Model->doInsertBatch()
#5 /home/hades/Documents/mutiara/apotek-widyaa/app/Controllers/Prekursor.php(131): CodeIgniter\BaseModel->insertBatch()
#6 /home/hades/Documents/mutiara/apotek-widyaa/vendor/codeigniter4/framework/system/CodeIgniter.php(802): App\Controllers\Prekursor->simpandata()
#7 /home/hades/Documents/mutiara/apotek-widyaa/vendor/codeigniter4/framework/system/CodeIgniter.php(399): CodeIgniter\CodeIgniter->runController()
#8 /home/hades/Documents/mutiara/apotek-widyaa/vendor/codeigniter4/framework/system/CodeIgniter.php(317): CodeIgniter\CodeIgniter->handleRequest()
#9 /home/hades/Documents/mutiara/apotek-widyaa/public/index.php(37): CodeIgniter\CodeIgniter->run()
#10 /home/hades/Documents/mutiara/apotek-widyaa/vendor/codeigniter4/framework/system/Commands/Server/rewrite.php(43): require_once('/home/hades/Doc...')
#11 {main}
CRITICAL - 2021-12-22 11:18:50 --> Array to string conversion
#0 [internal function]: CodeIgniter\Debug\Exceptions->errorHandler()
#1 /home/hades/Documents/mutiara/apotek-widyaa/vendor/codeigniter4/framework/system/Database/BaseBuilder.php(1629): implode()
#2 /home/hades/Documents/mutiara/apotek-widyaa/vendor/codeigniter4/framework/system/Database/BaseBuilder.php(1607): CodeIgniter\Database\BaseBuilder->_insertBatch()
#3 /home/hades/Documents/mutiara/apotek-widyaa/vendor/codeigniter4/framework/system/Model.php(272): CodeIgniter\Database\BaseBuilder->insertBatch()
#4 /home/hades/Documents/mutiara/apotek-widyaa/vendor/codeigniter4/framework/system/BaseModel.php(814): CodeIgniter\Model->doInsertBatch()
#5 /home/hades/Documents/mutiara/apotek-widyaa/app/Controllers/Prekursor.php(131): CodeIgniter\BaseModel->insertBatch()
#6 /home/hades/Documents/mutiara/apotek-widyaa/vendor/codeigniter4/framework/system/CodeIgniter.php(802): App\Controllers\Prekursor->simpandata()
#7 /home/hades/Documents/mutiara/apotek-widyaa/vendor/codeigniter4/framework/system/CodeIgniter.php(399): CodeIgniter\CodeIgniter->runController()
#8 /home/hades/Documents/mutiara/apotek-widyaa/vendor/codeigniter4/framework/system/CodeIgniter.php(317): CodeIgniter\CodeIgniter->handleRequest()
#9 /home/hades/Documents/mutiara/apotek-widyaa/public/index.php(37): CodeIgniter\CodeIgniter->run()
#10 /home/hades/Documents/mutiara/apotek-widyaa/vendor/codeigniter4/framework/system/Commands/Server/rewrite.php(43): require_once('/home/hades/Doc...')
#11 {main}
ERROR - 2021-12-22 11:28:26 --> Cannot add or update a child row: a foreign key constraint fails (`apotek`.`tb_pesan`, CONSTRAINT `tb_pesan_ibfk_2` FOREIGN KEY (`id_distributor`) REFERENCES `tb_distributor` (`id_distributor`))
CRITICAL - 2021-12-22 11:28:26 --> Cannot add or update a child row: a foreign key constraint fails (`apotek`.`tb_pesan`, CONSTRAINT `tb_pesan_ibfk_2` FOREIGN KEY (`id_distributor`) REFERENCES `tb_distributor` (`id_distributor`))
#0 /home/hades/Documents/mutiara/apotek-widyaa/vendor/codeigniter4/framework/system/Database/MySQLi/Connection.php(280): mysqli->query()
#1 /home/hades/Documents/mutiara/apotek-widyaa/vendor/codeigniter4/framework/system/Database/BaseConnection.php(663): CodeIgniter\Database\MySQLi\Connection->execute()
#2 /home/hades/Documents/mutiara/apotek-widyaa/vendor/codeigniter4/framework/system/Database/BaseConnection.php(591): CodeIgniter\Database\BaseConnection->simpleQuery()
#3 /home/hades/Documents/mutiara/apotek-widyaa/vendor/codeigniter4/framework/system/Database/BaseBuilder.php(1612): CodeIgniter\Database\BaseConnection->query()
#4 /home/hades/Documents/mutiara/apotek-widyaa/vendor/codeigniter4/framework/system/Model.php(272): CodeIgniter\Database\BaseBuilder->insertBatch()
#5 /home/hades/Documents/mutiara/apotek-widyaa/vendor/codeigniter4/framework/system/BaseModel.php(814): CodeIgniter\Model->doInsertBatch()
#6 /home/hades/Documents/mutiara/apotek-widyaa/app/Controllers/Prekursor.php(131): CodeIgniter\BaseModel->insertBatch()
#7 /home/hades/Documents/mutiara/apotek-widyaa/vendor/codeigniter4/framework/system/CodeIgniter.php(802): App\Controllers\Prekursor->simpandata()
#8 /home/hades/Documents/mutiara/apotek-widyaa/vendor/codeigniter4/framework/system/CodeIgniter.php(399): CodeIgniter\CodeIgniter->runController()
#9 /home/hades/Documents/mutiara/apotek-widyaa/vendor/codeigniter4/framework/system/CodeIgniter.php(317): CodeIgniter\CodeIgniter->handleRequest()
#10 /home/hades/Documents/mutiara/apotek-widyaa/public/index.php(37): CodeIgniter\CodeIgniter->run()
#11 /home/hades/Documents/mutiara/apotek-widyaa/vendor/codeigniter4/framework/system/Commands/Server/rewrite.php(43): require_once('/home/hades/Doc...')
#12 {main}
CRITICAL - 2021-12-22 11:29:38 --> Illegal offset type
#0 /home/hades/Documents/mutiara/apotek-widyaa/app/Controllers/Prekursor.php(124): CodeIgniter\Debug\Exceptions->errorHandler()
#1 /home/hades/Documents/mutiara/apotek-widyaa/vendor/codeigniter4/framework/system/CodeIgniter.php(802): App\Controllers\Prekursor->simpandata()
#2 /home/hades/Documents/mutiara/apotek-widyaa/vendor/codeigniter4/framework/system/CodeIgniter.php(399): CodeIgniter\CodeIgniter->runController()
#3 /home/hades/Documents/mutiara/apotek-widyaa/vendor/codeigniter4/framework/system/CodeIgniter.php(317): CodeIgniter\CodeIgniter->handleRequest()
#4 /home/hades/Documents/mutiara/apotek-widyaa/public/index.php(37): CodeIgniter\CodeIgniter->run()
#5 /home/hades/Documents/mutiara/apotek-widyaa/vendor/codeigniter4/framework/system/Commands/Server/rewrite.php(43): require_once('/home/hades/Doc...')
#6 {main}
CRITICAL - 2021-12-22 11:31:43 --> count(): Parameter must be an array or an object that implements Countable
#0 [internal function]: CodeIgniter\Debug\Exceptions->errorHandler()
#1 /home/hades/Documents/mutiara/apotek-widyaa/app/Controllers/Prekursor.php(123): count()
#2 /home/hades/Documents/mutiara/apotek-widyaa/vendor/codeigniter4/framework/system/CodeIgniter.php(802): App\Controllers\Prekursor->simpandata()
#3 /home/hades/Documents/mutiara/apotek-widyaa/vendor/codeigniter4/framework/system/CodeIgniter.php(399): CodeIgniter\CodeIgniter->runController()
#4 /home/hades/Documents/mutiara/apotek-widyaa/vendor/codeigniter4/framework/system/CodeIgniter.php(317): CodeIgniter\CodeIgniter->handleRequest()
#5 /home/hades/Documents/mutiara/apotek-widyaa/public/index.php(37): CodeIgniter\CodeIgniter->run()
#6 /home/hades/Documents/mutiara/apotek-widyaa/vendor/codeigniter4/framework/system/Commands/Server/rewrite.php(43): require_once('/home/hades/Doc...')
#7 {main}
CRITICAL - 2021-12-22 11:34:31 --> syntax error, unexpected '$'
#0 /home/hades/Documents/mutiara/apotek-widyaa/vendor/codeigniter4/framework/system/Router/Router.php(160): CodeIgniter\Router\Router->autoRoute()
#1 /home/hades/Documents/mutiara/apotek-widyaa/vendor/codeigniter4/framework/system/CodeIgniter.php(702): CodeIgniter\Router\Router->handle()
#2 /home/hades/Documents/mutiara/apotek-widyaa/vendor/codeigniter4/framework/system/CodeIgniter.php(358): CodeIgniter\CodeIgniter->tryToRouteIt()
#3 /home/hades/Documents/mutiara/apotek-widyaa/vendor/codeigniter4/framework/system/CodeIgniter.php(317): CodeIgniter\CodeIgniter->handleRequest()
#4 /home/hades/Documents/mutiara/apotek-widyaa/public/index.php(37): CodeIgniter\CodeIgniter->run()
#5 /home/hades/Documents/mutiara/apotek-widyaa/vendor/codeigniter4/framework/system/Commands/Server/rewrite.php(43): require_once('/home/hades/Doc...')
#6 {main}
CRITICAL - 2021-12-22 11:35:20 --> Trying to access array offset on value of type int
#0 /home/hades/Documents/mutiara/apotek-widyaa/app/Controllers/Prekursor.php(124): CodeIgniter\Debug\Exceptions->errorHandler()
#1 /home/hades/Documents/mutiara/apotek-widyaa/vendor/codeigniter4/framework/system/CodeIgniter.php(802): App\Controllers\Prekursor->simpandata()
#2 /home/hades/Documents/mutiara/apotek-widyaa/vendor/codeigniter4/framework/system/CodeIgniter.php(399): CodeIgniter\CodeIgniter->runController()
#3 /home/hades/Documents/mutiara/apotek-widyaa/vendor/codeigniter4/framework/system/CodeIgniter.php(317): CodeIgniter\CodeIgniter->handleRequest()
#4 /home/hades/Documents/mutiara/apotek-widyaa/public/index.php(37): CodeIgniter\CodeIgniter->run()
#5 /home/hades/Documents/mutiara/apotek-widyaa/vendor/codeigniter4/framework/system/Commands/Server/rewrite.php(43): require_once('/home/hades/Doc...')
#6 {main}
CRITICAL - 2021-12-22 23:36:20 --> Undefined variable: id_obat
#0 /home/hades/Documents/mutiara/apotek-widyaa/app/Controllers/Masuk.php(101): CodeIgniter\Debug\Exceptions->errorHandler()
#1 /home/hades/Documents/mutiara/apotek-widyaa/vendor/codeigniter4/framework/system/CodeIgniter.php(802): App\Controllers\Masuk->create()
#2 /home/hades/Documents/mutiara/apotek-widyaa/vendor/codeigniter4/framework/system/CodeIgniter.php(399): CodeIgniter\CodeIgniter->runController()
#3 /home/hades/Documents/mutiara/apotek-widyaa/vendor/codeigniter4/framework/system/CodeIgniter.php(317): CodeIgniter\CodeIgniter->handleRequest()
#4 /home/hades/Documents/mutiara/apotek-widyaa/public/index.php(37): CodeIgniter\CodeIgniter->run()
#5 /home/hades/Documents/mutiara/apotek-widyaa/vendor/codeigniter4/framework/system/Commands/Server/rewrite.php(43): require_once('/home/hades/Doc...')
#6 {main}
CRITICAL - 2021-12-22 23:36:58 --> Undefined variable: id_obat
#0 /home/hades/Documents/mutiara/apotek-widyaa/app/Controllers/Masuk.php(101): CodeIgniter\Debug\Exceptions->errorHandler()
#1 /home/hades/Documents/mutiara/apotek-widyaa/vendor/codeigniter4/framework/system/CodeIgniter.php(802): App\Controllers\Masuk->create()
#2 /home/hades/Documents/mutiara/apotek-widyaa/vendor/codeigniter4/framework/system/CodeIgniter.php(399): CodeIgniter\CodeIgniter->runController()
#3 /home/hades/Documents/mutiara/apotek-widyaa/vendor/codeigniter4/framework/system/CodeIgniter.php(317): CodeIgniter\CodeIgniter->handleRequest()
#4 /home/hades/Documents/mutiara/apotek-widyaa/public/index.php(37): CodeIgniter\CodeIgniter->run()
#5 /home/hades/Documents/mutiara/apotek-widyaa/vendor/codeigniter4/framework/system/Commands/Server/rewrite.php(43): require_once('/home/hades/Doc...')
#6 {main}
CRITICAL - 2021-12-22 23:37:30 --> Undefined variable: id_obat
#0 /home/hades/Documents/mutiara/apotek-widyaa/app/Controllers/Masuk.php(95): CodeIgniter\Debug\Exceptions->errorHandler()
#1 /home/hades/Documents/mutiara/apotek-widyaa/vendor/codeigniter4/framework/system/CodeIgniter.php(802): App\Controllers\Masuk->create()
#2 /home/hades/Documents/mutiara/apotek-widyaa/vendor/codeigniter4/framework/system/CodeIgniter.php(399): CodeIgniter\CodeIgniter->runController()
#3 /home/hades/Documents/mutiara/apotek-widyaa/vendor/codeigniter4/framework/system/CodeIgniter.php(317): CodeIgniter\CodeIgniter->handleRequest()
#4 /home/hades/Documents/mutiara/apotek-widyaa/public/index.php(37): CodeIgniter\CodeIgniter->run()
#5 /home/hades/Documents/mutiara/apotek-widyaa/vendor/codeigniter4/framework/system/Commands/Server/rewrite.php(43): require_once('/home/hades/Doc...')
#6 {main}
CRITICAL - 2021-12-22 23:38:42 --> Undefined variable: id_user
#0 /home/hades/Documents/mutiara/apotek-widyaa/app/Controllers/Masuk.php(96): CodeIgniter\Debug\Exceptions->errorHandler()
#1 /home/hades/Documents/mutiara/apotek-widyaa/vendor/codeigniter4/framework/system/CodeIgniter.php(802): App\Controllers\Masuk->create()
#2 /home/hades/Documents/mutiara/apotek-widyaa/vendor/codeigniter4/framework/system/CodeIgniter.php(399): CodeIgniter\CodeIgniter->runController()
#3 /home/hades/Documents/mutiara/apotek-widyaa/vendor/codeigniter4/framework/system/CodeIgniter.php(317): CodeIgniter\CodeIgniter->handleRequest()
#4 /home/hades/Documents/mutiara/apotek-widyaa/public/index.php(37): CodeIgniter\CodeIgniter->run()
#5 /home/hades/Documents/mutiara/apotek-widyaa/vendor/codeigniter4/framework/system/Commands/Server/rewrite.php(43): require_once('/home/hades/Doc...')
#6 {main}
CRITICAL - 2021-12-22 23:40:02 --> There is no data to update.
#0 /home/hades/Documents/mutiara/apotek-widyaa/vendor/codeigniter4/framework/system/BaseModel.php(1570): CodeIgniter\Database\Exceptions\DataException::forEmptyDataset()
#1 /home/hades/Documents/mutiara/apotek-widyaa/vendor/codeigniter4/framework/system/BaseModel.php(832): CodeIgniter\BaseModel->transformDataToArray()
#2 /home/hades/Documents/mutiara/apotek-widyaa/vendor/codeigniter4/framework/system/Model.php(646): CodeIgniter\BaseModel->update()
#3 /home/hades/Documents/mutiara/apotek-widyaa/app/Controllers/Masuk.php(117): CodeIgniter\Model->update()
#4 /home/hades/Documents/mutiara/apotek-widyaa/vendor/codeigniter4/framework/system/CodeIgniter.php(802): App\Controllers\Masuk->create()
#5 /home/hades/Documents/mutiara/apotek-widyaa/vendor/codeigniter4/framework/system/CodeIgniter.php(399): CodeIgniter\CodeIgniter->runController()
#6 /home/hades/Documents/mutiara/apotek-widyaa/vendor/codeigniter4/framework/system/CodeIgniter.php(317): CodeIgniter\CodeIgniter->handleRequest()
#7 /home/hades/Documents/mutiara/apotek-widyaa/public/index.php(37): CodeIgniter\CodeIgniter->run()
#8 /home/hades/Documents/mutiara/apotek-widyaa/vendor/codeigniter4/framework/system/Commands/Server/rewrite.php(43): require_once('/home/hades/Doc...')
#9 {main}
ERROR - 2021-12-22 23:55:23 --> The user specified as a definer ('root'@'$') does not exist
CRITICAL - 2021-12-22 23:55:23 --> The user specified as a definer ('root'@'$') does not exist
#0 /home/hades/Documents/mutiara/apotek-widyaa/vendor/codeigniter4/framework/system/Database/MySQLi/Connection.php(280): mysqli->query()
#1 /home/hades/Documents/mutiara/apotek-widyaa/vendor/codeigniter4/framework/system/Database/BaseConnection.php(663): CodeIgniter\Database\MySQLi\Connection->execute()
#2 /home/hades/Documents/mutiara/apotek-widyaa/vendor/codeigniter4/framework/system/Database/BaseConnection.php(591): CodeIgniter\Database\BaseConnection->simpleQuery()
#3 /home/hades/Documents/mutiara/apotek-widyaa/vendor/codeigniter4/framework/system/Database/BaseBuilder.php(1733): CodeIgniter\Database\BaseConnection->query()
#4 /home/hades/Documents/mutiara/apotek-widyaa/vendor/codeigniter4/framework/system/Model.php(239): CodeIgniter\Database\BaseBuilder->insert()
#5 /home/hades/Documents/mutiara/apotek-widyaa/vendor/codeigniter4/framework/system/BaseModel.php(738): CodeIgniter\Model->doInsert()
#6 /home/hades/Documents/mutiara/apotek-widyaa/vendor/codeigniter4/framework/system/Model.php(620): CodeIgniter\BaseModel->insert()
#7 /home/hades/Documents/mutiara/apotek-widyaa/app/Controllers/Masuk.php(110): CodeIgniter\Model->insert()
#8 /home/hades/Documents/mutiara/apotek-widyaa/vendor/codeigniter4/framework/system/CodeIgniter.php(802): App\Controllers\Masuk->create()
#9 /home/hades/Documents/mutiara/apotek-widyaa/vendor/codeigniter4/framework/system/CodeIgniter.php(399): CodeIgniter\CodeIgniter->runController()
#10 /home/hades/Documents/mutiara/apotek-widyaa/vendor/codeigniter4/framework/system/CodeIgniter.php(317): CodeIgniter\CodeIgniter->handleRequest()
#11 /home/hades/Documents/mutiara/apotek-widyaa/public/index.php(37): CodeIgniter\CodeIgniter->run()
#12 /home/hades/Documents/mutiara/apotek-widyaa/vendor/codeigniter4/framework/system/Commands/Server/rewrite.php(43): require_once('/home/hades/Doc...')
#13 {main}
ERROR - 2021-12-22 23:55:53 --> The user specified as a definer ('root'@'%') does not exist
CRITICAL - 2021-12-22 23:55:53 --> The user specified as a definer ('root'@'%') does not exist
#0 /home/hades/Documents/mutiara/apotek-widyaa/vendor/codeigniter4/framework/system/Database/MySQLi/Connection.php(280): mysqli->query()
#1 /home/hades/Documents/mutiara/apotek-widyaa/vendor/codeigniter4/framework/system/Database/BaseConnection.php(663): CodeIgniter\Database\MySQLi\Connection->execute()
#2 /home/hades/Documents/mutiara/apotek-widyaa/vendor/codeigniter4/framework/system/Database/BaseConnection.php(591): CodeIgniter\Database\BaseConnection->simpleQuery()
#3 /home/hades/Documents/mutiara/apotek-widyaa/vendor/codeigniter4/framework/system/Database/BaseBuilder.php(1733): CodeIgniter\Database\BaseConnection->query()
#4 /home/hades/Documents/mutiara/apotek-widyaa/vendor/codeigniter4/framework/system/Model.php(239): CodeIgniter\Database\BaseBuilder->insert()
#5 /home/hades/Documents/mutiara/apotek-widyaa/vendor/codeigniter4/framework/system/BaseModel.php(738): CodeIgniter\Model->doInsert()
#6 /home/hades/Documents/mutiara/apotek-widyaa/vendor/codeigniter4/framework/system/Model.php(620): CodeIgniter\BaseModel->insert()
#7 /home/hades/Documents/mutiara/apotek-widyaa/app/Controllers/Masuk.php(110): CodeIgniter\Model->insert()
#8 /home/hades/Documents/mutiara/apotek-widyaa/vendor/codeigniter4/framework/system/CodeIgniter.php(802): App\Controllers\Masuk->create()
#9 /home/hades/Documents/mutiara/apotek-widyaa/vendor/codeigniter4/framework/system/CodeIgniter.php(399): CodeIgniter\CodeIgniter->runController()
#10 /home/hades/Documents/mutiara/apotek-widyaa/vendor/codeigniter4/framework/system/CodeIgniter.php(317): CodeIgniter\CodeIgniter->handleRequest()
#11 /home/hades/Documents/mutiara/apotek-widyaa/public/index.php(37): CodeIgniter\CodeIgniter->run()
#12 /home/hades/Documents/mutiara/apotek-widyaa/vendor/codeigniter4/framework/system/Commands/Server/rewrite.php(43): require_once('/home/hades/Doc...')
#13 {main}
